 
****************************************
Report : timing
        -path end
        -delay max
        -max_paths 10000
        -sort_by slack
Design : ibex_top
Version: O-2018.06-SP5-1
Date   : Wed Apr  3 16:58:00 2024
****************************************

 # A fanout number of 1000 was used for high fanout net computations.

Operating Conditions: tt_1p2v_25c   Library: scx3_cmos8rf_lpvt_tt_1p2v_25c
Wire Load Model Mode: top

Endpoint                         Path Delay     Path Required     Slack
------------------------------------------------------------------------
instr_addr_o[28] (out)              6.91 f            9.89         2.98
instr_addr_o[27] (out)              6.71 f            9.89         3.18
instr_addr_o[25] (out)              6.63 f            9.89         3.26
instr_addr_o[16] (out)              6.58 f            9.89         3.31
instr_addr_o[19] (out)              6.53 f            9.89         3.36
instr_addr_o[20] (out)              6.52 f            9.89         3.37
instr_addr_o[14] (out)              6.51 f            9.89         3.38
instr_addr_o[9] (out)               6.51 f            9.89         3.38
instr_addr_o[8] (out)               6.51 f            9.89         3.38
instr_addr_o[30] (out)              6.51 f            9.89         3.38
instr_addr_o[22] (out)              6.49 f            9.89         3.40
instr_addr_o[12] (out)              6.49 f            9.89         3.40
instr_addr_o[23] (out)              6.46 f            9.89         3.43
instr_addr_o[11] (out)              6.44 f            9.89         3.45
instr_addr_o[26] (out)              6.41 f            9.89         3.48
instr_addr_o[18] (out)              6.36 f            9.89         3.53
instr_addr_o[21] (out)              6.35 f            9.89         3.54
instr_addr_o[15] (out)              6.34 f            9.89         3.55
instr_addr_o[24] (out)              6.34 f            9.89         3.55
instr_addr_o[13] (out)              6.33 f            9.89         3.56
instr_addr_o[10] (out)              6.33 f            9.89         3.56
instr_addr_o[29] (out)              6.29 f            9.89         3.60
instr_addr_o[31] (out)              6.23 f            9.89         3.66
instr_addr_o[5] (out)               6.15 f            9.89         3.74
instr_addr_o[17] (out)              6.10 f            9.89         3.79
instr_addr_o[2] (out)               6.04 f            9.89         3.85
instr_addr_o[3] (out)               5.94 f            9.89         3.95
instr_addr_o[6] (out)               5.89 f            9.89         4.00
instr_addr_o[4] (out)               5.74 f            9.89         4.15
instr_addr_o[7] (out)               5.73 f            9.89         4.16
data_addr_o[23] (out)               5.51 r            9.89         4.38
data_addr_o[24] (out)               5.45 r            9.89         4.44
data_addr_o[30] (out)               5.38 r            9.89         4.51
data_addr_o[26] (out)               5.37 f            9.89         4.52
data_addr_o[27] (out)               5.36 f            9.89         4.53
data_addr_o[25] (out)               5.33 r            9.89         4.56
data_wdata_o[9] (out)               5.32 f            9.89         4.57
data_wdata_o[3] (out)               5.32 f            9.89         4.57
data_wdata_o[2] (out)               5.32 f            9.89         4.57
data_wdata_o[4] (out)               5.32 f            9.89         4.57
data_wdata_o[5] (out)               5.32 f            9.89         4.57
data_wdata_o[15] (out)              5.32 f            9.89         4.57
data_wdata_o[13] (out)              5.32 f            9.89         4.57
data_wdata_o[8] (out)               5.32 f            9.89         4.57
data_wdata_o[6] (out)               5.32 f            9.89         4.57
data_wdata_o[7] (out)               5.32 f            9.89         4.57
data_wdata_o[11] (out)              5.32 f            9.89         4.57
data_wdata_o[12] (out)              5.32 f            9.89         4.57
data_wdata_o[10] (out)              5.32 f            9.89         4.57
data_wdata_o[0] (out)               5.32 f            9.89         4.57
data_wdata_o[14] (out)              5.32 f            9.89         4.57
data_wdata_o[1] (out)               5.32 f            9.89         4.57
data_wdata_o[31] (out)              5.30 f            9.89         4.59
data_wdata_o[28] (out)              5.30 f            9.89         4.59
data_wdata_o[30] (out)              5.30 f            9.89         4.59
data_wdata_o[24] (out)              5.30 f            9.89         4.59
data_wdata_o[29] (out)              5.30 f            9.89         4.59
data_wdata_o[26] (out)              5.30 f            9.89         4.59
data_wdata_o[25] (out)              5.30 f            9.89         4.59
data_wdata_o[27] (out)              5.30 f            9.89         4.59
data_addr_o[28] (out)               5.27 f            9.89         4.62
data_wdata_o[22] (out)              5.25 r            9.89         4.64
data_wdata_o[16] (out)              5.25 r            9.89         4.64
data_wdata_o[17] (out)              5.25 r            9.89         4.64
data_wdata_o[23] (out)              5.25 r            9.89         4.64
data_wdata_o[20] (out)              5.25 r            9.89         4.64
data_wdata_o[21] (out)              5.25 r            9.89         4.64
data_wdata_o[19] (out)              5.25 r            9.89         4.64
data_wdata_o[18] (out)              5.25 r            9.89         4.64
data_addr_o[31] (out)               5.23 f            9.89         4.66
data_addr_o[15] (out)               5.22 r            9.89         4.67
data_addr_o[16] (out)               5.21 r            9.89         4.68
data_addr_o[21] (out)               5.20 f            9.89         4.69
data_addr_o[19] (out)               5.19 f            9.89         4.70
data_be_o[3] (out)                  5.18 f            9.89         4.71
data_addr_o[20] (out)               5.15 r            9.89         4.74
data_be_o[0] (out)                  5.14 r            9.89         4.75
data_addr_o[22] (out)               5.13 f            9.89         4.76
data_addr_o[18] (out)               5.10 r            9.89         4.79
data_addr_o[12] (out)               5.05 f            9.89         4.84
data_addr_o[29] (out)               5.05 r            9.89         4.84
data_addr_o[10] (out)               5.04 f            9.89         4.85
data_addr_o[17] (out)               5.04 r            9.89         4.85
data_addr_o[11] (out)               5.01 r            9.89         4.88
data_addr_o[9] (out)                4.97 r            9.89         4.92
data_be_o[1] (out)                  4.92 r            9.89         4.97
data_be_o[2] (out)                  4.89 f            9.89         5.00
data_addr_o[13] (out)               4.86 f            9.89         5.03
data_addr_o[8] (out)                4.76 r            9.89         5.13
data_addr_o[14] (out)               4.73 r            9.89         5.16
data_addr_o[7] (out)                4.65 r            9.89         5.24
data_addr_o[6] (out)                4.47 f            9.89         5.42
instr_req_o (out)                   4.47 f            9.89         5.42
data_addr_o[3] (out)                4.45 r            9.89         5.44
data_addr_o[4] (out)                4.40 r            9.89         5.49
data_addr_o[2] (out)                4.39 f            9.89         5.50
data_addr_o[5] (out)                4.36 r            9.89         5.53
double_fault_seen_o (out)           4.16 r            9.89         5.73
data_req_o (out)                    3.39 r            9.89         6.50
data_we_o (out)                     3.23 r            9.89         6.66
core_sleep_o (out)                  2.97 r            9.89         6.92
crash_dump_o[97] (out)              0.99 f            9.89         8.90
crash_dump_o[89] (out)              0.84 r            9.89         9.05
crash_dump_o[63] (out)              0.82 f            9.89         9.07
crash_dump_o[49] (out)              0.82 f            9.89         9.07
crash_dump_o[48] (out)              0.82 f            9.89         9.07
crash_dump_o[47] (out)              0.82 f            9.89         9.07
crash_dump_o[46] (out)              0.82 f            9.89         9.07
crash_dump_o[45] (out)              0.82 f            9.89         9.07
crash_dump_o[42] (out)              0.82 f            9.89         9.07
crash_dump_o[41] (out)              0.82 f            9.89         9.07
crash_dump_o[40] (out)              0.82 f            9.89         9.07
crash_dump_o[35] (out)              0.82 f            9.89         9.07
crash_dump_o[33] (out)              0.82 f            9.89         9.07
crash_dump_o[52] (out)              0.82 f            9.89         9.07
crash_dump_o[62] (out)              0.82 f            9.89         9.07
crash_dump_o[61] (out)              0.82 f            9.89         9.07
crash_dump_o[57] (out)              0.82 f            9.89         9.07
crash_dump_o[55] (out)              0.82 f            9.89         9.07
crash_dump_o[51] (out)              0.82 f            9.89         9.07
crash_dump_o[39] (out)              0.82 f            9.89         9.07
crash_dump_o[37] (out)              0.82 f            9.89         9.07
crash_dump_o[34] (out)              0.82 f            9.89         9.07
crash_dump_o[44] (out)              0.82 f            9.89         9.07
crash_dump_o[38] (out)              0.81 f            9.89         9.08
crash_dump_o[36] (out)              0.81 f            9.89         9.08
crash_dump_o[53] (out)              0.81 f            9.89         9.08
crash_dump_o[43] (out)              0.81 f            9.89         9.08
crash_dump_o[95] (out)              0.80 f            9.89         9.09
crash_dump_o[9] (out)               0.80 f            9.89         9.09
crash_dump_o[8] (out)               0.80 f            9.89         9.09
crash_dump_o[7] (out)               0.80 f            9.89         9.09
crash_dump_o[5] (out)               0.80 f            9.89         9.09
crash_dump_o[3] (out)               0.80 f            9.89         9.09
crash_dump_o[2] (out)               0.80 f            9.89         9.09
crash_dump_o[113] (out)             0.80 f            9.89         9.09
crash_dump_o[59] (out)              0.80 f            9.89         9.09
crash_dump_o[58] (out)              0.80 f            9.89         9.09
crash_dump_o[56] (out)              0.80 f            9.89         9.09
crash_dump_o[54] (out)              0.80 f            9.89         9.09
crash_dump_o[50] (out)              0.80 f            9.89         9.09
crash_dump_o[1] (out)               0.80 f            9.89         9.09
crash_dump_o[30] (out)              0.80 f            9.89         9.09
crash_dump_o[21] (out)              0.80 f            9.89         9.09
crash_dump_o[20] (out)              0.80 f            9.89         9.09
crash_dump_o[17] (out)              0.80 f            9.89         9.09
crash_dump_o[14] (out)              0.80 f            9.89         9.09
crash_dump_o[11] (out)              0.80 f            9.89         9.09
crash_dump_o[10] (out)              0.80 f            9.89         9.09
crash_dump_o[15] (out)              0.80 f            9.89         9.09
crash_dump_o[13] (out)              0.80 f            9.89         9.09
crash_dump_o[31] (out)              0.80 f            9.89         9.09
crash_dump_o[16] (out)              0.80 f            9.89         9.09
crash_dump_o[90] (out)              0.80 f            9.89         9.09
crash_dump_o[87] (out)              0.80 f            9.89         9.09
crash_dump_o[83] (out)              0.80 f            9.89         9.09
crash_dump_o[82] (out)              0.80 f            9.89         9.09
crash_dump_o[81] (out)              0.80 f            9.89         9.09
crash_dump_o[80] (out)              0.80 f            9.89         9.09
crash_dump_o[94] (out)              0.80 f            9.89         9.09
crash_dump_o[93] (out)              0.80 f            9.89         9.09
crash_dump_o[92] (out)              0.80 f            9.89         9.09
crash_dump_o[91] (out)              0.80 f            9.89         9.09
crash_dump_o[88] (out)              0.80 f            9.89         9.09
crash_dump_o[86] (out)              0.80 f            9.89         9.09
crash_dump_o[85] (out)              0.80 f            9.89         9.09
crash_dump_o[84] (out)              0.80 f            9.89         9.09
crash_dump_o[64] (out)              0.80 f            9.89         9.09
crash_dump_o[6] (out)               0.80 f            9.89         9.09
crash_dump_o[0] (out)               0.80 f            9.89         9.09
crash_dump_o[79] (out)              0.80 f            9.89         9.09
crash_dump_o[78] (out)              0.80 f            9.89         9.09
crash_dump_o[77] (out)              0.80 f            9.89         9.09
crash_dump_o[76] (out)              0.80 f            9.89         9.09
crash_dump_o[75] (out)              0.80 f            9.89         9.09
crash_dump_o[74] (out)              0.80 f            9.89         9.09
crash_dump_o[73] (out)              0.80 f            9.89         9.09
crash_dump_o[72] (out)              0.80 f            9.89         9.09
crash_dump_o[71] (out)              0.80 f            9.89         9.09
crash_dump_o[70] (out)              0.80 f            9.89         9.09
crash_dump_o[69] (out)              0.80 f            9.89         9.09
crash_dump_o[29] (out)              0.80 f            9.89         9.09
crash_dump_o[28] (out)              0.80 f            9.89         9.09
crash_dump_o[27] (out)              0.80 f            9.89         9.09
crash_dump_o[26] (out)              0.80 f            9.89         9.09
crash_dump_o[25] (out)              0.80 f            9.89         9.09
crash_dump_o[24] (out)              0.80 f            9.89         9.09
crash_dump_o[23] (out)              0.80 f            9.89         9.09
crash_dump_o[22] (out)              0.80 f            9.89         9.09
crash_dump_o[19] (out)              0.80 f            9.89         9.09
crash_dump_o[18] (out)              0.80 f            9.89         9.09
crash_dump_o[12] (out)              0.80 f            9.89         9.09
crash_dump_o[60] (out)              0.80 f            9.89         9.09
crash_dump_o[65] (out)              0.80 f            9.89         9.09
crash_dump_o[4] (out)               0.79 f            9.89         9.10
crash_dump_o[68] (out)              0.79 f            9.89         9.10
crash_dump_o[67] (out)              0.79 f            9.89         9.10
crash_dump_o[66] (out)              0.79 f            9.89         9.10
crash_dump_o[158] (out)             0.77 f            9.89         9.12
crash_dump_o[145] (out)             0.77 f            9.89         9.12
crash_dump_o[140] (out)             0.77 f            9.89         9.12
crash_dump_o[134] (out)             0.77 f            9.89         9.12
crash_dump_o[135] (out)             0.77 f            9.89         9.12
crash_dump_o[157] (out)             0.77 f            9.89         9.12
crash_dump_o[152] (out)             0.77 f            9.89         9.12
crash_dump_o[151] (out)             0.77 f            9.89         9.12
crash_dump_o[150] (out)             0.77 f            9.89         9.12
crash_dump_o[149] (out)             0.77 f            9.89         9.12
crash_dump_o[147] (out)             0.77 f            9.89         9.12
crash_dump_o[153] (out)             0.77 f            9.89         9.12
crash_dump_o[155] (out)             0.77 f            9.89         9.12
crash_dump_o[139] (out)             0.77 f            9.89         9.12
crash_dump_o[159] (out)             0.77 f            9.89         9.12
crash_dump_o[143] (out)             0.77 f            9.89         9.12
crash_dump_o[142] (out)             0.77 f            9.89         9.12
crash_dump_o[141] (out)             0.77 f            9.89         9.12
crash_dump_o[138] (out)             0.77 f            9.89         9.12
crash_dump_o[137] (out)             0.77 f            9.89         9.12
crash_dump_o[136] (out)             0.77 f            9.89         9.12
crash_dump_o[133] (out)             0.77 f            9.89         9.12
crash_dump_o[144] (out)             0.77 f            9.89         9.12
crash_dump_o[154] (out)             0.77 f            9.89         9.12
crash_dump_o[146] (out)             0.77 f            9.89         9.12
crash_dump_o[156] (out)             0.77 f            9.89         9.12
crash_dump_o[129] (out)             0.77 f            9.89         9.12
crash_dump_o[148] (out)             0.77 f            9.89         9.12
crash_dump_o[107] (out)             0.76 f            9.89         9.13
crash_dump_o[131] (out)             0.76 f            9.89         9.13
crash_dump_o[103] (out)             0.76 f            9.89         9.13
crash_dump_o[112] (out)             0.76 f            9.89         9.13
crash_dump_o[102] (out)             0.76 f            9.89         9.13
crash_dump_o[99] (out)              0.76 f            9.89         9.13
crash_dump_o[111] (out)             0.76 f            9.89         9.13
crash_dump_o[105] (out)             0.76 f            9.89         9.13
crash_dump_o[104] (out)             0.76 f            9.89         9.13
crash_dump_o[101] (out)             0.76 f            9.89         9.13
crash_dump_o[100] (out)             0.76 f            9.89         9.13
crash_dump_o[98] (out)              0.76 f            9.89         9.13
crash_dump_o[132] (out)             0.76 f            9.89         9.13
crash_dump_o[130] (out)             0.76 f            9.89         9.13
crash_dump_o[115] (out)             0.76 f            9.89         9.13
crash_dump_o[126] (out)             0.76 f            9.89         9.13
crash_dump_o[108] (out)             0.76 f            9.89         9.13
crash_dump_o[127] (out)             0.76 f            9.89         9.13
crash_dump_o[110] (out)             0.76 f            9.89         9.13
crash_dump_o[109] (out)             0.76 f            9.89         9.13
crash_dump_o[106] (out)             0.76 f            9.89         9.13
crash_dump_o[116] (out)             0.76 f            9.89         9.13
crash_dump_o[125] (out)             0.76 f            9.89         9.13
crash_dump_o[124] (out)             0.76 f            9.89         9.13
crash_dump_o[122] (out)             0.76 f            9.89         9.13
crash_dump_o[114] (out)             0.76 f            9.89         9.13
crash_dump_o[117] (out)             0.45 r            9.89         9.44
crash_dump_o[121] (out)             0.45 r            9.89         9.44
crash_dump_o[120] (out)             0.44 r            9.89         9.45
crash_dump_o[119] (out)             0.44 r            9.89         9.45
crash_dump_o[123] (out)             0.44 r            9.89         9.45
crash_dump_o[118] (out)             0.44 r            9.89         9.45

1
