###############################################################
#  Generated by:      Cadence Innovus 21.16-s078_1
#  OS:                Linux x86_64(Host ID cadpc24)
#  Generated on:      Tue May  7 00:00:42 2024
#  Design:            ibex_top
###############################################################

SHORT: Regular Wire of Net u_ibex_core/cs_registers_i/FE_OFN4501_n334 & Regular Wire of Net u_ibex_core/cs_registers_i/FE_OFN4512_n335  ( M3 )
Bounds : ( 473.700, 84.900 ) ( 473.900, 85.100 )


SHORT: Regular Wire of Net u_ibex_core/cs_registers_i/FE_OFN4455_n304 & Regular Wire of Net u_ibex_core/cs_registers_i/FE_OFN5042_csr_addr_8  ( M3 )
Bounds : ( 475.700, 90.100 ) ( 475.900, 90.300 )


SHORT: Regular Wire of Net u_ibex_core/cs_registers_i/FE_OFN820_FE_DBTN7_csr_wdata_int_17 & Regular Wire of Net u_ibex_core/cs_registers_i/FE_OFN4512_n335  ( M3 )
Bounds : ( 473.700, 85.700 ) ( 473.900, 85.900 )


SHORT: Regular Wire of Net u_ibex_core/cs_registers_i/n361 & Regular Wire of Net u_ibex_core/cs_registers_i/FE_OFN4512_n335  ( M3 )
Bounds : ( 472.500, 83.300 ) ( 472.700, 83.500 )


SHORT: Regular Wire of Net u_ibex_core/cs_registers_i/n364 & Regular Wire of Net clk  ( M3 )
Bounds : ( 470.900, 89.700 ) ( 471.100, 89.900 )


SHORT: Regular Wire of Net u_ibex_core/cs_registers_i/n504 & Regular Wire of Net u_ibex_core/cs_registers_i/FE_OFN4545_n751  ( M3 )
Bounds : ( 469.300, 88.500 ) ( 469.500, 88.700 )


SHORT: Regular Wire of Net u_ibex_core/cs_registers_i/dcsr_q[20] & Regular Wire of Net u_ibex_core/cs_registers_i/FE_OFN4522_n384  ( M3 )
Bounds : ( 450.100, 98.500 ) ( 450.300, 98.700 )


SHORT: Regular Wire of Net u_ibex_core/cs_registers_i/minstret_raw[46] & Regular Wire of Net clk  ( M3 )
Bounds : ( 471.700, 88.900 ) ( 471.900, 89.100 )



Begin Summary ...
  Cells       : 0
  SameNet     : 0
  Wiring      : 0
  Antenna     : 0
  Short       : 8
  Overlap     : 0
End Summary

  Total Violations : 8 Viols.
