###############################################################
#  Generated by:      Cadence Innovus 21.16-s078_1
#  OS:                Linux x86_64(Host ID cadpc24)
#  Generated on:      Thu Apr 11 01:46:21 2024
#  Design:            ibex_top
#  Command:           reportCritNet -outfile ibex_top.critnet.rpt
###############################################################
u_ibex_core/FE_OCPN6350_alu_operand_b_ex_10
u_ibex_core/ex_block_i/alu_i/FE_OFN11005_alu_operand_b_ex_4
u_ibex_core/ex_block_i/alu_i/FE_RN_1037_0
u_ibex_core/cs_registers_i/FE_RN_1007_0
u_ibex_core/id_stage_i/controller_i/FE_RN_1006_0
u_ibex_core/ex_block_i/alu_i/FE_RN_959_0
u_ibex_core/FE_OFN6211_FE_RN_548_0
gen_regfile_ff_register_file_i/FE_OCPN6205_FE_OFN4895_rf_raddr_b_1
FE_OFN6187_irq_fast_i_5
u_ibex_core/ex_block_i/alu_i/FE_RN_931_0
u_ibex_core/cs_registers_i/FE_RN_3
u_ibex_core/ex_block_i/gen_multdiv_fast_multdiv_i/FE_RN_46
gen_regfile_ff_register_file_i/FE_RN_875_0
u_ibex_core/FE_OFN6125_rf_rdata_b_ecc_0
u_ibex_core/cs_registers_i/FE_OFN6091_n174
gen_regfile_ff_register_file_i/FE_RN_869_0
u_ibex_core/cs_registers_i/FE_RN_846_0
u_ibex_core/id_stage_i/decoder_i/FE_RN_838_0
u_ibex_core/FE_OCPN10149_alu_adder_result_ex_27
u_ibex_core/cs_registers_i/minstret_counter_i/FE_RN_1
gen_regfile_ff_register_file_i/FE_OCPN5823_n1761
gen_regfile_ff_register_file_i/FE_OCPN5802_n
gen_regfile_ff_register_file_i/FE_OCPN5783_FE_OFN2696_n1022
gen_regfile_ff_register_file_i/FE_RN_602_0
gen_regfile_ff_register_file_i/FE_RN_601_0
u_ibex_core/FE_OCPN8913_FE_OFN4813_rf_rdata_b_ecc_2
u_ibex_core/ex_block_i/gen_multdiv_fast_multdiv_i/FE_RN_513_0
u_ibex_core/ex_block_i/gen_multdiv_fast_multdiv_i/FE_RN_415_0
u_ibex_core/id_stage_i/FE_OFN8386_rf_wdata_sel
u_ibex_core/id_stage_i/FE_OFN8385_rf_wdata_sel
u_ibex_core/id_stage_i/FE_OFN8380_rf_wdata_sel
u_ibex_core/cs_registers_i/u_mtval_csr/clk_gate_rdata_q_reg/FE_OFN5666_mtval_en
u_ibex_core/id_stage_i/FE_OFN8364_rf_wdata_sel
u_ibex_core/ex_block_i/FE_OCPN5571_data_addr_o_31
gen_regfile_ff_register_file_i/FE_OCPN5499_n1761
u_ibex_core/cs_registers_i/mcycle_counter_i/FE_OCPN5488_FE_OFN3737_mhpmcounterh_we_0
u_ibex_core/id_stage_i/FE_RN_214_0
gen_regfile_ff_register_file_i/FE_OCPN5398_FE_OFN2320_n1873
gen_regfile_ff_register_file_i/FE_OCPN5372_FE_OFN2320_n1873
gen_regfile_ff_register_file_i/FE_RN_174_0
gen_regfile_ff_register_file_i/FE_OCPN5333_n556
gen_regfile_ff_register_file_i/FE_OCPN5332_n556
gen_regfile_ff_register_file_i/FE_OCPN5296_n1761
u_ibex_core/id_stage_i/FE_OCPN5255_n
u_ibex_core/id_stage_i/FE_RN_27
u_ibex_core/id_stage_i/FE_RN_26
u_ibex_core/id_stage_i/decoder_i/FE_RN_11
u_ibex_core/cs_registers_i/minstret_counter_i/FE_OCPN5116_FE_OFN3829_mhpmcounterh_we_2
gen_regfile_ff_register_file_i/FE_OCPN5061_n1662
gen_regfile_ff_register_file_i/FE_RN_1
u_ibex_core/id_stage_i/FE_OCPN5007_FE_DBTN142_instr_rdata_alu_id_6
u_ibex_core/id_stage_i/FE_OCPN5006_FE_DBTN142_instr_rdata_alu_id_6
u_ibex_core/id_stage_i/FE_OCPN5005_FE_DBTN142_instr_rdata_alu_id_6
u_ibex_core/id_stage_i/FE_OCPN5004_FE_DBTN142_instr_rdata_alu_id_6
u_ibex_core/cs_registers_i/mcycle_counter_i/FE_OCPN4986_FE_OFN3732_mhpmcounterh_we_0
u_ibex_core/ex_block_i/alu_i/FE_RN_24_0
u_ibex_core/id_stage_i/FE_RN_20_0
u_ibex_core/ex_block_i/alu_i/FE_RN_11_0
FE_OFN6115_irq_fast_i_5
gen_regfile_ff_register_file_i/FE_OFN4895_rf_raddr_b_1
u_ibex_core/cs_registers_i/FE_OFN4817_n
u_ibex_core/FE_OFN4813_rf_rdata_b_ecc_2
u_ibex_core/cs_registers_i/FE_OFN4740_illegal_csr_insn_id
u_ibex_core/cs_registers_i/FE_OFN4729_csr_rdata_2
u_ibex_core/if_stage_i/gen_prefetch_buffer_prefetch_buffer_i/fifo_i/FE_OFN4537_n209
u_ibex_core/if_stage_i/gen_prefetch_buffer_prefetch_buffer_i/fifo_i/FE_OFN4536_n209
u_ibex_core/FE_OFN4426_n210
u_ibex_core/cs_registers_i/FE_OFN4137_FE_DBTN30_n751
u_ibex_core/cs_registers_i/FE_OFN4135_FE_DBTN30_n751
gen_regfile_ff_register_file_i/FE_OFN4088_rf_wdata_wb_ecc_4
gen_regfile_ff_register_file_i/FE_OFN4086_rf_wdata_wb_ecc_4
gen_regfile_ff_register_file_i/FE_OFN4084_rf_wdata_wb_ecc_4
gen_regfile_ff_register_file_i/FE_OFN4082_rf_wdata_wb_ecc_4
gen_regfile_ff_register_file_i/FE_OFN4080_rf_wdata_wb_ecc_4
u_ibex_core/cs_registers_i/FE_OFN3917_n872
u_ibex_core/cs_registers_i/FE_OFN3916_n872
u_ibex_core/cs_registers_i/FE_OFN3878_n332
u_ibex_core/cs_registers_i/FE_OFN3877_n332
u_ibex_core/cs_registers_i/FE_OFN3874_n332
u_ibex_core/cs_registers_i/FE_OFN3871_n332
u_ibex_core/cs_registers_i/FE_OFN3869_n332
u_ibex_core/cs_registers_i/minstret_counter_i/FE_OFN3833_mhpmcounterh_we_2
u_ibex_core/cs_registers_i/minstret_counter_i/FE_OFN3829_mhpmcounterh_we_2
u_ibex_core/cs_registers_i/minstret_counter_i/FE_OFN3823_mhpmcounterh_we_2
u_ibex_core/cs_registers_i/FE_OFN3772_n309
u_ibex_core/cs_registers_i/FE_OFN3771_n309
u_ibex_core/cs_registers_i/FE_OFN3770_n309
u_ibex_core/cs_registers_i/FE_OFN3768_n309
u_ibex_core/cs_registers_i/FE_OFN3767_n309
u_ibex_core/cs_registers_i/FE_OFN3766_n309
u_ibex_core/cs_registers_i/FE_OFN3765_n309
u_ibex_core/ex_block_i/alu_i/FE_OFN3703_n745
u_ibex_core/ex_block_i/alu_i/FE_OFN3701_n745
u_ibex_core/ex_block_i/alu_i/FE_OFN3700_n745
u_ibex_core/cs_registers_i/FE_OFN3691_n205
u_ibex_core/ex_block_i/alu_i/FE_OFN3688_n855
u_ibex_core/ex_block_i/alu_i/FE_OFN3647_alu_operand_b_ex_0
u_ibex_core/FE_OFN3646_alu_operand_b_ex_0
u_ibex_core/cs_registers_i/FE_OFN3642_n13
u_ibex_core/cs_registers_i/FE_OFN3639_n12
u_ibex_core/ex_block_i/gen_multdiv_fast_multdiv_i/FE_OFN3609_n961
u_ibex_core/ex_block_i/gen_multdiv_fast_multdiv_i/FE_OFN3608_n961
u_ibex_core/cs_registers_i/FE_OFN3331_n1067
gen_regfile_ff_register_file_i/FE_OFN2909_rf_wdata_wb_ecc_2
gen_regfile_ff_register_file_i/FE_OFN2908_rf_wdata_wb_ecc_2
gen_regfile_ff_register_file_i/FE_OFN2907_rf_wdata_wb_ecc_2
gen_regfile_ff_register_file_i/FE_OFN2905_rf_wdata_wb_ecc_2
gen_regfile_ff_register_file_i/FE_OFN2904_rf_wdata_wb_ecc_2
gen_regfile_ff_register_file_i/FE_OFN2899_rf_wdata_wb_ecc_24
gen_regfile_ff_register_file_i/FE_OFN2896_rf_wdata_wb_ecc_24
gen_regfile_ff_register_file_i/FE_OFN2895_rf_wdata_wb_ecc_24
gen_regfile_ff_register_file_i/FE_OFN2893_rf_wdata_wb_ecc_24
u_ibex_core/if_stage_i/gen_prefetch_buffer_prefetch_buffer_i/FE_OFN2777_FE_DBTN152_pc_set
u_ibex_core/if_stage_i/gen_prefetch_buffer_prefetch_buffer_i/FE_OFN2774_FE_DBTN152_pc_set
u_ibex_core/if_stage_i/gen_prefetch_buffer_prefetch_buffer_i/FE_OFN2771_FE_DBTN152_pc_set
u_ibex_core/if_stage_i/gen_prefetch_buffer_prefetch_buffer_i/FE_OFN2768_FE_DBTN152_pc_set
u_ibex_core/if_stage_i/gen_prefetch_buffer_prefetch_buffer_i/FE_OFN2765_FE_DBTN152_pc_set
gen_regfile_ff_register_file_i/FE_OFN2718_n1199
gen_regfile_ff_register_file_i/FE_OFN2717_n1199
gen_regfile_ff_register_file_i/FE_OFN2712_n1199
gen_regfile_ff_register_file_i/FE_OFN2701_n1022
u_ibex_core/if_stage_i/gen_prefetch_buffer_prefetch_buffer_i/FE_OFN2478_pc_set
u_ibex_core/if_stage_i/FE_OFN2476_pc_set
FE_OFN2445_core_sleep_o
u_ibex_core/id_stage_i/decoder_i/FE_OFN1957_illegal_insn_dec
u_ibex_core/FE_OFN1916_csr_access
u_ibex_core/FE_OFN1915_csr_access
u_ibex_core/FE_OFN1913_csr_access
gen_regfile_ff_register_file_i/FE_OFN1755_n556
gen_regfile_ff_register_file_i/FE_OFN1753_n556
u_ibex_core/FE_OFN1594_irqs_5
u_ibex_core/cs_registers_i/FE_OFN1572_FE_DBTN14_n744
u_ibex_core/cs_registers_i/FE_OFN1570_FE_DBTN14_n744
u_ibex_core/cs_registers_i/FE_OFN1568_FE_DBTN14_n744
u_ibex_core/cs_registers_i/FE_OFN1566_FE_DBTN14_n744
u_ibex_core/cs_registers_i/FE_OFN1564_FE_DBTN14_n744
u_ibex_core/cs_registers_i/FE_OFN1563_FE_DBTN14_n744
u_ibex_core/cs_registers_i/FE_OFN1561_FE_DBTN14_n744
u_ibex_core/ex_block_i/alu_i/FE_OFN1484_FE_DBTN117_n478
u_ibex_core/ex_block_i/alu_i/FE_OFN1482_FE_DBTN117_n478
u_ibex_core/ex_block_i/alu_i/FE_OFN1481_FE_DBTN117_n478
u_ibex_core/cs_registers_i/FE_OFN1378_n892
u_ibex_core/cs_registers_i/FE_OFN1373_n744
u_ibex_core/cs_registers_i/FE_OFN1372_n744
u_ibex_core/cs_registers_i/FE_OFN1371_n744
u_ibex_core/cs_registers_i/FE_OFN1369_n744
u_ibex_core/cs_registers_i/FE_OFN1367_n744
u_ibex_core/cs_registers_i/FE_OFN1366_n744
u_ibex_core/id_stage_i/FE_OFN1269_rf_wdata_sel
u_ibex_core/id_stage_i/FE_OFN1268_rf_wdata_sel
u_ibex_core/FE_OFN1196_instr_rdata_alu_id_14
u_ibex_core/wb_stage_i/FE_OFN1172_rf_we_id
u_ibex_core/wb_stage_i/FE_OFN1170_rf_we_id
u_ibex_core/wb_stage_i/FE_OFN1168_rf_we_id
u_ibex_core/wb_stage_i/FE_OFN1166_rf_we_id
u_ibex_core/if_stage_i/gen_prefetch_buffer_prefetch_buffer_i/FE_DBTN152_pc_set
u_ibex_core/FE_DBTN142_instr_rdata_alu_id_6
u_ibex_core/cs_registers_i/FE_DBTN30_n751
u_ibex_core/cs_registers_i/FE_DBTN14_n744
irq_fast_i[5]
core_sleep_o
irq_pending
rf_we_wb
n114
rf_rdata_b_ecc[10]
rf_rdata_b_ecc[4]
rf_rdata_b_ecc[2]
rf_rdata_b_ecc[0]
rf_raddr_b[1]
rf_wdata_wb_ecc[24]
rf_wdata_wb_ecc[4]
rf_wdata_wb_ecc[2]
core_clock_gate_i/N1
u_ibex_core/pc_set
u_ibex_core/id_in_ready
u_ibex_core/branch_decision
u_ibex_core/csr_access
u_ibex_core/csr_op_en
u_ibex_core/csr_save_cause
u_ibex_core/illegal_csr_insn_id
u_ibex_core/rf_we_id
u_ibex_core/en_wb
u_ibex_core/perf_jump
u_ibex_core/n12
u_ibex_core/n13
u_ibex_core/instr_rdata_id[21]
u_ibex_core/alu_operand_b_ex[10]
u_ibex_core/alu_operand_b_ex[4]
u_ibex_core/alu_operand_b_ex[0]
u_ibex_core/lsu_wdata[4]
u_ibex_core/irqs[5]
u_ibex_core/result_ex[24]
u_ibex_core/result_ex[4]
u_ibex_core/csr_rdata[26]
u_ibex_core/csr_rdata[2]
u_ibex_core/rf_wdata_id[24]
u_ibex_core/rf_wdata_id[4]
u_ibex_core/rf_wdata_id[2]
u_ibex_core/csr_addr[0]
u_ibex_core/if_stage_i/n106
u_ibex_core/if_stage_i/gen_prefetch_buffer_prefetch_buffer_i/n54
u_ibex_core/if_stage_i/gen_prefetch_buffer_prefetch_buffer_i/n95
u_ibex_core/if_stage_i/gen_prefetch_buffer_prefetch_buffer_i/n136
u_ibex_core/if_stage_i/gen_prefetch_buffer_prefetch_buffer_i/n206
u_ibex_core/if_stage_i/gen_prefetch_buffer_prefetch_buffer_i/n286
u_ibex_core/if_stage_i/gen_prefetch_buffer_prefetch_buffer_i/fifo_i/n69
u_ibex_core/if_stage_i/gen_prefetch_buffer_prefetch_buffer_i/fifo_i/n224
u_ibex_core/if_stage_i/gen_prefetch_buffer_prefetch_buffer_i/fifo_i/n189
u_ibex_core/if_stage_i/gen_prefetch_buffer_prefetch_buffer_i/fifo_i/n190
u_ibex_core/if_stage_i/gen_prefetch_buffer_prefetch_buffer_i/fifo_i/n206
u_ibex_core/if_stage_i/gen_prefetch_buffer_prefetch_buffer_i/fifo_i/n209
u_ibex_core/if_stage_i/gen_prefetch_buffer_prefetch_buffer_i/fifo_i/n211
u_ibex_core/if_stage_i/gen_prefetch_buffer_prefetch_buffer_i/fifo_i/n419
u_ibex_core/id_stage_i/rf_wdata_sel
u_ibex_core/id_stage_i/div_en_dec
u_ibex_core/id_stage_i/csr_pipe_flush
u_ibex_core/id_stage_i/jump_set
u_ibex_core/id_stage_i/n199
u_ibex_core/id_stage_i/n38
u_ibex_core/id_stage_i/n74
u_ibex_core/id_stage_i/n116
u_ibex_core/id_stage_i/n204
u_ibex_core/id_stage_i/n205
u_ibex_core/id_stage_i/n207
u_ibex_core/id_stage_i/n243
u_ibex_core/id_stage_i/n245
u_ibex_core/id_stage_i/decoder_i/n456
u_ibex_core/id_stage_i/decoder_i/n113
u_ibex_core/id_stage_i/decoder_i/n139
u_ibex_core/id_stage_i/decoder_i/n145
u_ibex_core/id_stage_i/decoder_i/n148
u_ibex_core/id_stage_i/decoder_i/n150
u_ibex_core/id_stage_i/decoder_i/n162
u_ibex_core/id_stage_i/controller_i/n337
u_ibex_core/id_stage_i/controller_i/n32
u_ibex_core/id_stage_i/controller_i/n199
u_ibex_core/id_stage_i/controller_i/n200
u_ibex_core/id_stage_i/controller_i/n202
u_ibex_core/id_stage_i/controller_i/n207
u_ibex_core/id_stage_i/controller_i/n221
u_ibex_core/id_stage_i/controller_i/n232
u_ibex_core/ex_block_i/alu_is_equal_result
u_ibex_core/ex_block_i/n13
u_ibex_core/ex_block_i/multdiv_result[24]
u_ibex_core/ex_block_i/alu_result[4]
u_ibex_core/ex_block_i/alu_adder_result_ext[28]
u_ibex_core/ex_block_i/alu_i/n244
u_ibex_core/ex_block_i/alu_i/n250
u_ibex_core/ex_block_i/alu_i/n257
u_ibex_core/ex_block_i/alu_i/n379
u_ibex_core/ex_block_i/alu_i/n420
u_ibex_core/ex_block_i/alu_i/n430
u_ibex_core/ex_block_i/alu_i/n478
u_ibex_core/ex_block_i/alu_i/n602
u_ibex_core/ex_block_i/alu_i/n644
u_ibex_core/ex_block_i/alu_i/n646
u_ibex_core/ex_block_i/alu_i/n655
u_ibex_core/ex_block_i/alu_i/n658
u_ibex_core/ex_block_i/alu_i/n667
u_ibex_core/ex_block_i/alu_i/n676
u_ibex_core/ex_block_i/alu_i/n684
u_ibex_core/ex_block_i/alu_i/n718
u_ibex_core/ex_block_i/alu_i/n745
u_ibex_core/ex_block_i/alu_i/n855
u_ibex_core/ex_block_i/alu_i/n1052
u_ibex_core/ex_block_i/alu_i/n1054
u_ibex_core/ex_block_i/alu_i/n1071
u_ibex_core/ex_block_i/alu_i/n1178
u_ibex_core/ex_block_i/alu_i/n1190
u_ibex_core/ex_block_i/alu_i/n1247
u_ibex_core/ex_block_i/gen_multdiv_fast_multdiv_i/mult_220_n618
u_ibex_core/ex_block_i/gen_multdiv_fast_multdiv_i/mult_220_n498
u_ibex_core/ex_block_i/gen_multdiv_fast_multdiv_i/mult_220_n486
u_ibex_core/ex_block_i/gen_multdiv_fast_multdiv_i/n398
u_ibex_core/ex_block_i/gen_multdiv_fast_multdiv_i/n402
u_ibex_core/ex_block_i/gen_multdiv_fast_multdiv_i/n442
u_ibex_core/ex_block_i/gen_multdiv_fast_multdiv_i/n454
u_ibex_core/ex_block_i/gen_multdiv_fast_multdiv_i/n459
u_ibex_core/ex_block_i/gen_multdiv_fast_multdiv_i/n464
u_ibex_core/ex_block_i/gen_multdiv_fast_multdiv_i/n468
u_ibex_core/ex_block_i/gen_multdiv_fast_multdiv_i/n473
u_ibex_core/ex_block_i/gen_multdiv_fast_multdiv_i/n597
u_ibex_core/ex_block_i/gen_multdiv_fast_multdiv_i/n872
u_ibex_core/ex_block_i/gen_multdiv_fast_multdiv_i/n961
u_ibex_core/ex_block_i/gen_multdiv_fast_multdiv_i/n1555
u_ibex_core/ex_block_i/gen_multdiv_fast_multdiv_i/n1568
u_ibex_core/ex_block_i/gen_multdiv_fast_multdiv_i/n1605
u_ibex_core/ex_block_i/gen_multdiv_fast_multdiv_i/n1743
u_ibex_core/wb_stage_i/n3
u_ibex_core/cs_registers_i/mie_en
u_ibex_core/cs_registers_i/mscratch_en
u_ibex_core/cs_registers_i/mepc_en
u_ibex_core/cs_registers_i/mcause_en
u_ibex_core/cs_registers_i/mtval_en
u_ibex_core/cs_registers_i/mtvec_en
u_ibex_core/cs_registers_i/dcsr_en
u_ibex_core/cs_registers_i/depc_en
u_ibex_core/cs_registers_i/dscratch0_en
u_ibex_core/cs_registers_i/dscratch1_en
u_ibex_core/cs_registers_i/mhpmcounter_we_2_
u_ibex_core/cs_registers_i/mhpmcounter_we_0
u_ibex_core/cs_registers_i/mhpmcounterh_we_2_
u_ibex_core/cs_registers_i/mhpmcounterh_we_0
u_ibex_core/cs_registers_i/n1071
u_ibex_core/cs_registers_i/n171
u_ibex_core/cs_registers_i/n172
u_ibex_core/cs_registers_i/n174
u_ibex_core/cs_registers_i/n191
u_ibex_core/cs_registers_i/n205
u_ibex_core/cs_registers_i/n206
u_ibex_core/cs_registers_i/n208
u_ibex_core/cs_registers_i/n210
u_ibex_core/cs_registers_i/n219
u_ibex_core/cs_registers_i/n223
u_ibex_core/cs_registers_i/n226
u_ibex_core/cs_registers_i/n227
u_ibex_core/cs_registers_i/n272
u_ibex_core/cs_registers_i/n274
u_ibex_core/cs_registers_i/n277
u_ibex_core/cs_registers_i/n309
u_ibex_core/cs_registers_i/n332
u_ibex_core/cs_registers_i/n336
u_ibex_core/cs_registers_i/n337
u_ibex_core/cs_registers_i/n587
u_ibex_core/cs_registers_i/n589
u_ibex_core/cs_registers_i/n744
u_ibex_core/cs_registers_i/n751
u_ibex_core/cs_registers_i/n832
u_ibex_core/cs_registers_i/n835
u_ibex_core/cs_registers_i/n837
u_ibex_core/cs_registers_i/n838
u_ibex_core/cs_registers_i/n839
u_ibex_core/cs_registers_i/n840
u_ibex_core/cs_registers_i/n857
u_ibex_core/cs_registers_i/n859
u_ibex_core/cs_registers_i/n872
u_ibex_core/cs_registers_i/n875
u_ibex_core/cs_registers_i/n892
u_ibex_core/cs_registers_i/n1067
u_ibex_core/cs_registers_i/mtval_d[26]
u_ibex_core/cs_registers_i/mcycle_counter_i/n17
u_ibex_core/cs_registers_i/mcycle_counter_i/n294
u_ibex_core/cs_registers_i/mcycle_counter_i/n329
u_ibex_core/cs_registers_i/minstret_counter_i/n110
u_ibex_core/cs_registers_i/minstret_counter_i/n170
u_ibex_core/cs_registers_i/minstret_counter_i/n238
gen_regfile_ff_register_file_i/n164
gen_regfile_ff_register_file_i/n170
gen_regfile_ff_register_file_i/n172
gen_regfile_ff_register_file_i/n174
gen_regfile_ff_register_file_i/n698
gen_regfile_ff_register_file_i/n1576
gen_regfile_ff_register_file_i/n1578
gen_regfile_ff_register_file_i/n1580
gen_regfile_ff_register_file_i/n1582
gen_regfile_ff_register_file_i/n1584
gen_regfile_ff_register_file_i/n1587
gen_regfile_ff_register_file_i/n1590
gen_regfile_ff_register_file_i/n1592
gen_regfile_ff_register_file_i/n1594
gen_regfile_ff_register_file_i/n1596
gen_regfile_ff_register_file_i/n1599
gen_regfile_ff_register_file_i/n1601
gen_regfile_ff_register_file_i/n1603
gen_regfile_ff_register_file_i/n1605
gen_regfile_ff_register_file_i/n1607
gen_regfile_ff_register_file_i/n1610
gen_regfile_ff_register_file_i/n1612
gen_regfile_ff_register_file_i/n1614
gen_regfile_ff_register_file_i/n1616
gen_regfile_ff_register_file_i/n1619
gen_regfile_ff_register_file_i/n1621
gen_regfile_ff_register_file_i/n1623
gen_regfile_ff_register_file_i/n1625
gen_regfile_ff_register_file_i/n1627
gen_regfile_ff_register_file_i/n1629
gen_regfile_ff_register_file_i/n1632
gen_regfile_ff_register_file_i/n542
gen_regfile_ff_register_file_i/n556
gen_regfile_ff_register_file_i/n560
gen_regfile_ff_register_file_i/n563
gen_regfile_ff_register_file_i/n918
gen_regfile_ff_register_file_i/n928
gen_regfile_ff_register_file_i/n940
gen_regfile_ff_register_file_i/n947
gen_regfile_ff_register_file_i/n948
gen_regfile_ff_register_file_i/n949
gen_regfile_ff_register_file_i/n950
gen_regfile_ff_register_file_i/n951
gen_regfile_ff_register_file_i/n953
gen_regfile_ff_register_file_i/n955
gen_regfile_ff_register_file_i/n956
gen_regfile_ff_register_file_i/n958
gen_regfile_ff_register_file_i/n1018
gen_regfile_ff_register_file_i/n1028
gen_regfile_ff_register_file_i/n1032
gen_regfile_ff_register_file_i/n1043
gen_regfile_ff_register_file_i/n1056
gen_regfile_ff_register_file_i/n1097
gen_regfile_ff_register_file_i/n1102
gen_regfile_ff_register_file_i/n1105
gen_regfile_ff_register_file_i/n1662
gen_regfile_ff_register_file_i/n1761
gen_regfile_ff_register_file_i/n1873
