###############################################################
#  Generated by:      Cadence Innovus 21.16-s078_1
#  OS:                Linux x86_64(Host ID cadpc02)
#  Generated on:      Tue May  7 01:53:05 2024
#  Design:            ibex_system
#  Command:           verifyConnectivity -type all
###############################################################
Verify Connectivity Report is created on Tue May  7 01:53:05 2024



Net VDD, Pin Pin: u_ibex_top/VDD; Direction: INOUT; Use: POWER;: has an unconnected terminal at (58.400, 58.120) (796.400, 58.680)
Net VDD, Pin Pin: u_sram/VDD; Direction: INOUT; Use: POWER;: has an unconnected terminal at (644.320, 794.260) (645.500, 795.460)
Net VDD, Pin Pin: u_sram/VDD; Direction: INOUT; Use: POWER;: has an unconnected terminal at (644.320, 1048.460) (645.500, 1049.660)
Net VDD, Pin Pin: u_sram/VDD; Direction: INOUT; Use: POWER;: has an unconnected terminal at (644.960, 795.680) (645.500, 796.240)
Net VDD, Pin Pin: u_sram/VDD; Direction: INOUT; Use: POWER;: has an unconnected terminal at (644.960, 802.880) (645.500, 803.440)
Net VDD, Pin Pin: u_sram/VDD; Direction: INOUT; Use: POWER;: has an unconnected terminal at (644.960, 810.080) (645.500, 810.640)
Net VDD, Pin Pin: u_sram/VDD; Direction: INOUT; Use: POWER;: has an unconnected terminal at (644.960, 817.280) (645.500, 817.840)
Net VDD, Pin Pin: u_sram/VDD; Direction: INOUT; Use: POWER;: has an unconnected terminal at (644.960, 824.480) (645.500, 825.040)
Net VDD, Pin Pin: u_sram/VDD; Direction: INOUT; Use: POWER;: has an unconnected terminal at (644.960, 831.680) (645.500, 832.240)
Net VDD, Pin Pin: u_sram/VDD; Direction: INOUT; Use: POWER;: has an unconnected terminal at (644.960, 838.880) (645.500, 839.440)
Net VDD, Pin Pin: u_sram/VDD; Direction: INOUT; Use: POWER;: has an unconnected terminal at (644.960, 846.080) (645.500, 846.640)
Net VDD, Pin Pin: u_sram/VDD; Direction: INOUT; Use: POWER;: has an unconnected terminal at (644.960, 853.280) (645.500, 853.840)
Net VDD, Pin Pin: u_sram/VDD; Direction: INOUT; Use: POWER;: has an unconnected terminal at (644.960, 860.480) (645.500, 861.040)
Net VDD, Pin Pin: u_sram/VDD; Direction: INOUT; Use: POWER;: has an unconnected terminal at (644.960, 867.680) (645.500, 868.240)
Net VDD, Pin Pin: u_sram/VDD; Direction: INOUT; Use: POWER;: has an unconnected terminal at (644.960, 874.880) (645.500, 875.440)
Net VDD, Pin Pin: u_sram/VDD; Direction: INOUT; Use: POWER;: has an unconnected terminal at (644.960, 882.080) (645.500, 882.640)
Net VDD, Pin Pin: u_sram/VDD; Direction: INOUT; Use: POWER;: has an unconnected terminal at (644.960, 889.280) (645.500, 889.840)
Net VDD, Pin Pin: u_sram/VDD; Direction: INOUT; Use: POWER;: has an unconnected terminal at (644.960, 896.480) (645.500, 897.040)
Net VDD, Pin Pin: u_sram/VDD; Direction: INOUT; Use: POWER;: has an unconnected terminal at (644.960, 903.680) (645.500, 904.240)
Net VDD, Pin Pin: u_sram/VDD; Direction: INOUT; Use: POWER;: has an unconnected terminal at (644.960, 910.880) (645.500, 911.440)
Net VDD, Pin Pin: u_sram/VDD; Direction: INOUT; Use: POWER;: has an unconnected terminal at (644.960, 918.080) (645.500, 918.640)
Net VDD, Pin Pin: u_sram/VDD; Direction: INOUT; Use: POWER;: has an unconnected terminal at (644.960, 925.280) (645.500, 925.840)
Net VDD, Pin Pin: u_sram/VDD; Direction: INOUT; Use: POWER;: has an unconnected terminal at (644.960, 932.480) (645.500, 933.040)
Net VDD, Pin Pin: u_sram/VDD; Direction: INOUT; Use: POWER;: has an unconnected terminal at (644.960, 939.680) (645.500, 940.240)
Net VDD, Pin Pin: u_sram/VDD; Direction: INOUT; Use: POWER;: has an unconnected terminal at (644.960, 946.880) (645.500, 947.440)
Net VDD, Pin Pin: u_sram/VDD; Direction: INOUT; Use: POWER;: has an unconnected terminal at (644.960, 954.080) (645.500, 954.640)
Net VDD, Pin Pin: u_sram/VDD; Direction: INOUT; Use: POWER;: has an unconnected terminal at (644.960, 961.280) (645.500, 961.840)
Net VDD, Pin Pin: u_sram/VDD; Direction: INOUT; Use: POWER;: has an unconnected terminal at (644.960, 968.480) (645.500, 969.040)
Net VDD, Pin Pin: u_sram/VDD; Direction: INOUT; Use: POWER;: has an unconnected terminal at (644.960, 975.680) (645.500, 976.240)
Net VDD, Pin Pin: u_sram/VDD; Direction: INOUT; Use: POWER;: has an unconnected terminal at (644.960, 982.880) (645.500, 983.440)
Net VDD, Pin Pin: u_sram/VDD; Direction: INOUT; Use: POWER;: has an unconnected terminal at (644.960, 990.080) (645.500, 990.640)
Net VDD, Pin Pin: u_sram/VDD; Direction: INOUT; Use: POWER;: has an unconnected terminal at (644.960, 997.280) (645.500, 997.840)
Net VDD, Pin Pin: u_sram/VDD; Direction: INOUT; Use: POWER;: has an unconnected terminal at (644.960, 1004.480) (645.500, 1005.040)
Net VDD, Pin Pin: u_sram/VDD; Direction: INOUT; Use: POWER;: has an unconnected terminal at (644.960, 1011.680) (645.500, 1012.240)
Net VDD, Pin Pin: u_sram/VDD; Direction: INOUT; Use: POWER;: has an unconnected terminal at (644.960, 1018.880) (645.500, 1019.440)
Net VDD, Pin Pin: u_sram/VDD; Direction: INOUT; Use: POWER;: has an unconnected terminal at (644.960, 1026.080) (645.500, 1026.640)
Net VDD, Pin Pin: u_sram/VDD; Direction: INOUT; Use: POWER;: has an unconnected terminal at (644.960, 1033.280) (645.500, 1033.840)
Net VDD, Pin Pin: u_sram/VDD; Direction: INOUT; Use: POWER;: has an unconnected terminal at (644.960, 1040.480) (645.500, 1041.040)
Net VDD, Pin Pin: u_sram/VDD; Direction: INOUT; Use: POWER;: has an unconnected terminal at (644.960, 1047.680) (645.500, 1048.240)
Net VDD, Pin Pin: u_sram/VDD; Direction: INOUT; Use: POWER;: has an unconnected terminal at (262.040, 781.480) (262.580, 782.040)
Net VDD, Pin Pin: u_sram/VDD; Direction: INOUT; Use: POWER;: has an unconnected terminal at (262.040, 786.950) (262.580, 787.510)
Net VDD, Pin Pin: u_sram/VDD; Direction: INOUT; Use: POWER;: has an unconnected terminal at (262.040, 793.450) (262.580, 794.010)
Net VDD, Pin Pin: u_sram/VDD; Direction: INOUT; Use: POWER;: has an unconnected terminal at (262.040, 1047.250) (262.580, 1047.810)
Net VDD: has special routes with opens at (3.000, 3.000) (900.000, 1098.000)
Net VDD: dangling Wire at (796.000, 48.320) (796.000, 48.320) on layer: MQ
Net VDD: dangling Wire at (790.000, 48.320) (790.000, 48.320) on layer: MQ
Net VDD: dangling Wire at (784.000, 48.320) (784.000, 48.320) on layer: MQ
Net VDD: dangling Wire at (778.000, 48.320) (778.000, 48.320) on layer: MQ
Net VDD: dangling Wire at (772.000, 48.320) (772.000, 48.320) on layer: MQ
Net VDD: dangling Wire at (766.000, 48.320) (766.000, 48.320) on layer: MQ
Net VDD: dangling Wire at (760.000, 48.320) (760.000, 48.320) on layer: MQ
Net VDD: dangling Wire at (754.000, 48.320) (754.000, 48.320) on layer: MQ
Net VDD: dangling Wire at (748.000, 48.320) (748.000, 48.320) on layer: MQ
Net VDD: dangling Wire at (742.000, 48.320) (742.000, 48.320) on layer: MQ
Net VDD: dangling Wire at (736.000, 48.320) (736.000, 48.320) on layer: MQ
Net VDD: dangling Wire at (730.000, 48.320) (730.000, 48.320) on layer: MQ
Net VDD: dangling Wire at (724.000, 48.320) (724.000, 48.320) on layer: MQ
Net VDD: dangling Wire at (718.000, 48.320) (718.000, 48.320) on layer: MQ
Net VDD: dangling Wire at (712.000, 48.320) (712.000, 48.320) on layer: MQ
Net VDD: dangling Wire at (706.000, 48.320) (706.000, 48.320) on layer: MQ
Net VDD: dangling Wire at (700.000, 48.320) (700.000, 48.320) on layer: MQ
Net VDD: dangling Wire at (694.000, 48.320) (694.000, 48.320) on layer: MQ
Net VDD: dangling Wire at (688.000, 48.320) (688.000, 48.320) on layer: MQ
Net VDD: dangling Wire at (682.000, 48.320) (682.000, 48.320) on layer: MQ
Net VDD: dangling Wire at (676.000, 48.320) (676.000, 48.320) on layer: MQ
Net VDD: dangling Wire at (670.000, 48.320) (670.000, 48.320) on layer: MQ
Net VDD: dangling Wire at (664.000, 48.320) (664.000, 48.320) on layer: MQ
Net VDD: dangling Wire at (658.000, 48.320) (658.000, 48.320) on layer: MQ
Net VDD: dangling Wire at (652.000, 48.320) (652.000, 48.320) on layer: MQ
Net VDD: dangling Wire at (646.000, 48.320) (646.000, 48.320) on layer: MQ
Net VDD: dangling Wire at (640.000, 48.320) (640.000, 48.320) on layer: MQ
Net VDD: dangling Wire at (634.000, 48.320) (634.000, 48.320) on layer: MQ
Net VDD: dangling Wire at (628.000, 48.320) (628.000, 48.320) on layer: MQ
Net VDD: dangling Wire at (622.000, 48.320) (622.000, 48.320) on layer: MQ
Net VDD: dangling Wire at (616.000, 48.320) (616.000, 48.320) on layer: MQ
Net VDD: dangling Wire at (610.000, 48.320) (610.000, 48.320) on layer: MQ
Net VDD: dangling Wire at (604.000, 48.320) (604.000, 48.320) on layer: MQ
Net VDD: dangling Wire at (598.000, 48.320) (598.000, 48.320) on layer: MQ
Net VDD: dangling Wire at (592.000, 48.320) (592.000, 48.320) on layer: MQ
Net VDD: dangling Wire at (586.000, 48.320) (586.000, 48.320) on layer: MQ
Net VDD: dangling Wire at (580.000, 48.320) (580.000, 48.320) on layer: MQ
Net VDD: dangling Wire at (574.000, 48.320) (574.000, 48.320) on layer: MQ
Net VDD: dangling Wire at (568.000, 48.320) (568.000, 48.320) on layer: MQ
Net VDD: dangling Wire at (562.000, 48.320) (562.000, 48.320) on layer: MQ
Net VDD: dangling Wire at (556.000, 48.320) (556.000, 48.320) on layer: MQ
Net VDD: dangling Wire at (550.000, 48.320) (550.000, 48.320) on layer: MQ
Net VDD: dangling Wire at (544.000, 48.320) (544.000, 48.320) on layer: MQ
Net VDD: dangling Wire at (538.000, 48.320) (538.000, 48.320) on layer: MQ
Net VDD: dangling Wire at (532.000, 48.320) (532.000, 48.320) on layer: MQ
Net VDD: dangling Wire at (526.000, 48.320) (526.000, 48.320) on layer: MQ
Net VDD: dangling Wire at (520.000, 48.320) (520.000, 48.320) on layer: MQ
Net VDD: dangling Wire at (514.000, 48.320) (514.000, 48.320) on layer: MQ
Net VDD: dangling Wire at (508.000, 48.320) (508.000, 48.320) on layer: MQ
Net VDD: dangling Wire at (502.000, 48.320) (502.000, 48.320) on layer: MQ
Net VDD: dangling Wire at (496.000, 48.320) (496.000, 48.320) on layer: MQ
Net VDD: dangling Wire at (490.000, 48.320) (490.000, 48.320) on layer: MQ
Net VDD: dangling Wire at (484.000, 48.320) (484.000, 48.320) on layer: MQ
Net VDD: dangling Wire at (478.000, 48.320) (478.000, 48.320) on layer: MQ
Net VDD: dangling Wire at (472.000, 48.320) (472.000, 48.320) on layer: MQ
Net VDD: dangling Wire at (466.000, 48.320) (466.000, 48.320) on layer: MQ
Net VDD: dangling Wire at (460.000, 48.320) (460.000, 48.320) on layer: MQ
Net VDD: dangling Wire at (454.000, 48.320) (454.000, 48.320) on layer: MQ
Net VDD: dangling Wire at (448.000, 48.320) (448.000, 48.320) on layer: MQ
Net VDD: dangling Wire at (442.000, 48.320) (442.000, 48.320) on layer: MQ
Net VDD: dangling Wire at (436.000, 48.320) (436.000, 48.320) on layer: MQ
Net VDD: dangling Wire at (430.000, 48.320) (430.000, 48.320) on layer: MQ
Net VDD: dangling Wire at (424.000, 48.320) (424.000, 48.320) on layer: MQ
Net VDD: dangling Wire at (418.000, 48.320) (418.000, 48.320) on layer: MQ
Net VDD: dangling Wire at (412.000, 48.320) (412.000, 48.320) on layer: MQ
Net VDD: dangling Wire at (406.000, 48.320) (406.000, 48.320) on layer: MQ
Net VDD: dangling Wire at (400.000, 48.320) (400.000, 48.320) on layer: MQ
Net VDD: dangling Wire at (394.000, 48.320) (394.000, 48.320) on layer: MQ
Net VDD: dangling Wire at (388.000, 48.320) (388.000, 48.320) on layer: MQ
Net VDD: dangling Wire at (382.000, 48.320) (382.000, 48.320) on layer: MQ
Net VDD: dangling Wire at (376.000, 48.320) (376.000, 48.320) on layer: MQ
Net VDD: dangling Wire at (370.000, 48.320) (370.000, 48.320) on layer: MQ
Net VDD: dangling Wire at (364.000, 48.320) (364.000, 48.320) on layer: MQ
Net VDD: dangling Wire at (358.000, 48.320) (358.000, 48.320) on layer: MQ
Net VDD: dangling Wire at (352.000, 48.320) (352.000, 48.320) on layer: MQ
Net VDD: dangling Wire at (346.000, 48.320) (346.000, 48.320) on layer: MQ
Net VDD: dangling Wire at (340.000, 48.320) (340.000, 48.320) on layer: MQ
Net VDD: dangling Wire at (334.000, 48.320) (334.000, 48.320) on layer: MQ
Net VDD: dangling Wire at (328.000, 48.320) (328.000, 48.320) on layer: MQ
Net VDD: dangling Wire at (322.000, 48.320) (322.000, 48.320) on layer: MQ
Net VDD: dangling Wire at (316.000, 48.320) (316.000, 48.320) on layer: MQ
Net VDD: dangling Wire at (310.000, 48.320) (310.000, 48.320) on layer: MQ
Net VDD: dangling Wire at (304.000, 48.320) (304.000, 48.320) on layer: MQ
Net VDD: dangling Wire at (298.000, 48.320) (298.000, 48.320) on layer: MQ
Net VDD: dangling Wire at (292.000, 48.320) (292.000, 48.320) on layer: MQ
Net VDD: dangling Wire at (286.000, 48.320) (286.000, 48.320) on layer: MQ
Net VDD: dangling Wire at (280.000, 48.320) (280.000, 48.320) on layer: MQ
Net VDD: dangling Wire at (274.000, 48.320) (274.000, 48.320) on layer: MQ
Net VDD: dangling Wire at (268.000, 48.320) (268.000, 48.320) on layer: MQ
Net VDD: dangling Wire at (262.000, 48.320) (262.000, 48.320) on layer: MQ
Net VDD: dangling Wire at (256.000, 48.320) (256.000, 48.320) on layer: MQ
Net VDD: dangling Wire at (250.000, 48.320) (250.000, 48.320) on layer: MQ
Net VDD: dangling Wire at (244.000, 48.320) (244.000, 48.320) on layer: MQ
Net VDD: dangling Wire at (238.000, 48.320) (238.000, 48.320) on layer: MQ
Net VDD: dangling Wire at (232.000, 48.320) (232.000, 48.320) on layer: MQ
Net VDD: dangling Wire at (226.000, 48.320) (226.000, 48.320) on layer: MQ
Net VDD: dangling Wire at (220.000, 48.320) (220.000, 48.320) on layer: MQ
Net VDD: dangling Wire at (214.000, 48.320) (214.000, 48.320) on layer: MQ
Net VDD: dangling Wire at (208.000, 48.320) (208.000, 48.320) on layer: MQ
Net VDD: dangling Wire at (202.000, 48.320) (202.000, 48.320) on layer: MQ
Net VDD: dangling Wire at (196.000, 48.320) (196.000, 48.320) on layer: MQ
Net VDD: dangling Wire at (190.000, 48.320) (190.000, 48.320) on layer: MQ
Net VDD: dangling Wire at (184.000, 48.320) (184.000, 48.320) on layer: MQ
Net VDD: dangling Wire at (178.000, 48.320) (178.000, 48.320) on layer: MQ
Net VDD: dangling Wire at (172.000, 48.320) (172.000, 48.320) on layer: MQ
Net VDD: dangling Wire at (166.000, 48.320) (166.000, 48.320) on layer: MQ
Net VDD: dangling Wire at (160.000, 48.320) (160.000, 48.320) on layer: MQ
Net VDD: dangling Wire at (154.000, 48.320) (154.000, 48.320) on layer: MQ
Net VDD: dangling Wire at (148.000, 48.320) (148.000, 48.320) on layer: MQ
Net VDD: dangling Wire at (142.000, 48.320) (142.000, 48.320) on layer: MQ
Net VDD: dangling Wire at (136.000, 48.320) (136.000, 48.320) on layer: MQ
Net VDD: dangling Wire at (130.000, 48.320) (130.000, 48.320) on layer: MQ
Net VDD: dangling Wire at (124.000, 48.320) (124.000, 48.320) on layer: MQ
Net VDD: dangling Wire at (118.000, 48.320) (118.000, 48.320) on layer: MQ
Net VDD: dangling Wire at (112.000, 48.320) (112.000, 48.320) on layer: MQ
Net VDD: dangling Wire at (106.000, 48.320) (106.000, 48.320) on layer: MQ
Net VDD: dangling Wire at (100.000, 48.320) (100.000, 48.320) on layer: MQ
Net VDD: dangling Wire at (94.000, 48.320) (94.000, 48.320) on layer: MQ
Net VDD: dangling Wire at (88.000, 48.320) (88.000, 48.320) on layer: MQ
Net VDD: dangling Wire at (82.000, 48.320) (82.000, 48.320) on layer: MQ
Net VDD: dangling Wire at (76.000, 48.320) (76.000, 48.320) on layer: MQ
Net VDD: dangling Wire at (70.000, 48.320) (70.000, 48.320) on layer: MQ
Net VDD: dangling Wire at (64.000, 48.320) (64.000, 48.320) on layer: MQ
Net VDD: dangling Wire at (58.000, 48.320) (58.000, 48.320) on layer: MQ
Net VDD: dangling Wire at (48.320, 598.000) (48.320, 598.000) on layer: MG
Net VDD: dangling Wire at (48.320, 592.000) (48.320, 592.000) on layer: MG
Net VDD: dangling Wire at (48.320, 586.000) (48.320, 586.000) on layer: MG
Net VDD: dangling Wire at (48.320, 580.000) (48.320, 580.000) on layer: MG
Net VDD: dangling Wire at (48.320, 574.000) (48.320, 574.000) on layer: MG
Net VDD: dangling Wire at (48.320, 568.000) (48.320, 568.000) on layer: MG
Net VDD: dangling Wire at (48.320, 562.000) (48.320, 562.000) on layer: MG
Net VDD: dangling Wire at (48.320, 556.000) (48.320, 556.000) on layer: MG
Net VDD: dangling Wire at (48.320, 550.000) (48.320, 550.000) on layer: MG
Net VDD: dangling Wire at (48.320, 544.000) (48.320, 544.000) on layer: MG
Net VDD: dangling Wire at (48.320, 538.000) (48.320, 538.000) on layer: MG
Net VDD: dangling Wire at (48.320, 532.000) (48.320, 532.000) on layer: MG
Net VDD: dangling Wire at (48.320, 526.000) (48.320, 526.000) on layer: MG
Net VDD: dangling Wire at (48.320, 520.000) (48.320, 520.000) on layer: MG
Net VDD: dangling Wire at (48.320, 514.000) (48.320, 514.000) on layer: MG
Net VDD: dangling Wire at (48.320, 508.000) (48.320, 508.000) on layer: MG
Net VDD: dangling Wire at (48.320, 502.000) (48.320, 502.000) on layer: MG
Net VDD: dangling Wire at (48.320, 496.000) (48.320, 496.000) on layer: MG
Net VDD: dangling Wire at (48.320, 490.000) (48.320, 490.000) on layer: MG
Net VDD: dangling Wire at (48.320, 484.000) (48.320, 484.000) on layer: MG
Net VDD: dangling Wire at (48.320, 478.000) (48.320, 478.000) on layer: MG
Net VDD: dangling Wire at (48.320, 472.000) (48.320, 472.000) on layer: MG
Net VDD: dangling Wire at (48.320, 466.000) (48.320, 466.000) on layer: MG
Net VDD: dangling Wire at (48.320, 460.000) (48.320, 460.000) on layer: MG
Net VDD: dangling Wire at (48.320, 454.000) (48.320, 454.000) on layer: MG
Net VDD: dangling Wire at (48.320, 448.000) (48.320, 448.000) on layer: MG
Net VDD: dangling Wire at (48.320, 442.000) (48.320, 442.000) on layer: MG
Net VDD: dangling Wire at (48.320, 436.000) (48.320, 436.000) on layer: MG
Net VDD: dangling Wire at (48.320, 430.000) (48.320, 430.000) on layer: MG
Net VDD: dangling Wire at (48.320, 424.000) (48.320, 424.000) on layer: MG
Net VDD: dangling Wire at (48.320, 418.000) (48.320, 418.000) on layer: MG
Net VDD: dangling Wire at (48.320, 412.000) (48.320, 412.000) on layer: MG
Net VDD: dangling Wire at (48.320, 406.000) (48.320, 406.000) on layer: MG
Net VDD: dangling Wire at (48.320, 400.000) (48.320, 400.000) on layer: MG
Net VDD: dangling Wire at (48.320, 394.000) (48.320, 394.000) on layer: MG
Net VDD: dangling Wire at (48.320, 388.000) (48.320, 388.000) on layer: MG
Net VDD: dangling Wire at (48.320, 382.000) (48.320, 382.000) on layer: MG
Net VDD: dangling Wire at (48.320, 376.000) (48.320, 376.000) on layer: MG
Net VDD: dangling Wire at (48.320, 370.000) (48.320, 370.000) on layer: MG
Net VDD: dangling Wire at (48.320, 364.000) (48.320, 364.000) on layer: MG
Net VDD: dangling Wire at (48.320, 358.000) (48.320, 358.000) on layer: MG
Net VDD: dangling Wire at (48.320, 352.000) (48.320, 352.000) on layer: MG
Net VDD: dangling Wire at (48.320, 346.000) (48.320, 346.000) on layer: MG
Net VDD: dangling Wire at (48.320, 340.000) (48.320, 340.000) on layer: MG
Net VDD: dangling Wire at (48.320, 334.000) (48.320, 334.000) on layer: MG
Net VDD: dangling Wire at (48.320, 328.000) (48.320, 328.000) on layer: MG
Net VDD: dangling Wire at (48.320, 322.000) (48.320, 322.000) on layer: MG
Net VDD: dangling Wire at (48.320, 316.000) (48.320, 316.000) on layer: MG
Net VDD: dangling Wire at (48.320, 310.000) (48.320, 310.000) on layer: MG
Net VDD: dangling Wire at (48.320, 304.000) (48.320, 304.000) on layer: MG
Net VDD: dangling Wire at (48.320, 298.000) (48.320, 298.000) on layer: MG
Net VDD: dangling Wire at (48.320, 292.000) (48.320, 292.000) on layer: MG
Net VDD: dangling Wire at (48.320, 286.000) (48.320, 286.000) on layer: MG
Net VDD: dangling Wire at (48.320, 280.000) (48.320, 280.000) on layer: MG
Net VDD: dangling Wire at (48.320, 274.000) (48.320, 274.000) on layer: MG
Net VDD: dangling Wire at (48.320, 268.000) (48.320, 268.000) on layer: MG
Net VDD: dangling Wire at (48.320, 262.000) (48.320, 262.000) on layer: MG
Net VDD: dangling Wire at (48.320, 256.000) (48.320, 256.000) on layer: MG
Net VDD: dangling Wire at (48.320, 250.000) (48.320, 250.000) on layer: MG
Net VDD: dangling Wire at (48.320, 244.000) (48.320, 244.000) on layer: MG
Net VDD: dangling Wire at (48.320, 238.000) (48.320, 238.000) on layer: MG
Net VDD: dangling Wire at (48.320, 232.000) (48.320, 232.000) on layer: MG
Net VDD: dangling Wire at (48.320, 226.000) (48.320, 226.000) on layer: MG
Net VDD: dangling Wire at (48.320, 220.000) (48.320, 220.000) on layer: MG
Net VDD: dangling Wire at (48.320, 214.000) (48.320, 214.000) on layer: MG
Net VDD: dangling Wire at (48.320, 208.000) (48.320, 208.000) on layer: MG
Net VDD: dangling Wire at (48.320, 202.000) (48.320, 202.000) on layer: MG
Net VDD: dangling Wire at (48.320, 196.000) (48.320, 196.000) on layer: MG
Net VDD: dangling Wire at (48.320, 190.000) (48.320, 190.000) on layer: MG
Net VDD: dangling Wire at (48.320, 184.000) (48.320, 184.000) on layer: MG
Net VDD: dangling Wire at (48.320, 178.000) (48.320, 178.000) on layer: MG
Net VDD: dangling Wire at (48.320, 172.000) (48.320, 172.000) on layer: MG
Net VDD: dangling Wire at (48.320, 166.000) (48.320, 166.000) on layer: MG
Net VDD: dangling Wire at (48.320, 160.000) (48.320, 160.000) on layer: MG
Net VDD: dangling Wire at (48.320, 154.000) (48.320, 154.000) on layer: MG
Net VDD: dangling Wire at (48.320, 148.000) (48.320, 148.000) on layer: MG
Net VDD: dangling Wire at (48.320, 142.000) (48.320, 142.000) on layer: MG
Net VDD: dangling Wire at (48.320, 136.000) (48.320, 136.000) on layer: MG
Net VDD: dangling Wire at (48.320, 130.000) (48.320, 130.000) on layer: MG
Net VDD: dangling Wire at (48.320, 124.000) (48.320, 124.000) on layer: MG
Net VDD: dangling Wire at (48.320, 118.000) (48.320, 118.000) on layer: MG
Net VDD: dangling Wire at (48.320, 112.000) (48.320, 112.000) on layer: MG
Net VDD: dangling Wire at (48.320, 106.000) (48.320, 106.000) on layer: MG
Net VDD: dangling Wire at (48.320, 100.000) (48.320, 100.000) on layer: MG
Net VDD: dangling Wire at (48.320, 94.000) (48.320, 94.000) on layer: MG
Net VDD: dangling Wire at (48.320, 88.000) (48.320, 88.000) on layer: MG
Net VDD: dangling Wire at (48.320, 82.000) (48.320, 82.000) on layer: MG
Net VDD: dangling Wire at (48.320, 76.000) (48.320, 76.000) on layer: MG
Net VDD: dangling Wire at (48.320, 70.000) (48.320, 70.000) on layer: MG
Net VDD: dangling Wire at (48.320, 64.000) (48.320, 64.000) on layer: MG
Net VDD: dangling Wire at (48.320, 58.000) (48.320, 58.000) on layer: MG
Net VSS, Pin Pin: u_ibex_top/VSS; Direction: INOUT; Use: GROUND;: has an unconnected terminal at (58.400, 328.120) (796.400, 328.680)
Net VSS, Pin Pin: u_sram/VSS; Direction: INOUT; Use: GROUND;: has an unconnected terminal at (646.120, 792.460) (647.300, 793.660)
Net VSS, Pin Pin: u_sram/VSS; Direction: INOUT; Use: GROUND;: has an unconnected terminal at (646.120, 1050.260) (647.300, 1051.460)
Net VSS, Pin Pin: u_sram/VSS; Direction: INOUT; Use: GROUND;: has an unconnected terminal at (646.760, 799.280) (647.300, 799.840)
Net VSS, Pin Pin: u_sram/VSS; Direction: INOUT; Use: GROUND;: has an unconnected terminal at (646.760, 806.480) (647.300, 807.040)
Net VSS, Pin Pin: u_sram/VSS; Direction: INOUT; Use: GROUND;: has an unconnected terminal at (646.760, 813.680) (647.300, 814.240)
Net VSS, Pin Pin: u_sram/VSS; Direction: INOUT; Use: GROUND;: has an unconnected terminal at (646.760, 820.880) (647.300, 821.440)
Net VSS, Pin Pin: u_sram/VSS; Direction: INOUT; Use: GROUND;: has an unconnected terminal at (646.760, 828.080) (647.300, 828.640)
Net VSS, Pin Pin: u_sram/VSS; Direction: INOUT; Use: GROUND;: has an unconnected terminal at (646.760, 835.280) (647.300, 835.840)
Net VSS, Pin Pin: u_sram/VSS; Direction: INOUT; Use: GROUND;: has an unconnected terminal at (646.760, 842.480) (647.300, 843.040)
Net VSS, Pin Pin: u_sram/VSS; Direction: INOUT; Use: GROUND;: has an unconnected terminal at (646.760, 849.680) (647.300, 850.240)
Net VSS, Pin Pin: u_sram/VSS; Direction: INOUT; Use: GROUND;: has an unconnected terminal at (646.760, 856.880) (647.300, 857.440)
Net VSS, Pin Pin: u_sram/VSS; Direction: INOUT; Use: GROUND;: has an unconnected terminal at (646.760, 864.080) (647.300, 864.640)
Net VSS, Pin Pin: u_sram/VSS; Direction: INOUT; Use: GROUND;: has an unconnected terminal at (646.760, 871.280) (647.300, 871.840)
Net VSS, Pin Pin: u_sram/VSS; Direction: INOUT; Use: GROUND;: has an unconnected terminal at (646.760, 878.480) (647.300, 879.040)
Net VSS, Pin Pin: u_sram/VSS; Direction: INOUT; Use: GROUND;: has an unconnected terminal at (646.760, 885.680) (647.300, 886.240)
Net VSS, Pin Pin: u_sram/VSS; Direction: INOUT; Use: GROUND;: has an unconnected terminal at (646.760, 892.880) (647.300, 893.440)
Net VSS, Pin Pin: u_sram/VSS; Direction: INOUT; Use: GROUND;: has an unconnected terminal at (646.760, 900.080) (647.300, 900.640)
Net VSS, Pin Pin: u_sram/VSS; Direction: INOUT; Use: GROUND;: has an unconnected terminal at (646.760, 907.280) (647.300, 907.840)
Net VSS, Pin Pin: u_sram/VSS; Direction: INOUT; Use: GROUND;: has an unconnected terminal at (646.760, 914.480) (647.300, 915.040)
Net VSS, Pin Pin: u_sram/VSS; Direction: INOUT; Use: GROUND;: has an unconnected terminal at (646.760, 921.680) (647.300, 922.240)
Net VSS, Pin Pin: u_sram/VSS; Direction: INOUT; Use: GROUND;: has an unconnected terminal at (646.760, 928.880) (647.300, 929.440)
Net VSS, Pin Pin: u_sram/VSS; Direction: INOUT; Use: GROUND;: has an unconnected terminal at (646.760, 936.080) (647.300, 936.640)
Net VSS, Pin Pin: u_sram/VSS; Direction: INOUT; Use: GROUND;: has an unconnected terminal at (646.760, 943.280) (647.300, 943.840)
Net VSS, Pin Pin: u_sram/VSS; Direction: INOUT; Use: GROUND;: has an unconnected terminal at (646.760, 950.480) (647.300, 951.040)
Net VSS, Pin Pin: u_sram/VSS; Direction: INOUT; Use: GROUND;: has an unconnected terminal at (646.760, 957.680) (647.300, 958.240)
Net VSS, Pin Pin: u_sram/VSS; Direction: INOUT; Use: GROUND;: has an unconnected terminal at (646.760, 964.880) (647.300, 965.440)
Net VSS, Pin Pin: u_sram/VSS; Direction: INOUT; Use: GROUND;: has an unconnected terminal at (646.760, 972.080) (647.300, 972.640)
Net VSS, Pin Pin: u_sram/VSS; Direction: INOUT; Use: GROUND;: has an unconnected terminal at (646.760, 979.280) (647.300, 979.840)
Net VSS, Pin Pin: u_sram/VSS; Direction: INOUT; Use: GROUND;: has an unconnected terminal at (646.760, 986.480) (647.300, 987.040)
Net VSS, Pin Pin: u_sram/VSS; Direction: INOUT; Use: GROUND;: has an unconnected terminal at (646.760, 993.680) (647.300, 994.240)
Net VSS, Pin Pin: u_sram/VSS; Direction: INOUT; Use: GROUND;: has an unconnected terminal at (646.760, 1000.880) (647.300, 1001.440)
Net VSS, Pin Pin: u_sram/VSS; Direction: INOUT; Use: GROUND;: has an unconnected terminal at (646.760, 1008.080) (647.300, 1008.640)
Net VSS, Pin Pin: u_sram/VSS; Direction: INOUT; Use: GROUND;: has an unconnected terminal at (646.760, 1015.280) (647.300, 1015.840)
Net VSS, Pin Pin: u_sram/VSS; Direction: INOUT; Use: GROUND;: has an unconnected terminal at (646.760, 1022.480) (647.300, 1023.040)
Net VSS, Pin Pin: u_sram/VSS; Direction: INOUT; Use: GROUND;: has an unconnected terminal at (646.760, 1029.680) (647.300, 1030.240)
Net VSS, Pin Pin: u_sram/VSS; Direction: INOUT; Use: GROUND;: has an unconnected terminal at (646.760, 1036.880) (647.300, 1037.440)
Net VSS, Pin Pin: u_sram/VSS; Direction: INOUT; Use: GROUND;: has an unconnected terminal at (646.760, 1044.080) (647.300, 1044.640)
Net VSS: has special routes with opens at (3.000, 3.000) (900.000, 1098.000)
Net VSS: dangling Wire at (895.000, 3.000) (895.000, 3.000) on layer: MQ
Net VSS: dangling Wire at (895.000, 1098.000) (895.000, 1098.000) on layer: MQ
Net VSS: dangling Wire at (889.000, 3.000) (889.000, 3.000) on layer: MQ
Net VSS: dangling Wire at (889.000, 1098.000) (889.000, 1098.000) on layer: MQ
Net VSS: dangling Wire at (883.000, 3.000) (883.000, 3.000) on layer: MQ
Net VSS: dangling Wire at (883.000, 1098.000) (883.000, 1098.000) on layer: MQ
Net VSS: dangling Wire at (877.000, 3.000) (877.000, 3.000) on layer: MQ
Net VSS: dangling Wire at (877.000, 1098.000) (877.000, 1098.000) on layer: MQ
Net VSS: dangling Wire at (871.000, 3.000) (871.000, 3.000) on layer: MQ
Net VSS: dangling Wire at (871.000, 1098.000) (871.000, 1098.000) on layer: MQ
Net VSS: dangling Wire at (865.000, 3.000) (865.000, 3.000) on layer: MQ
Net VSS: dangling Wire at (865.000, 1098.000) (865.000, 1098.000) on layer: MQ
Net VSS: dangling Wire at (859.000, 3.000) (859.000, 3.000) on layer: MQ
Net VSS: dangling Wire at (859.000, 1098.000) (859.000, 1098.000) on layer: MQ
Net VSS: dangling Wire at (853.000, 3.000) (853.000, 3.000) on layer: MQ
Net VSS: dangling Wire at (853.000, 1098.000) (853.000, 1098.000) on layer: MQ
Net VSS: dangling Wire at (847.000, 3.000) (847.000, 3.000) on layer: MQ
Net VSS: dangling Wire at (847.000, 1098.000) (847.000, 1098.000) on layer: MQ
Net VSS: dangling Wire at (841.000, 3.000) (841.000, 3.000) on layer: MQ
Net VSS: dangling Wire at (841.000, 1098.000) (841.000, 1098.000) on layer: MQ
Net VSS: dangling Wire at (835.000, 3.000) (835.000, 3.000) on layer: MQ
Net VSS: dangling Wire at (835.000, 1098.000) (835.000, 1098.000) on layer: MQ
Net VSS: dangling Wire at (829.000, 3.000) (829.000, 3.000) on layer: MQ
Net VSS: dangling Wire at (829.000, 1098.000) (829.000, 1098.000) on layer: MQ
Net VSS: dangling Wire at (823.000, 3.000) (823.000, 3.000) on layer: MQ
Net VSS: dangling Wire at (823.000, 1098.000) (823.000, 1098.000) on layer: MQ
Net VSS: dangling Wire at (817.000, 3.000) (817.000, 3.000) on layer: MQ
Net VSS: dangling Wire at (817.000, 1098.000) (817.000, 1098.000) on layer: MQ
Net VSS: dangling Wire at (811.000, 3.000) (811.000, 3.000) on layer: MQ
Net VSS: dangling Wire at (811.000, 1098.000) (811.000, 1098.000) on layer: MQ
Net VSS: dangling Wire at (805.000, 609.680) (805.000, 609.680) on layer: MQ
Net VSS: dangling Wire at (805.000, 1098.000) (805.000, 1098.000) on layer: MQ
Net VSS: dangling Wire at (805.000, 3.000) (805.000, 3.000) on layer: MQ
Net VSS: dangling Wire at (805.000, 47.120) (805.000, 47.120) on layer: MQ
Net VSS: dangling Wire at (799.000, 609.680) (799.000, 609.680) on layer: MQ
Net VSS: dangling Wire at (799.000, 1098.000) (799.000, 1098.000) on layer: MQ
Net VSS: dangling Wire at (799.000, 3.000) (799.000, 3.000) on layer: MQ
Net VSS: dangling Wire at (799.000, 47.120) (799.000, 47.120) on layer: MQ
Net VSS: dangling Wire at (793.000, 609.680) (793.000, 609.680) on layer: MQ
Net VSS: dangling Wire at (793.000, 1098.000) (793.000, 1098.000) on layer: MQ
Net VSS: dangling Wire at (793.000, 3.000) (793.000, 3.000) on layer: MQ
Net VSS: dangling Wire at (793.000, 47.120) (793.000, 47.120) on layer: MQ
Net VSS: dangling Wire at (787.000, 609.680) (787.000, 609.680) on layer: MQ
Net VSS: dangling Wire at (787.000, 1098.000) (787.000, 1098.000) on layer: MQ
Net VSS: dangling Wire at (787.000, 3.000) (787.000, 3.000) on layer: MQ
Net VSS: dangling Wire at (787.000, 47.120) (787.000, 47.120) on layer: MQ
Net VSS: dangling Wire at (781.000, 609.680) (781.000, 609.680) on layer: MQ
Net VSS: dangling Wire at (781.000, 1098.000) (781.000, 1098.000) on layer: MQ
Net VSS: dangling Wire at (781.000, 3.000) (781.000, 3.000) on layer: MQ
Net VSS: dangling Wire at (781.000, 47.120) (781.000, 47.120) on layer: MQ
Net VSS: dangling Wire at (775.000, 609.680) (775.000, 609.680) on layer: MQ
Net VSS: dangling Wire at (775.000, 1098.000) (775.000, 1098.000) on layer: MQ
Net VSS: dangling Wire at (775.000, 3.000) (775.000, 3.000) on layer: MQ
Net VSS: dangling Wire at (775.000, 47.120) (775.000, 47.120) on layer: MQ
Net VSS: dangling Wire at (769.000, 609.680) (769.000, 609.680) on layer: MQ
Net VSS: dangling Wire at (769.000, 1098.000) (769.000, 1098.000) on layer: MQ
Net VSS: dangling Wire at (769.000, 3.000) (769.000, 3.000) on layer: MQ
Net VSS: dangling Wire at (769.000, 47.120) (769.000, 47.120) on layer: MQ
Net VSS: dangling Wire at (763.000, 609.680) (763.000, 609.680) on layer: MQ
Net VSS: dangling Wire at (763.000, 1098.000) (763.000, 1098.000) on layer: MQ
Net VSS: dangling Wire at (763.000, 3.000) (763.000, 3.000) on layer: MQ
Net VSS: dangling Wire at (763.000, 47.120) (763.000, 47.120) on layer: MQ
Net VSS: dangling Wire at (757.000, 609.680) (757.000, 609.680) on layer: MQ
Net VSS: dangling Wire at (757.000, 1098.000) (757.000, 1098.000) on layer: MQ
Net VSS: dangling Wire at (757.000, 3.000) (757.000, 3.000) on layer: MQ
Net VSS: dangling Wire at (757.000, 47.120) (757.000, 47.120) on layer: MQ
Net VSS: dangling Wire at (751.000, 609.680) (751.000, 609.680) on layer: MQ
Net VSS: dangling Wire at (751.000, 1098.000) (751.000, 1098.000) on layer: MQ
Net VSS: dangling Wire at (751.000, 3.000) (751.000, 3.000) on layer: MQ
Net VSS: dangling Wire at (751.000, 47.120) (751.000, 47.120) on layer: MQ
Net VSS: dangling Wire at (745.000, 609.680) (745.000, 609.680) on layer: MQ
Net VSS: dangling Wire at (745.000, 1098.000) (745.000, 1098.000) on layer: MQ
Net VSS: dangling Wire at (745.000, 3.000) (745.000, 3.000) on layer: MQ
Net VSS: dangling Wire at (745.000, 47.120) (745.000, 47.120) on layer: MQ
Net VSS: dangling Wire at (739.000, 609.680) (739.000, 609.680) on layer: MQ
Net VSS: dangling Wire at (739.000, 1098.000) (739.000, 1098.000) on layer: MQ
Net VSS: dangling Wire at (739.000, 3.000) (739.000, 3.000) on layer: MQ
Net VSS: dangling Wire at (739.000, 47.120) (739.000, 47.120) on layer: MQ
Net VSS: dangling Wire at (733.000, 609.680) (733.000, 609.680) on layer: MQ
Net VSS: dangling Wire at (733.000, 1098.000) (733.000, 1098.000) on layer: MQ
Net VSS: dangling Wire at (733.000, 3.000) (733.000, 3.000) on layer: MQ
Net VSS: dangling Wire at (733.000, 47.120) (733.000, 47.120) on layer: MQ
Net VSS: dangling Wire at (727.000, 609.680) (727.000, 609.680) on layer: MQ
Net VSS: dangling Wire at (727.000, 1098.000) (727.000, 1098.000) on layer: MQ
Net VSS: dangling Wire at (727.000, 3.000) (727.000, 3.000) on layer: MQ
Net VSS: dangling Wire at (727.000, 47.120) (727.000, 47.120) on layer: MQ
Net VSS: dangling Wire at (721.000, 609.680) (721.000, 609.680) on layer: MQ
Net VSS: dangling Wire at (721.000, 1098.000) (721.000, 1098.000) on layer: MQ
Net VSS: dangling Wire at (721.000, 3.000) (721.000, 3.000) on layer: MQ
Net VSS: dangling Wire at (721.000, 47.120) (721.000, 47.120) on layer: MQ
Net VSS: dangling Wire at (715.000, 609.680) (715.000, 609.680) on layer: MQ
Net VSS: dangling Wire at (715.000, 1098.000) (715.000, 1098.000) on layer: MQ
Net VSS: dangling Wire at (715.000, 3.000) (715.000, 3.000) on layer: MQ
Net VSS: dangling Wire at (715.000, 47.120) (715.000, 47.120) on layer: MQ
Net VSS: dangling Wire at (709.000, 609.680) (709.000, 609.680) on layer: MQ
Net VSS: dangling Wire at (709.000, 1098.000) (709.000, 1098.000) on layer: MQ
Net VSS: dangling Wire at (709.000, 3.000) (709.000, 3.000) on layer: MQ
Net VSS: dangling Wire at (709.000, 47.120) (709.000, 47.120) on layer: MQ
Net VSS: dangling Wire at (703.000, 609.680) (703.000, 609.680) on layer: MQ
Net VSS: dangling Wire at (703.000, 1098.000) (703.000, 1098.000) on layer: MQ
Net VSS: dangling Wire at (703.000, 3.000) (703.000, 3.000) on layer: MQ
Net VSS: dangling Wire at (703.000, 47.120) (703.000, 47.120) on layer: MQ
Net VSS: dangling Wire at (697.000, 609.680) (697.000, 609.680) on layer: MQ
Net VSS: dangling Wire at (697.000, 1098.000) (697.000, 1098.000) on layer: MQ
Net VSS: dangling Wire at (697.000, 3.000) (697.000, 3.000) on layer: MQ
Net VSS: dangling Wire at (697.000, 47.120) (697.000, 47.120) on layer: MQ
Net VSS: dangling Wire at (691.000, 609.680) (691.000, 609.680) on layer: MQ
Net VSS: dangling Wire at (691.000, 1098.000) (691.000, 1098.000) on layer: MQ
Net VSS: dangling Wire at (691.000, 3.000) (691.000, 3.000) on layer: MQ
Net VSS: dangling Wire at (691.000, 47.120) (691.000, 47.120) on layer: MQ
Net VSS: dangling Wire at (685.000, 609.680) (685.000, 609.680) on layer: MQ
Net VSS: dangling Wire at (685.000, 1098.000) (685.000, 1098.000) on layer: MQ
Net VSS: dangling Wire at (685.000, 3.000) (685.000, 3.000) on layer: MQ
Net VSS: dangling Wire at (685.000, 47.120) (685.000, 47.120) on layer: MQ
Net VSS: dangling Wire at (679.000, 609.680) (679.000, 609.680) on layer: MQ
Net VSS: dangling Wire at (679.000, 1098.000) (679.000, 1098.000) on layer: MQ
Net VSS: dangling Wire at (679.000, 3.000) (679.000, 3.000) on layer: MQ
Net VSS: dangling Wire at (679.000, 47.120) (679.000, 47.120) on layer: MQ
Net VSS: dangling Wire at (673.000, 609.680) (673.000, 609.680) on layer: MQ
Net VSS: dangling Wire at (673.000, 1098.000) (673.000, 1098.000) on layer: MQ
Net VSS: dangling Wire at (673.000, 3.000) (673.000, 3.000) on layer: MQ
Net VSS: dangling Wire at (673.000, 47.120) (673.000, 47.120) on layer: MQ
Net VSS: dangling Wire at (667.000, 609.680) (667.000, 609.680) on layer: MQ
Net VSS: dangling Wire at (667.000, 1098.000) (667.000, 1098.000) on layer: MQ
Net VSS: dangling Wire at (667.000, 3.000) (667.000, 3.000) on layer: MQ
Net VSS: dangling Wire at (667.000, 47.120) (667.000, 47.120) on layer: MQ
Net VSS: dangling Wire at (661.000, 609.680) (661.000, 609.680) on layer: MQ
Net VSS: dangling Wire at (661.000, 1098.000) (661.000, 1098.000) on layer: MQ
Net VSS: dangling Wire at (661.000, 3.000) (661.000, 3.000) on layer: MQ
Net VSS: dangling Wire at (661.000, 47.120) (661.000, 47.120) on layer: MQ
Net VSS: dangling Wire at (655.000, 609.680) (655.000, 609.680) on layer: MQ
Net VSS: dangling Wire at (655.000, 1098.000) (655.000, 1098.000) on layer: MQ
Net VSS: dangling Wire at (655.000, 3.000) (655.000, 3.000) on layer: MQ
Net VSS: dangling Wire at (655.000, 47.120) (655.000, 47.120) on layer: MQ
Net VSS: dangling Wire at (649.000, 609.680) (649.000, 609.680) on layer: MQ
Net VSS: dangling Wire at (649.000, 1098.000) (649.000, 1098.000) on layer: MQ
Net VSS: dangling Wire at (649.000, 3.000) (649.000, 3.000) on layer: MQ
Net VSS: dangling Wire at (649.000, 47.120) (649.000, 47.120) on layer: MQ
Net VSS: dangling Wire at (643.000, 609.680) (643.000, 609.680) on layer: MQ
Net VSS: dangling Wire at (643.000, 1098.000) (643.000, 1098.000) on layer: MQ
Net VSS: dangling Wire at (643.000, 3.000) (643.000, 3.000) on layer: MQ
Net VSS: dangling Wire at (643.000, 47.120) (643.000, 47.120) on layer: MQ
Net VSS: dangling Wire at (637.000, 609.680) (637.000, 609.680) on layer: MQ
Net VSS: dangling Wire at (637.000, 1098.000) (637.000, 1098.000) on layer: MQ
Net VSS: dangling Wire at (637.000, 3.000) (637.000, 3.000) on layer: MQ
Net VSS: dangling Wire at (637.000, 47.120) (637.000, 47.120) on layer: MQ
Net VSS: dangling Wire at (631.000, 609.680) (631.000, 609.680) on layer: MQ
Net VSS: dangling Wire at (631.000, 1098.000) (631.000, 1098.000) on layer: MQ
Net VSS: dangling Wire at (631.000, 3.000) (631.000, 3.000) on layer: MQ
Net VSS: dangling Wire at (631.000, 47.120) (631.000, 47.120) on layer: MQ
Net VSS: dangling Wire at (625.000, 609.680) (625.000, 609.680) on layer: MQ
Net VSS: dangling Wire at (625.000, 1098.000) (625.000, 1098.000) on layer: MQ
Net VSS: dangling Wire at (625.000, 3.000) (625.000, 3.000) on layer: MQ
Net VSS: dangling Wire at (625.000, 47.120) (625.000, 47.120) on layer: MQ
Net VSS: dangling Wire at (619.000, 609.680) (619.000, 609.680) on layer: MQ
Net VSS: dangling Wire at (619.000, 1098.000) (619.000, 1098.000) on layer: MQ
Net VSS: dangling Wire at (619.000, 3.000) (619.000, 3.000) on layer: MQ
Net VSS: dangling Wire at (619.000, 47.120) (619.000, 47.120) on layer: MQ
Net VSS: dangling Wire at (613.000, 609.680) (613.000, 609.680) on layer: MQ
Net VSS: dangling Wire at (613.000, 1098.000) (613.000, 1098.000) on layer: MQ
Net VSS: dangling Wire at (613.000, 3.000) (613.000, 3.000) on layer: MQ
Net VSS: dangling Wire at (613.000, 47.120) (613.000, 47.120) on layer: MQ
Net VSS: dangling Wire at (607.000, 609.680) (607.000, 609.680) on layer: MQ
Net VSS: dangling Wire at (607.000, 1098.000) (607.000, 1098.000) on layer: MQ
Net VSS: dangling Wire at (607.000, 3.000) (607.000, 3.000) on layer: MQ
Net VSS: dangling Wire at (607.000, 47.120) (607.000, 47.120) on layer: MQ
Net VSS: dangling Wire at (601.000, 609.680) (601.000, 609.680) on layer: MQ
Net VSS: dangling Wire at (601.000, 1098.000) (601.000, 1098.000) on layer: MQ
Net VSS: dangling Wire at (601.000, 3.000) (601.000, 3.000) on layer: MQ
Net VSS: dangling Wire at (601.000, 47.120) (601.000, 47.120) on layer: MQ
Net VSS: dangling Wire at (595.000, 609.680) (595.000, 609.680) on layer: MQ
Net VSS: dangling Wire at (595.000, 1098.000) (595.000, 1098.000) on layer: MQ
Net VSS: dangling Wire at (595.000, 3.000) (595.000, 3.000) on layer: MQ
Net VSS: dangling Wire at (595.000, 47.120) (595.000, 47.120) on layer: MQ
Net VSS: dangling Wire at (589.000, 609.680) (589.000, 609.680) on layer: MQ
Net VSS: dangling Wire at (589.000, 1098.000) (589.000, 1098.000) on layer: MQ
Net VSS: dangling Wire at (589.000, 3.000) (589.000, 3.000) on layer: MQ
Net VSS: dangling Wire at (589.000, 47.120) (589.000, 47.120) on layer: MQ
Net VSS: dangling Wire at (583.000, 609.680) (583.000, 609.680) on layer: MQ
Net VSS: dangling Wire at (583.000, 1098.000) (583.000, 1098.000) on layer: MQ
Net VSS: dangling Wire at (583.000, 3.000) (583.000, 3.000) on layer: MQ
Net VSS: dangling Wire at (583.000, 47.120) (583.000, 47.120) on layer: MQ
Net VSS: dangling Wire at (577.000, 609.680) (577.000, 609.680) on layer: MQ
Net VSS: dangling Wire at (577.000, 1098.000) (577.000, 1098.000) on layer: MQ
Net VSS: dangling Wire at (577.000, 3.000) (577.000, 3.000) on layer: MQ
Net VSS: dangling Wire at (577.000, 47.120) (577.000, 47.120) on layer: MQ
Net VSS: dangling Wire at (571.000, 609.680) (571.000, 609.680) on layer: MQ
Net VSS: dangling Wire at (571.000, 1098.000) (571.000, 1098.000) on layer: MQ
Net VSS: dangling Wire at (571.000, 3.000) (571.000, 3.000) on layer: MQ
Net VSS: dangling Wire at (571.000, 47.120) (571.000, 47.120) on layer: MQ
Net VSS: dangling Wire at (565.000, 609.680) (565.000, 609.680) on layer: MQ
Net VSS: dangling Wire at (565.000, 1098.000) (565.000, 1098.000) on layer: MQ
Net VSS: dangling Wire at (565.000, 3.000) (565.000, 3.000) on layer: MQ
Net VSS: dangling Wire at (565.000, 47.120) (565.000, 47.120) on layer: MQ
Net VSS: dangling Wire at (559.000, 609.680) (559.000, 609.680) on layer: MQ
Net VSS: dangling Wire at (559.000, 1098.000) (559.000, 1098.000) on layer: MQ
Net VSS: dangling Wire at (559.000, 3.000) (559.000, 3.000) on layer: MQ
Net VSS: dangling Wire at (559.000, 47.120) (559.000, 47.120) on layer: MQ
Net VSS: dangling Wire at (553.000, 609.680) (553.000, 609.680) on layer: MQ
Net VSS: dangling Wire at (553.000, 1098.000) (553.000, 1098.000) on layer: MQ
Net VSS: dangling Wire at (553.000, 3.000) (553.000, 3.000) on layer: MQ
Net VSS: dangling Wire at (553.000, 47.120) (553.000, 47.120) on layer: MQ
Net VSS: dangling Wire at (547.000, 609.680) (547.000, 609.680) on layer: MQ
Net VSS: dangling Wire at (547.000, 1098.000) (547.000, 1098.000) on layer: MQ
Net VSS: dangling Wire at (547.000, 3.000) (547.000, 3.000) on layer: MQ
Net VSS: dangling Wire at (547.000, 47.120) (547.000, 47.120) on layer: MQ
Net VSS: dangling Wire at (541.000, 609.680) (541.000, 609.680) on layer: MQ
Net VSS: dangling Wire at (541.000, 1098.000) (541.000, 1098.000) on layer: MQ
Net VSS: dangling Wire at (541.000, 3.000) (541.000, 3.000) on layer: MQ
Net VSS: dangling Wire at (541.000, 47.120) (541.000, 47.120) on layer: MQ
Net VSS: dangling Wire at (535.000, 609.680) (535.000, 609.680) on layer: MQ
Net VSS: dangling Wire at (535.000, 1098.000) (535.000, 1098.000) on layer: MQ
Net VSS: dangling Wire at (535.000, 3.000) (535.000, 3.000) on layer: MQ
Net VSS: dangling Wire at (535.000, 47.120) (535.000, 47.120) on layer: MQ
Net VSS: dangling Wire at (529.000, 609.680) (529.000, 609.680) on layer: MQ
Net VSS: dangling Wire at (529.000, 1098.000) (529.000, 1098.000) on layer: MQ
Net VSS: dangling Wire at (529.000, 3.000) (529.000, 3.000) on layer: MQ
Net VSS: dangling Wire at (529.000, 47.120) (529.000, 47.120) on layer: MQ
Net VSS: dangling Wire at (523.000, 609.680) (523.000, 609.680) on layer: MQ
Net VSS: dangling Wire at (523.000, 1098.000) (523.000, 1098.000) on layer: MQ
Net VSS: dangling Wire at (523.000, 3.000) (523.000, 3.000) on layer: MQ
Net VSS: dangling Wire at (523.000, 47.120) (523.000, 47.120) on layer: MQ
Net VSS: dangling Wire at (517.000, 609.680) (517.000, 609.680) on layer: MQ
Net VSS: dangling Wire at (517.000, 1098.000) (517.000, 1098.000) on layer: MQ
Net VSS: dangling Wire at (517.000, 3.000) (517.000, 3.000) on layer: MQ
Net VSS: dangling Wire at (517.000, 47.120) (517.000, 47.120) on layer: MQ
Net VSS: dangling Wire at (511.000, 609.680) (511.000, 609.680) on layer: MQ
Net VSS: dangling Wire at (511.000, 1098.000) (511.000, 1098.000) on layer: MQ
Net VSS: dangling Wire at (511.000, 3.000) (511.000, 3.000) on layer: MQ
Net VSS: dangling Wire at (511.000, 47.120) (511.000, 47.120) on layer: MQ
Net VSS: dangling Wire at (505.000, 609.680) (505.000, 609.680) on layer: MQ
Net VSS: dangling Wire at (505.000, 1098.000) (505.000, 1098.000) on layer: MQ
Net VSS: dangling Wire at (505.000, 3.000) (505.000, 3.000) on layer: MQ
Net VSS: dangling Wire at (505.000, 47.120) (505.000, 47.120) on layer: MQ
Net VSS: dangling Wire at (499.000, 609.680) (499.000, 609.680) on layer: MQ
Net VSS: dangling Wire at (499.000, 1098.000) (499.000, 1098.000) on layer: MQ
Net VSS: dangling Wire at (499.000, 3.000) (499.000, 3.000) on layer: MQ
Net VSS: dangling Wire at (499.000, 47.120) (499.000, 47.120) on layer: MQ
Net VSS: dangling Wire at (493.000, 609.680) (493.000, 609.680) on layer: MQ
Net VSS: dangling Wire at (493.000, 1098.000) (493.000, 1098.000) on layer: MQ
Net VSS: dangling Wire at (493.000, 3.000) (493.000, 3.000) on layer: MQ
Net VSS: dangling Wire at (493.000, 47.120) (493.000, 47.120) on layer: MQ
Net VSS: dangling Wire at (487.000, 609.680) (487.000, 609.680) on layer: MQ
Net VSS: dangling Wire at (487.000, 1098.000) (487.000, 1098.000) on layer: MQ
Net VSS: dangling Wire at (487.000, 3.000) (487.000, 3.000) on layer: MQ
Net VSS: dangling Wire at (487.000, 47.120) (487.000, 47.120) on layer: MQ
Net VSS: dangling Wire at (481.000, 609.680) (481.000, 609.680) on layer: MQ
Net VSS: dangling Wire at (481.000, 1098.000) (481.000, 1098.000) on layer: MQ
Net VSS: dangling Wire at (481.000, 3.000) (481.000, 3.000) on layer: MQ
Net VSS: dangling Wire at (481.000, 47.120) (481.000, 47.120) on layer: MQ
Net VSS: dangling Wire at (475.000, 609.680) (475.000, 609.680) on layer: MQ
Net VSS: dangling Wire at (475.000, 1098.000) (475.000, 1098.000) on layer: MQ
Net VSS: dangling Wire at (475.000, 3.000) (475.000, 3.000) on layer: MQ
Net VSS: dangling Wire at (475.000, 47.120) (475.000, 47.120) on layer: MQ
Net VSS: dangling Wire at (469.000, 609.680) (469.000, 609.680) on layer: MQ
Net VSS: dangling Wire at (469.000, 1098.000) (469.000, 1098.000) on layer: MQ
Net VSS: dangling Wire at (469.000, 3.000) (469.000, 3.000) on layer: MQ
Net VSS: dangling Wire at (469.000, 47.120) (469.000, 47.120) on layer: MQ
Net VSS: dangling Wire at (463.000, 609.680) (463.000, 609.680) on layer: MQ
Net VSS: dangling Wire at (463.000, 1098.000) (463.000, 1098.000) on layer: MQ
Net VSS: dangling Wire at (463.000, 3.000) (463.000, 3.000) on layer: MQ
Net VSS: dangling Wire at (463.000, 47.120) (463.000, 47.120) on layer: MQ
Net VSS: dangling Wire at (457.000, 609.680) (457.000, 609.680) on layer: MQ
Net VSS: dangling Wire at (457.000, 1098.000) (457.000, 1098.000) on layer: MQ
Net VSS: dangling Wire at (457.000, 3.000) (457.000, 3.000) on layer: MQ
Net VSS: dangling Wire at (457.000, 47.120) (457.000, 47.120) on layer: MQ
Net VSS: dangling Wire at (451.000, 609.680) (451.000, 609.680) on layer: MQ
Net VSS: dangling Wire at (451.000, 1098.000) (451.000, 1098.000) on layer: MQ
Net VSS: dangling Wire at (451.000, 3.000) (451.000, 3.000) on layer: MQ
Net VSS: dangling Wire at (451.000, 47.120) (451.000, 47.120) on layer: MQ
Net VSS: dangling Wire at (445.000, 609.680) (445.000, 609.680) on layer: MQ
Net VSS: dangling Wire at (445.000, 1098.000) (445.000, 1098.000) on layer: MQ
Net VSS: dangling Wire at (445.000, 3.000) (445.000, 3.000) on layer: MQ
Net VSS: dangling Wire at (445.000, 47.120) (445.000, 47.120) on layer: MQ
Net VSS: dangling Wire at (439.000, 609.680) (439.000, 609.680) on layer: MQ
Net VSS: dangling Wire at (439.000, 1098.000) (439.000, 1098.000) on layer: MQ
Net VSS: dangling Wire at (439.000, 3.000) (439.000, 3.000) on layer: MQ
Net VSS: dangling Wire at (439.000, 47.120) (439.000, 47.120) on layer: MQ
Net VSS: dangling Wire at (433.000, 609.680) (433.000, 609.680) on layer: MQ
Net VSS: dangling Wire at (433.000, 1098.000) (433.000, 1098.000) on layer: MQ
Net VSS: dangling Wire at (433.000, 3.000) (433.000, 3.000) on layer: MQ
Net VSS: dangling Wire at (433.000, 47.120) (433.000, 47.120) on layer: MQ
Net VSS: dangling Wire at (427.000, 609.680) (427.000, 609.680) on layer: MQ
Net VSS: dangling Wire at (427.000, 1098.000) (427.000, 1098.000) on layer: MQ
Net VSS: dangling Wire at (427.000, 3.000) (427.000, 3.000) on layer: MQ
Net VSS: dangling Wire at (427.000, 47.120) (427.000, 47.120) on layer: MQ
Net VSS: dangling Wire at (421.000, 609.680) (421.000, 609.680) on layer: MQ
Net VSS: dangling Wire at (421.000, 1098.000) (421.000, 1098.000) on layer: MQ
Net VSS: dangling Wire at (421.000, 3.000) (421.000, 3.000) on layer: MQ
Net VSS: dangling Wire at (421.000, 47.120) (421.000, 47.120) on layer: MQ
Net VSS: dangling Wire at (415.000, 609.680) (415.000, 609.680) on layer: MQ
Net VSS: dangling Wire at (415.000, 1098.000) (415.000, 1098.000) on layer: MQ
Net VSS: dangling Wire at (415.000, 3.000) (415.000, 3.000) on layer: MQ
Net VSS: dangling Wire at (415.000, 47.120) (415.000, 47.120) on layer: MQ
Net VSS: dangling Wire at (409.000, 609.680) (409.000, 609.680) on layer: MQ
Net VSS: dangling Wire at (409.000, 1098.000) (409.000, 1098.000) on layer: MQ
Net VSS: dangling Wire at (409.000, 3.000) (409.000, 3.000) on layer: MQ
Net VSS: dangling Wire at (409.000, 47.120) (409.000, 47.120) on layer: MQ
Net VSS: dangling Wire at (403.000, 609.680) (403.000, 609.680) on layer: MQ
Net VSS: dangling Wire at (403.000, 1098.000) (403.000, 1098.000) on layer: MQ
Net VSS: dangling Wire at (403.000, 3.000) (403.000, 3.000) on layer: MQ
Net VSS: dangling Wire at (403.000, 47.120) (403.000, 47.120) on layer: MQ
Net VSS: dangling Wire at (397.000, 609.680) (397.000, 609.680) on layer: MQ
Net VSS: dangling Wire at (397.000, 1098.000) (397.000, 1098.000) on layer: MQ
Net VSS: dangling Wire at (397.000, 3.000) (397.000, 3.000) on layer: MQ
Net VSS: dangling Wire at (397.000, 47.120) (397.000, 47.120) on layer: MQ
Net VSS: dangling Wire at (391.000, 609.680) (391.000, 609.680) on layer: MQ
Net VSS: dangling Wire at (391.000, 1098.000) (391.000, 1098.000) on layer: MQ
Net VSS: dangling Wire at (391.000, 3.000) (391.000, 3.000) on layer: MQ
Net VSS: dangling Wire at (391.000, 47.120) (391.000, 47.120) on layer: MQ
Net VSS: dangling Wire at (385.000, 609.680) (385.000, 609.680) on layer: MQ
Net VSS: dangling Wire at (385.000, 1098.000) (385.000, 1098.000) on layer: MQ
Net VSS: dangling Wire at (385.000, 3.000) (385.000, 3.000) on layer: MQ
Net VSS: dangling Wire at (385.000, 47.120) (385.000, 47.120) on layer: MQ
Net VSS: dangling Wire at (379.000, 609.680) (379.000, 609.680) on layer: MQ
Net VSS: dangling Wire at (379.000, 1098.000) (379.000, 1098.000) on layer: MQ
Net VSS: dangling Wire at (379.000, 3.000) (379.000, 3.000) on layer: MQ
Net VSS: dangling Wire at (379.000, 47.120) (379.000, 47.120) on layer: MQ
Net VSS: dangling Wire at (373.000, 609.680) (373.000, 609.680) on layer: MQ
Net VSS: dangling Wire at (373.000, 1098.000) (373.000, 1098.000) on layer: MQ
Net VSS: dangling Wire at (373.000, 3.000) (373.000, 3.000) on layer: MQ
Net VSS: dangling Wire at (373.000, 47.120) (373.000, 47.120) on layer: MQ
Net VSS: dangling Wire at (367.000, 609.680) (367.000, 609.680) on layer: MQ
Net VSS: dangling Wire at (367.000, 1098.000) (367.000, 1098.000) on layer: MQ
Net VSS: dangling Wire at (367.000, 3.000) (367.000, 3.000) on layer: MQ
Net VSS: dangling Wire at (367.000, 47.120) (367.000, 47.120) on layer: MQ
Net VSS: dangling Wire at (361.000, 609.680) (361.000, 609.680) on layer: MQ
Net VSS: dangling Wire at (361.000, 1098.000) (361.000, 1098.000) on layer: MQ
Net VSS: dangling Wire at (361.000, 3.000) (361.000, 3.000) on layer: MQ
Net VSS: dangling Wire at (361.000, 47.120) (361.000, 47.120) on layer: MQ
Net VSS: dangling Wire at (355.000, 609.680) (355.000, 609.680) on layer: MQ
Net VSS: dangling Wire at (355.000, 1098.000) (355.000, 1098.000) on layer: MQ
Net VSS: dangling Wire at (355.000, 3.000) (355.000, 3.000) on layer: MQ
Net VSS: dangling Wire at (355.000, 47.120) (355.000, 47.120) on layer: MQ
Net VSS: dangling Wire at (349.000, 609.680) (349.000, 609.680) on layer: MQ
Net VSS: dangling Wire at (349.000, 1098.000) (349.000, 1098.000) on layer: MQ
Net VSS: dangling Wire at (349.000, 3.000) (349.000, 3.000) on layer: MQ
Net VSS: dangling Wire at (349.000, 47.120) (349.000, 47.120) on layer: MQ
Net VSS: dangling Wire at (343.000, 609.680) (343.000, 609.680) on layer: MQ
Net VSS: dangling Wire at (343.000, 1098.000) (343.000, 1098.000) on layer: MQ
Net VSS: dangling Wire at (343.000, 3.000) (343.000, 3.000) on layer: MQ
Net VSS: dangling Wire at (343.000, 47.120) (343.000, 47.120) on layer: MQ
Net VSS: dangling Wire at (337.000, 609.680) (337.000, 609.680) on layer: MQ
Net VSS: dangling Wire at (337.000, 1098.000) (337.000, 1098.000) on layer: MQ
Net VSS: dangling Wire at (337.000, 3.000) (337.000, 3.000) on layer: MQ
Net VSS: dangling Wire at (337.000, 47.120) (337.000, 47.120) on layer: MQ
Net VSS: dangling Wire at (331.000, 609.680) (331.000, 609.680) on layer: MQ
Net VSS: dangling Wire at (331.000, 1098.000) (331.000, 1098.000) on layer: MQ
Net VSS: dangling Wire at (331.000, 3.000) (331.000, 3.000) on layer: MQ
Net VSS: dangling Wire at (331.000, 47.120) (331.000, 47.120) on layer: MQ
Net VSS: dangling Wire at (325.000, 609.680) (325.000, 609.680) on layer: MQ
Net VSS: dangling Wire at (325.000, 1098.000) (325.000, 1098.000) on layer: MQ
Net VSS: dangling Wire at (325.000, 3.000) (325.000, 3.000) on layer: MQ
Net VSS: dangling Wire at (325.000, 47.120) (325.000, 47.120) on layer: MQ
Net VSS: dangling Wire at (319.000, 609.680) (319.000, 609.680) on layer: MQ
Net VSS: dangling Wire at (319.000, 1098.000) (319.000, 1098.000) on layer: MQ
Net VSS: dangling Wire at (319.000, 3.000) (319.000, 3.000) on layer: MQ
Net VSS: dangling Wire at (319.000, 47.120) (319.000, 47.120) on layer: MQ
Net VSS: dangling Wire at (313.000, 609.680) (313.000, 609.680) on layer: MQ
Net VSS: dangling Wire at (313.000, 1098.000) (313.000, 1098.000) on layer: MQ
Net VSS: dangling Wire at (313.000, 3.000) (313.000, 3.000) on layer: MQ
Net VSS: dangling Wire at (313.000, 47.120) (313.000, 47.120) on layer: MQ
Net VSS: dangling Wire at (307.000, 609.680) (307.000, 609.680) on layer: MQ
Net VSS: dangling Wire at (307.000, 1098.000) (307.000, 1098.000) on layer: MQ
Net VSS: dangling Wire at (307.000, 3.000) (307.000, 3.000) on layer: MQ
Net VSS: dangling Wire at (307.000, 47.120) (307.000, 47.120) on layer: MQ
Net VSS: dangling Wire at (301.000, 609.680) (301.000, 609.680) on layer: MQ
Net VSS: dangling Wire at (301.000, 1098.000) (301.000, 1098.000) on layer: MQ
Net VSS: dangling Wire at (301.000, 3.000) (301.000, 3.000) on layer: MQ
Net VSS: dangling Wire at (301.000, 47.120) (301.000, 47.120) on layer: MQ
Net VSS: dangling Wire at (295.000, 609.680) (295.000, 609.680) on layer: MQ
Net VSS: dangling Wire at (295.000, 1098.000) (295.000, 1098.000) on layer: MQ
Net VSS: dangling Wire at (295.000, 3.000) (295.000, 3.000) on layer: MQ
Net VSS: dangling Wire at (295.000, 47.120) (295.000, 47.120) on layer: MQ
Net VSS: dangling Wire at (289.000, 609.680) (289.000, 609.680) on layer: MQ
Net VSS: dangling Wire at (289.000, 1098.000) (289.000, 1098.000) on layer: MQ
Net VSS: dangling Wire at (289.000, 3.000) (289.000, 3.000) on layer: MQ
Net VSS: dangling Wire at (289.000, 47.120) (289.000, 47.120) on layer: MQ
Net VSS: dangling Wire at (283.000, 609.680) (283.000, 609.680) on layer: MQ
Net VSS: dangling Wire at (283.000, 1098.000) (283.000, 1098.000) on layer: MQ
Net VSS: dangling Wire at (283.000, 3.000) (283.000, 3.000) on layer: MQ
Net VSS: dangling Wire at (283.000, 47.120) (283.000, 47.120) on layer: MQ
Net VSS: dangling Wire at (277.000, 609.680) (277.000, 609.680) on layer: MQ
Net VSS: dangling Wire at (277.000, 1098.000) (277.000, 1098.000) on layer: MQ
Net VSS: dangling Wire at (277.000, 3.000) (277.000, 3.000) on layer: MQ
Net VSS: dangling Wire at (277.000, 47.120) (277.000, 47.120) on layer: MQ
Net VSS: dangling Wire at (271.000, 609.680) (271.000, 609.680) on layer: MQ
Net VSS: dangling Wire at (271.000, 1098.000) (271.000, 1098.000) on layer: MQ
Net VSS: dangling Wire at (271.000, 3.000) (271.000, 3.000) on layer: MQ
Net VSS: dangling Wire at (271.000, 47.120) (271.000, 47.120) on layer: MQ
Net VSS: dangling Wire at (265.000, 609.680) (265.000, 609.680) on layer: MQ
Net VSS: dangling Wire at (265.000, 1098.000) (265.000, 1098.000) on layer: MQ
Net VSS: dangling Wire at (265.000, 3.000) (265.000, 3.000) on layer: MQ
Net VSS: dangling Wire at (265.000, 47.120) (265.000, 47.120) on layer: MQ
Net VSS: dangling Wire at (259.000, 609.680) (259.000, 609.680) on layer: MQ
Net VSS: dangling Wire at (259.000, 1098.000) (259.000, 1098.000) on layer: MQ
Net VSS: dangling Wire at (259.000, 3.000) (259.000, 3.000) on layer: MQ
Net VSS: dangling Wire at (259.000, 47.120) (259.000, 47.120) on layer: MQ
Net VSS: dangling Wire at (253.000, 609.680) (253.000, 609.680) on layer: MQ
Net VSS: dangling Wire at (253.000, 1098.000) (253.000, 1098.000) on layer: MQ
Net VSS: dangling Wire at (253.000, 3.000) (253.000, 3.000) on layer: MQ
Net VSS: dangling Wire at (253.000, 47.120) (253.000, 47.120) on layer: MQ
Net VSS: dangling Wire at (247.000, 609.680) (247.000, 609.680) on layer: MQ
Net VSS: dangling Wire at (247.000, 1098.000) (247.000, 1098.000) on layer: MQ
Net VSS: dangling Wire at (247.000, 3.000) (247.000, 3.000) on layer: MQ
Net VSS: dangling Wire at (247.000, 47.120) (247.000, 47.120) on layer: MQ
Net VSS: dangling Wire at (241.000, 609.680) (241.000, 609.680) on layer: MQ
Net VSS: dangling Wire at (241.000, 1098.000) (241.000, 1098.000) on layer: MQ
Net VSS: dangling Wire at (241.000, 3.000) (241.000, 3.000) on layer: MQ
Net VSS: dangling Wire at (241.000, 47.120) (241.000, 47.120) on layer: MQ
Net VSS: dangling Wire at (235.000, 609.680) (235.000, 609.680) on layer: MQ
Net VSS: dangling Wire at (235.000, 1098.000) (235.000, 1098.000) on layer: MQ
Net VSS: dangling Wire at (235.000, 3.000) (235.000, 3.000) on layer: MQ
Net VSS: dangling Wire at (235.000, 47.120) (235.000, 47.120) on layer: MQ
Net VSS: dangling Wire at (229.000, 609.680) (229.000, 609.680) on layer: MQ
Net VSS: dangling Wire at (229.000, 1098.000) (229.000, 1098.000) on layer: MQ
Net VSS: dangling Wire at (229.000, 3.000) (229.000, 3.000) on layer: MQ
Net VSS: dangling Wire at (229.000, 47.120) (229.000, 47.120) on layer: MQ
Net VSS: dangling Wire at (223.000, 609.680) (223.000, 609.680) on layer: MQ
Net VSS: dangling Wire at (223.000, 1098.000) (223.000, 1098.000) on layer: MQ
Net VSS: dangling Wire at (223.000, 3.000) (223.000, 3.000) on layer: MQ
Net VSS: dangling Wire at (223.000, 47.120) (223.000, 47.120) on layer: MQ
Net VSS: dangling Wire at (217.000, 609.680) (217.000, 609.680) on layer: MQ
Net VSS: dangling Wire at (217.000, 1098.000) (217.000, 1098.000) on layer: MQ
Net VSS: dangling Wire at (217.000, 3.000) (217.000, 3.000) on layer: MQ
Net VSS: dangling Wire at (217.000, 47.120) (217.000, 47.120) on layer: MQ
Net VSS: dangling Wire at (211.000, 609.680) (211.000, 609.680) on layer: MQ
Net VSS: dangling Wire at (211.000, 1098.000) (211.000, 1098.000) on layer: MQ
Net VSS: dangling Wire at (211.000, 3.000) (211.000, 3.000) on layer: MQ
Net VSS: dangling Wire at (211.000, 47.120) (211.000, 47.120) on layer: MQ
Net VSS: dangling Wire at (205.000, 609.680) (205.000, 609.680) on layer: MQ
Net VSS: dangling Wire at (205.000, 1098.000) (205.000, 1098.000) on layer: MQ
Net VSS: dangling Wire at (205.000, 3.000) (205.000, 3.000) on layer: MQ
Net VSS: dangling Wire at (205.000, 47.120) (205.000, 47.120) on layer: MQ
Net VSS: dangling Wire at (199.000, 609.680) (199.000, 609.680) on layer: MQ
Net VSS: dangling Wire at (199.000, 1098.000) (199.000, 1098.000) on layer: MQ
Net VSS: dangling Wire at (199.000, 3.000) (199.000, 3.000) on layer: MQ
Net VSS: dangling Wire at (199.000, 47.120) (199.000, 47.120) on layer: MQ
Net VSS: dangling Wire at (193.000, 609.680) (193.000, 609.680) on layer: MQ
Net VSS: dangling Wire at (193.000, 1098.000) (193.000, 1098.000) on layer: MQ
Net VSS: dangling Wire at (193.000, 3.000) (193.000, 3.000) on layer: MQ
Net VSS: dangling Wire at (193.000, 47.120) (193.000, 47.120) on layer: MQ
Net VSS: dangling Wire at (187.000, 609.680) (187.000, 609.680) on layer: MQ
Net VSS: dangling Wire at (187.000, 1098.000) (187.000, 1098.000) on layer: MQ
Net VSS: dangling Wire at (187.000, 3.000) (187.000, 3.000) on layer: MQ
Net VSS: dangling Wire at (187.000, 47.120) (187.000, 47.120) on layer: MQ
Net VSS: dangling Wire at (181.000, 609.680) (181.000, 609.680) on layer: MQ
Net VSS: dangling Wire at (181.000, 1098.000) (181.000, 1098.000) on layer: MQ
Net VSS: dangling Wire at (181.000, 3.000) (181.000, 3.000) on layer: MQ
Net VSS: dangling Wire at (181.000, 47.120) (181.000, 47.120) on layer: MQ
Net VSS: dangling Wire at (175.000, 609.680) (175.000, 609.680) on layer: MQ
Net VSS: dangling Wire at (175.000, 1098.000) (175.000, 1098.000) on layer: MQ
Net VSS: dangling Wire at (175.000, 3.000) (175.000, 3.000) on layer: MQ
Net VSS: dangling Wire at (175.000, 47.120) (175.000, 47.120) on layer: MQ
Net VSS: dangling Wire at (169.000, 609.680) (169.000, 609.680) on layer: MQ
Net VSS: dangling Wire at (169.000, 1098.000) (169.000, 1098.000) on layer: MQ
Net VSS: dangling Wire at (169.000, 3.000) (169.000, 3.000) on layer: MQ
Net VSS: dangling Wire at (169.000, 47.120) (169.000, 47.120) on layer: MQ
Net VSS: dangling Wire at (163.000, 609.680) (163.000, 609.680) on layer: MQ
Net VSS: dangling Wire at (163.000, 1098.000) (163.000, 1098.000) on layer: MQ
Net VSS: dangling Wire at (163.000, 3.000) (163.000, 3.000) on layer: MQ
Net VSS: dangling Wire at (163.000, 47.120) (163.000, 47.120) on layer: MQ
Net VSS: dangling Wire at (157.000, 609.680) (157.000, 609.680) on layer: MQ
Net VSS: dangling Wire at (157.000, 1098.000) (157.000, 1098.000) on layer: MQ
Net VSS: dangling Wire at (157.000, 3.000) (157.000, 3.000) on layer: MQ
Net VSS: dangling Wire at (157.000, 47.120) (157.000, 47.120) on layer: MQ
Net VSS: dangling Wire at (151.000, 609.680) (151.000, 609.680) on layer: MQ
Net VSS: dangling Wire at (151.000, 1098.000) (151.000, 1098.000) on layer: MQ
Net VSS: dangling Wire at (151.000, 3.000) (151.000, 3.000) on layer: MQ
Net VSS: dangling Wire at (151.000, 47.120) (151.000, 47.120) on layer: MQ
Net VSS: dangling Wire at (145.000, 609.680) (145.000, 609.680) on layer: MQ
Net VSS: dangling Wire at (145.000, 1098.000) (145.000, 1098.000) on layer: MQ
Net VSS: dangling Wire at (145.000, 3.000) (145.000, 3.000) on layer: MQ
Net VSS: dangling Wire at (145.000, 47.120) (145.000, 47.120) on layer: MQ
Net VSS: dangling Wire at (139.000, 609.680) (139.000, 609.680) on layer: MQ
Net VSS: dangling Wire at (139.000, 1098.000) (139.000, 1098.000) on layer: MQ
Net VSS: dangling Wire at (139.000, 3.000) (139.000, 3.000) on layer: MQ
Net VSS: dangling Wire at (139.000, 47.120) (139.000, 47.120) on layer: MQ
Net VSS: dangling Wire at (133.000, 609.680) (133.000, 609.680) on layer: MQ
Net VSS: dangling Wire at (133.000, 1098.000) (133.000, 1098.000) on layer: MQ
Net VSS: dangling Wire at (133.000, 3.000) (133.000, 3.000) on layer: MQ
Net VSS: dangling Wire at (133.000, 47.120) (133.000, 47.120) on layer: MQ
Net VSS: dangling Wire at (127.000, 609.680) (127.000, 609.680) on layer: MQ
Net VSS: dangling Wire at (127.000, 1098.000) (127.000, 1098.000) on layer: MQ
Net VSS: dangling Wire at (127.000, 3.000) (127.000, 3.000) on layer: MQ
Net VSS: dangling Wire at (127.000, 47.120) (127.000, 47.120) on layer: MQ
Net VSS: dangling Wire at (121.000, 609.680) (121.000, 609.680) on layer: MQ
Net VSS: dangling Wire at (121.000, 1098.000) (121.000, 1098.000) on layer: MQ
Net VSS: dangling Wire at (121.000, 3.000) (121.000, 3.000) on layer: MQ
Net VSS: dangling Wire at (121.000, 47.120) (121.000, 47.120) on layer: MQ
Net VSS: dangling Wire at (115.000, 609.680) (115.000, 609.680) on layer: MQ
Net VSS: dangling Wire at (115.000, 1098.000) (115.000, 1098.000) on layer: MQ
Net VSS: dangling Wire at (115.000, 3.000) (115.000, 3.000) on layer: MQ
Net VSS: dangling Wire at (115.000, 47.120) (115.000, 47.120) on layer: MQ
Net VSS: dangling Wire at (109.000, 609.680) (109.000, 609.680) on layer: MQ
Net VSS: dangling Wire at (109.000, 1098.000) (109.000, 1098.000) on layer: MQ
Net VSS: dangling Wire at (109.000, 3.000) (109.000, 3.000) on layer: MQ
Net VSS: dangling Wire at (109.000, 47.120) (109.000, 47.120) on layer: MQ
Net VSS: dangling Wire at (103.000, 609.680) (103.000, 609.680) on layer: MQ
Net VSS: dangling Wire at (103.000, 1098.000) (103.000, 1098.000) on layer: MQ
Net VSS: dangling Wire at (103.000, 3.000) (103.000, 3.000) on layer: MQ
Net VSS: dangling Wire at (103.000, 47.120) (103.000, 47.120) on layer: MQ
Net VSS: dangling Wire at (97.000, 609.680) (97.000, 609.680) on layer: MQ
Net VSS: dangling Wire at (97.000, 1098.000) (97.000, 1098.000) on layer: MQ
Net VSS: dangling Wire at (97.000, 3.000) (97.000, 3.000) on layer: MQ
Net VSS: dangling Wire at (97.000, 47.120) (97.000, 47.120) on layer: MQ
Net VSS: dangling Wire at (91.000, 609.680) (91.000, 609.680) on layer: MQ
Net VSS: dangling Wire at (91.000, 1098.000) (91.000, 1098.000) on layer: MQ
Net VSS: dangling Wire at (91.000, 3.000) (91.000, 3.000) on layer: MQ
Net VSS: dangling Wire at (91.000, 47.120) (91.000, 47.120) on layer: MQ
Net VSS: dangling Wire at (85.000, 609.680) (85.000, 609.680) on layer: MQ
Net VSS: dangling Wire at (85.000, 1098.000) (85.000, 1098.000) on layer: MQ
Net VSS: dangling Wire at (85.000, 3.000) (85.000, 3.000) on layer: MQ
Net VSS: dangling Wire at (85.000, 47.120) (85.000, 47.120) on layer: MQ
Net VSS: dangling Wire at (79.000, 609.680) (79.000, 609.680) on layer: MQ
Net VSS: dangling Wire at (79.000, 1098.000) (79.000, 1098.000) on layer: MQ
Net VSS: dangling Wire at (79.000, 3.000) (79.000, 3.000) on layer: MQ
Net VSS: dangling Wire at (79.000, 47.120) (79.000, 47.120) on layer: MQ
Net VSS: dangling Wire at (73.000, 609.680) (73.000, 609.680) on layer: MQ
Net VSS: dangling Wire at (73.000, 1098.000) (73.000, 1098.000) on layer: MQ
Net VSS: dangling Wire at (73.000, 3.000) (73.000, 3.000) on layer: MQ
Net VSS: dangling Wire at (73.000, 47.120) (73.000, 47.120) on layer: MQ
Net VSS: dangling Wire at (67.000, 609.680) (67.000, 609.680) on layer: MQ
Net VSS: dangling Wire at (67.000, 1098.000) (67.000, 1098.000) on layer: MQ
Net VSS: dangling Wire at (67.000, 3.000) (67.000, 3.000) on layer: MQ
Net VSS: dangling Wire at (67.000, 47.120) (67.000, 47.120) on layer: MQ
Net VSS: dangling Wire at (61.000, 609.680) (61.000, 609.680) on layer: MQ
Net VSS: dangling Wire at (61.000, 1098.000) (61.000, 1098.000) on layer: MQ
Net VSS: dangling Wire at (61.000, 3.000) (61.000, 3.000) on layer: MQ
Net VSS: dangling Wire at (61.000, 47.120) (61.000, 47.120) on layer: MQ
Net VSS: dangling Wire at (55.000, 609.680) (55.000, 609.680) on layer: MQ
Net VSS: dangling Wire at (55.000, 1098.000) (55.000, 1098.000) on layer: MQ
Net VSS: dangling Wire at (55.000, 3.000) (55.000, 3.000) on layer: MQ
Net VSS: dangling Wire at (55.000, 47.120) (55.000, 47.120) on layer: MQ
Net VSS: dangling Wire at (49.000, 609.680) (49.000, 609.680) on layer: MQ
Net VSS: dangling Wire at (49.000, 1098.000) (49.000, 1098.000) on layer: MQ
Net VSS: dangling Wire at (49.000, 3.000) (49.000, 3.000) on layer: MQ
Net VSS: dangling Wire at (49.000, 47.120) (49.000, 47.120) on layer: MQ
Net VSS: dangling Wire at (43.000, 3.000) (43.000, 3.000) on layer: MQ
Net VSS: dangling Wire at (43.000, 1098.000) (43.000, 1098.000) on layer: MQ
Net VSS: dangling Wire at (37.000, 3.000) (37.000, 3.000) on layer: MQ
Net VSS: dangling Wire at (37.000, 1098.000) (37.000, 1098.000) on layer: MQ
Net VSS: dangling Wire at (31.000, 3.000) (31.000, 3.000) on layer: MQ
Net VSS: dangling Wire at (31.000, 1098.000) (31.000, 1098.000) on layer: MQ
Net VSS: dangling Wire at (25.000, 3.000) (25.000, 3.000) on layer: MQ
Net VSS: dangling Wire at (25.000, 1098.000) (25.000, 1098.000) on layer: MQ
Net VSS: dangling Wire at (19.000, 3.000) (19.000, 3.000) on layer: MQ
Net VSS: dangling Wire at (19.000, 1098.000) (19.000, 1098.000) on layer: MQ
Net VSS: dangling Wire at (13.000, 3.000) (13.000, 3.000) on layer: MQ
Net VSS: dangling Wire at (13.000, 1098.000) (13.000, 1098.000) on layer: MQ
Net VSS: dangling Wire at (7.000, 3.000) (7.000, 3.000) on layer: MQ
Net VSS: dangling Wire at (7.000, 1098.000) (7.000, 1098.000) on layer: MQ
Net VSS: dangling Wire at (3.000, 1093.000) (3.000, 1093.000) on layer: MG
Net VSS: dangling Wire at (3.000, 1087.000) (3.000, 1087.000) on layer: MG
Net VSS: dangling Wire at (3.000, 1081.000) (3.000, 1081.000) on layer: MG
Net VSS: dangling Wire at (3.000, 1075.000) (3.000, 1075.000) on layer: MG
Net VSS: dangling Wire at (3.000, 1069.000) (3.000, 1069.000) on layer: MG
Net VSS: dangling Wire at (3.000, 1063.000) (3.000, 1063.000) on layer: MG
Net VSS: dangling Wire at (3.000, 1057.000) (3.000, 1057.000) on layer: MG
Net VSS: dangling Wire at (3.000, 1051.000) (3.000, 1051.000) on layer: MG
Net VSS: dangling Wire at (3.000, 1045.000) (3.000, 1045.000) on layer: MG
Net VSS: dangling Wire at (3.000, 1039.000) (3.000, 1039.000) on layer: MG
Net VSS: dangling Wire at (3.000, 1033.000) (3.000, 1033.000) on layer: MG
Net VSS: dangling Wire at (3.000, 1027.000) (3.000, 1027.000) on layer: MG
Net VSS: dangling Wire at (3.000, 1021.000) (3.000, 1021.000) on layer: MG
Net VSS: dangling Wire at (3.000, 1015.000) (3.000, 1015.000) on layer: MG
Net VSS: dangling Wire at (3.000, 1009.000) (3.000, 1009.000) on layer: MG
Net VSS: dangling Wire at (3.000, 1003.000) (3.000, 1003.000) on layer: MG
Net VSS: dangling Wire at (3.000, 997.000) (3.000, 997.000) on layer: MG
Net VSS: dangling Wire at (3.000, 991.000) (3.000, 991.000) on layer: MG
Net VSS: dangling Wire at (3.000, 985.000) (3.000, 985.000) on layer: MG
Net VSS: dangling Wire at (3.000, 979.000) (3.000, 979.000) on layer: MG
Net VSS: dangling Wire at (3.000, 973.000) (3.000, 973.000) on layer: MG
Net VSS: dangling Wire at (3.000, 967.000) (3.000, 967.000) on layer: MG
Net VSS: dangling Wire at (3.000, 961.000) (3.000, 961.000) on layer: MG
Net VSS: dangling Wire at (3.000, 955.000) (3.000, 955.000) on layer: MG
Net VSS: dangling Wire at (3.000, 949.000) (3.000, 949.000) on layer: MG
Net VSS: dangling Wire at (3.000, 943.000) (3.000, 943.000) on layer: MG
Net VSS: dangling Wire at (3.000, 937.000) (3.000, 937.000) on layer: MG
Net VSS: dangling Wire at (3.000, 931.000) (3.000, 931.000) on layer: MG
Net VSS: dangling Wire at (3.000, 925.000) (3.000, 925.000) on layer: MG
Net VSS: dangling Wire at (3.000, 919.000) (3.000, 919.000) on layer: MG
Net VSS: dangling Wire at (3.000, 913.000) (3.000, 913.000) on layer: MG
Net VSS: dangling Wire at (3.000, 907.000) (3.000, 907.000) on layer: MG
Net VSS: dangling Wire at (3.000, 901.000) (3.000, 901.000) on layer: MG
Net VSS: dangling Wire at (3.000, 895.000) (3.000, 895.000) on layer: MG
Net VSS: dangling Wire at (3.000, 889.000) (3.000, 889.000) on layer: MG
Net VSS: dangling Wire at (3.000, 883.000) (3.000, 883.000) on layer: MG
Net VSS: dangling Wire at (3.000, 877.000) (3.000, 877.000) on layer: MG
Net VSS: dangling Wire at (3.000, 871.000) (3.000, 871.000) on layer: MG
Net VSS: dangling Wire at (3.000, 865.000) (3.000, 865.000) on layer: MG
Net VSS: dangling Wire at (3.000, 859.000) (3.000, 859.000) on layer: MG
Net VSS: dangling Wire at (3.000, 853.000) (3.000, 853.000) on layer: MG
Net VSS: dangling Wire at (3.000, 847.000) (3.000, 847.000) on layer: MG
Net VSS: dangling Wire at (3.000, 841.000) (3.000, 841.000) on layer: MG
Net VSS: dangling Wire at (3.000, 835.000) (3.000, 835.000) on layer: MG
Net VSS: dangling Wire at (3.000, 829.000) (3.000, 829.000) on layer: MG
Net VSS: dangling Wire at (3.000, 823.000) (3.000, 823.000) on layer: MG
Net VSS: dangling Wire at (3.000, 817.000) (3.000, 817.000) on layer: MG
Net VSS: dangling Wire at (3.000, 811.000) (3.000, 811.000) on layer: MG
Net VSS: dangling Wire at (3.000, 805.000) (3.000, 805.000) on layer: MG
Net VSS: dangling Wire at (3.000, 799.000) (3.000, 799.000) on layer: MG
Net VSS: dangling Wire at (3.000, 793.000) (3.000, 793.000) on layer: MG
Net VSS: dangling Wire at (3.000, 787.000) (3.000, 787.000) on layer: MG
Net VSS: dangling Wire at (3.000, 781.000) (3.000, 781.000) on layer: MG
Net VSS: dangling Wire at (3.000, 775.000) (3.000, 775.000) on layer: MG
Net VSS: dangling Wire at (3.000, 769.000) (3.000, 769.000) on layer: MG
Net VSS: dangling Wire at (3.000, 763.000) (3.000, 763.000) on layer: MG
Net VSS: dangling Wire at (3.000, 757.000) (3.000, 757.000) on layer: MG
Net VSS: dangling Wire at (3.000, 751.000) (3.000, 751.000) on layer: MG
Net VSS: dangling Wire at (3.000, 745.000) (3.000, 745.000) on layer: MG
Net VSS: dangling Wire at (3.000, 739.000) (3.000, 739.000) on layer: MG
Net VSS: dangling Wire at (3.000, 733.000) (3.000, 733.000) on layer: MG
Net VSS: dangling Wire at (3.000, 727.000) (3.000, 727.000) on layer: MG
Net VSS: dangling Wire at (3.000, 721.000) (3.000, 721.000) on layer: MG
Net VSS: dangling Wire at (3.000, 715.000) (3.000, 715.000) on layer: MG
Net VSS: dangling Wire at (3.000, 709.000) (3.000, 709.000) on layer: MG
Net VSS: dangling Wire at (3.000, 703.000) (3.000, 703.000) on layer: MG
Net VSS: dangling Wire at (3.000, 697.000) (3.000, 697.000) on layer: MG
Net VSS: dangling Wire at (3.000, 691.000) (3.000, 691.000) on layer: MG
Net VSS: dangling Wire at (3.000, 685.000) (3.000, 685.000) on layer: MG
Net VSS: dangling Wire at (3.000, 679.000) (3.000, 679.000) on layer: MG
Net VSS: dangling Wire at (3.000, 673.000) (3.000, 673.000) on layer: MG
Net VSS: dangling Wire at (3.000, 667.000) (3.000, 667.000) on layer: MG
Net VSS: dangling Wire at (3.000, 661.000) (3.000, 661.000) on layer: MG
Net VSS: dangling Wire at (3.000, 655.000) (3.000, 655.000) on layer: MG
Net VSS: dangling Wire at (3.000, 649.000) (3.000, 649.000) on layer: MG
Net VSS: dangling Wire at (3.000, 643.000) (3.000, 643.000) on layer: MG
Net VSS: dangling Wire at (3.000, 637.000) (3.000, 637.000) on layer: MG
Net VSS: dangling Wire at (3.000, 631.000) (3.000, 631.000) on layer: MG
Net VSS: dangling Wire at (3.000, 625.000) (3.000, 625.000) on layer: MG
Net VSS: dangling Wire at (3.000, 619.000) (3.000, 619.000) on layer: MG
Net VSS: dangling Wire at (3.000, 613.000) (3.000, 613.000) on layer: MG
Net VSS: dangling Wire at (807.680, 607.000) (807.680, 607.000) on layer: MG
Net VSS: dangling Wire at (3.000, 607.000) (3.000, 607.000) on layer: MG
Net VSS: dangling Wire at (47.120, 607.000) (47.120, 607.000) on layer: MG
Net VSS: dangling Wire at (807.680, 601.000) (807.680, 601.000) on layer: MG
Net VSS: dangling Wire at (3.000, 601.000) (3.000, 601.000) on layer: MG
Net VSS: dangling Wire at (47.120, 601.000) (47.120, 601.000) on layer: MG
Net VSS: dangling Wire at (807.680, 595.000) (807.680, 595.000) on layer: MG
Net VSS: dangling Wire at (3.000, 595.000) (3.000, 595.000) on layer: MG
Net VSS: dangling Wire at (47.120, 595.000) (47.120, 595.000) on layer: MG
Net VSS: dangling Wire at (807.680, 589.000) (807.680, 589.000) on layer: MG
Net VSS: dangling Wire at (3.000, 589.000) (3.000, 589.000) on layer: MG
Net VSS: dangling Wire at (47.120, 589.000) (47.120, 589.000) on layer: MG
Net VSS: dangling Wire at (807.680, 583.000) (807.680, 583.000) on layer: MG
Net VSS: dangling Wire at (3.000, 583.000) (3.000, 583.000) on layer: MG
Net VSS: dangling Wire at (47.120, 583.000) (47.120, 583.000) on layer: MG
Net VSS: dangling Wire at (807.680, 577.000) (807.680, 577.000) on layer: MG
Net VSS: dangling Wire at (3.000, 577.000) (3.000, 577.000) on layer: MG
Net VSS: dangling Wire at (47.120, 577.000) (47.120, 577.000) on layer: MG
Net VSS: dangling Wire at (807.680, 571.000) (807.680, 571.000) on layer: MG
Net VSS: dangling Wire at (3.000, 571.000) (3.000, 571.000) on layer: MG
Net VSS: dangling Wire at (47.120, 571.000) (47.120, 571.000) on layer: MG
Net VSS: dangling Wire at (807.680, 565.000) (807.680, 565.000) on layer: MG
Net VSS: dangling Wire at (3.000, 565.000) (3.000, 565.000) on layer: MG
Net VSS: dangling Wire at (47.120, 565.000) (47.120, 565.000) on layer: MG
Net VSS: dangling Wire at (807.680, 559.000) (807.680, 559.000) on layer: MG
Net VSS: dangling Wire at (3.000, 559.000) (3.000, 559.000) on layer: MG
Net VSS: dangling Wire at (47.120, 559.000) (47.120, 559.000) on layer: MG
Net VSS: dangling Wire at (807.680, 553.000) (807.680, 553.000) on layer: MG
Net VSS: dangling Wire at (3.000, 553.000) (3.000, 553.000) on layer: MG
Net VSS: dangling Wire at (47.120, 553.000) (47.120, 553.000) on layer: MG
Net VSS: dangling Wire at (807.680, 547.000) (807.680, 547.000) on layer: MG
Net VSS: dangling Wire at (3.000, 547.000) (3.000, 547.000) on layer: MG
Net VSS: dangling Wire at (47.120, 547.000) (47.120, 547.000) on layer: MG
Net VSS: dangling Wire at (807.680, 541.000) (807.680, 541.000) on layer: MG
Net VSS: dangling Wire at (3.000, 541.000) (3.000, 541.000) on layer: MG
Net VSS: dangling Wire at (47.120, 541.000) (47.120, 541.000) on layer: MG
Net VSS: dangling Wire at (807.680, 535.000) (807.680, 535.000) on layer: MG
Net VSS: dangling Wire at (3.000, 535.000) (3.000, 535.000) on layer: MG
Net VSS: dangling Wire at (47.120, 535.000) (47.120, 535.000) on layer: MG
Net VSS: dangling Wire at (807.680, 529.000) (807.680, 529.000) on layer: MG
Net VSS: dangling Wire at (3.000, 529.000) (3.000, 529.000) on layer: MG
Net VSS: dangling Wire at (47.120, 529.000) (47.120, 529.000) on layer: MG
Net VSS: dangling Wire at (807.680, 523.000) (807.680, 523.000) on layer: MG
Net VSS: dangling Wire at (3.000, 523.000) (3.000, 523.000) on layer: MG
Net VSS: dangling Wire at (47.120, 523.000) (47.120, 523.000) on layer: MG
Net VSS: dangling Wire at (807.680, 517.000) (807.680, 517.000) on layer: MG
Net VSS: dangling Wire at (3.000, 517.000) (3.000, 517.000) on layer: MG
Net VSS: dangling Wire at (47.120, 517.000) (47.120, 517.000) on layer: MG
Net VSS: dangling Wire at (807.680, 511.000) (807.680, 511.000) on layer: MG
Net VSS: dangling Wire at (3.000, 511.000) (3.000, 511.000) on layer: MG
Net VSS: dangling Wire at (47.120, 511.000) (47.120, 511.000) on layer: MG
Net VSS: dangling Wire at (807.680, 505.000) (807.680, 505.000) on layer: MG
Net VSS: dangling Wire at (3.000, 505.000) (3.000, 505.000) on layer: MG
Net VSS: dangling Wire at (47.120, 505.000) (47.120, 505.000) on layer: MG
Net VSS: dangling Wire at (807.680, 499.000) (807.680, 499.000) on layer: MG
Net VSS: dangling Wire at (3.000, 499.000) (3.000, 499.000) on layer: MG
Net VSS: dangling Wire at (47.120, 499.000) (47.120, 499.000) on layer: MG
Net VSS: dangling Wire at (807.680, 493.000) (807.680, 493.000) on layer: MG
Net VSS: dangling Wire at (3.000, 493.000) (3.000, 493.000) on layer: MG
Net VSS: dangling Wire at (47.120, 493.000) (47.120, 493.000) on layer: MG
Net VSS: dangling Wire at (807.680, 487.000) (807.680, 487.000) on layer: MG
Net VSS: dangling Wire at (3.000, 487.000) (3.000, 487.000) on layer: MG
Net VSS: dangling Wire at (47.120, 487.000) (47.120, 487.000) on layer: MG
Net VSS: dangling Wire at (807.680, 481.000) (807.680, 481.000) on layer: MG
Net VSS: dangling Wire at (3.000, 481.000) (3.000, 481.000) on layer: MG
Net VSS: dangling Wire at (47.120, 481.000) (47.120, 481.000) on layer: MG
Net VSS: dangling Wire at (807.680, 475.000) (807.680, 475.000) on layer: MG
Net VSS: dangling Wire at (3.000, 475.000) (3.000, 475.000) on layer: MG
Net VSS: dangling Wire at (47.120, 475.000) (47.120, 475.000) on layer: MG

Begin Summary
    81 Problem(s) (IMPVFC-96): Terminal(s) are not connected.
    2 Problem(s) (IMPVFC-200): Special Wires: Pieces of the net are not connected together.
    917 Problem(s) (IMPVFC-94): The net has dangling wire(s).
    1000 total info(s) created.
End Summary
