
                           Design Compiler Graphical 
                                 DC Ultra (TM)
                                  DFTMAX (TM)
                              Power Compiler (TM)
                                 DesignWare (R)
                                 DC Expert (TM)
                               Design Vision (TM)
                               HDL Compiler (TM)
                               VHDL Compiler (TM)
                                  DFT Compiler
                               Design Compiler(R)

              Version O-2018.06-SP5-1 for linux64 - Mar 08, 2019 

                    Copyright (c) 1988 - 2019 Synopsys, Inc.
   This software and the associated documentation are proprietary to Synopsys,
 Inc. This software may only be used in accordance with the terms and conditions
 of a written license agreement with Synopsys, Inc. All other use, reproduction,
            or distribution of this software is strictly prohibited.
Initializing...
enable_write_lib_mode
Warning: This dc_shell session is for library operations only. You should not perform optimization on the design. Please exit when you are finished with the library operation. (UIL-93)
1
# Please change the below lib to your lib file
read_lib dmem_tt_1p2v_25c_syn.lib
Reading '/homes/user/stud/fall23/yx2821/6321-ibex/ibex-master/mem_db/dmem_tt_1p2v_25c_syn.lib' ...
Warning: Line 58, The 'internal_power_calculation' attribute in char_config group is required for NLPM library. 
	No default can be applied to this attribute. (LBDB-366)
Technology library 'USERLIB' read successfully
1
1
list_lib
Logical Libraries:
-------------------------------------------------------------------------
Library		File			Path
-------		----			----
  USERLIB	USERLIB.db		/homes/user/stud/fall23/yx2821/6321-ibex/ibex-master/mem_db
1
# You can read your lib namei from list_lib and modify USERLIB accordingly; change the output filename if needed
write_lib USERLIB -output ./dmem_tt_1p2v_25c_syn.db
Wrote the 'USERLIB' library to '/homes/user/stud/fall23/yx2821/6321-ibex/ibex-master/mem_db/dmem_tt_1p2v_25c_syn.db' successfully.
1
#write_lib USERLIB 
quit

Thank you...
