*----------------------------------------------------------------------------------------
*	Innovus 19.10-p002_1 (64bit) 04/19/2019 15:18 (Linux 2.6.32-431.11.2.el6.x86_64)
*	
*
* 	Date & Time:	2020-May-29 13:00:11 (2020-May-29 17:00:11 GMT)
*
*----------------------------------------------------------------------------------------
*
*	Design: mult8x8
*
*	Liberty Libraries used: 
*	        typical: /courses/ee6321/share/ibm13rflpvt/synopsys/scx3_cmos8rf_lpvt_tt_1p2v_25c.lib
*
*	Power Domain used: 
*              Rail:        VDD      Voltage:        1.2 
*
*       Power View : typical
*
*       User-Defined Activity : N.A.
*
*       Activity File: N.A.
*
*       Hierarchical Global Activity: N.A.
*
*       Global Activity: N.A.
*
*       Sequential Element Activity: 0.200000
*
*       Primary Input Activity: 0.200000
*
*       Default icg ratio: N.A.
*
*       Global Comb ClockGate Ratio: N.A.
*
*	Power Units = 1mW
*
*	Time Units = 1e-09 secs 
*
*       report_power -outfile mult8x8.power.rpt -leakage -cap -nworst -pg_pin
*
-----------------------------------------------------------------------------------------


Total Power 
-----------------------------------------------------------------------------------------
Total Leakage Power:         0.00001187 
-----------------------------------------------------------------------------------------


Group                           Leakage       Percentage 
                                Power         (%)        
-----------------------------------------------------------------------------------------
Sequential                     6.608e-06       55.67 
Macro                                  0           0 
IO                                     0           0 
Combinational                  5.263e-06       44.33 
Clock (Combinational)                  0           0 
Clock (Sequential)                     0           0 
-----------------------------------------------------------------------------------------
Total                          1.187e-05         100 
-----------------------------------------------------------------------------------------


Rail                  Voltage   Leakage       Percentage 
                                Power         (%)        
-----------------------------------------------------------------------------------------
VDD                       1.2  1.187e-05         100 


Capacitance Report
 Total Cap    Net Cap    Pin Cap  Net name
------------------------------------------
 7.698e-15  3.039e-15  4.659e-15  FE_OCPN143_FE_OFN32_resetn
 9.764e-15  1.111e-15  8.653e-15  FE_RN_12_0
 9.837e-15  1.184e-15  8.653e-15  FE_RN_11_0
 1.432e-14  7.079e-16  1.361e-14  FE_OFN142_resetn
  9.62e-15  9.666e-16  8.653e-15  FE_RN_10_0
 2.112e-14  5.922e-15   1.52e-14  FE_RN_9_0
 3.785e-15  1.246e-15  2.539e-15  FE_RN_8_0
  4.77e-15  5.586e-16  4.211e-15  FE_RN_7_0
 3.182e-15  1.576e-15  1.606e-15  FE_RN_6_0
 4.524e-15  9.126e-16  3.611e-15  FE_RN_5_0
 3.456e-15  2.033e-15  1.423e-15  FE_RN_4_0
 4.225e-15  1.872e-15  2.353e-15  FE_RN_3_0
 4.827e-15  6.158e-16  4.211e-15  FE_RN_2_0
 4.508e-15   8.97e-16  3.611e-15  FE_RN_1_0
 5.964e-15  1.601e-15  4.363e-15  FE_RN_0_0
 7.882e-15  1.387e-15  6.495e-15  FE_OFN131_FE_DBTN13_resetn
 1.573e-14  3.095e-15  1.263e-14  FE_OFN126_resetn
 1.976e-14  8.654e-15  1.111e-14  FE_OFN121_FE_DBTN9_n253
 1.208e-14  4.427e-15   7.65e-15  FE_OFN86_FE_DBTN5_n243
 1.163e-14  3.984e-15   7.65e-15  FE_OFN85_FE_DBTN5_n243
 1.341e-14  2.335e-15  1.107e-14  FE_OFN120_FE_DBTN13_resetn
 1.542e-14  2.541e-15  1.287e-14  FE_OFN119_resetn
 1.353e-14  4.417e-15  9.113e-15  FE_OFN83_n
 1.608e-14  2.819e-15  1.326e-14  FE_OFN82_n
 8.139e-15  1.451e-15  6.688e-15  FE_OFN81_n
 8.379e-15  8.051e-16  7.574e-15  FE_OFN80_n
 6.811e-15  2.468e-15  4.343e-15  FE_OFN79_n
 4.643e-15  1.537e-15  3.106e-15  FE_OFN78_n
 4.856e-15   1.75e-15  3.106e-15  FE_OFN77_n
 1.528e-14  2.729e-15  1.255e-14  FE_OFN76_n
 4.759e-15  1.653e-15  3.106e-15  FE_OFN75_n
 8.632e-15  2.349e-15  6.283e-15  FE_OFN74_n
 1.318e-14  2.431e-15  1.074e-14  FE_OFN73_FE_OFN22_resetn
 6.369e-15  1.833e-15  4.536e-15  FE_OFN72_FE_OFN65_FE_DBTN0_n238
 1.257e-14  3.495e-15  9.072e-15  FE_OFN71_FE_OFN65_FE_DBTN0_n238
 8.258e-15  2.033e-15  6.225e-15  FE_OFN70_n
 1.741e-14  4.642e-15  1.277e-14  FE_OFN69_resetn
  5.42e-15   4.25e-15   1.17e-15  FE_OFN68_b_3
 1.759e-14   8.39e-15  9.197e-15  FE_OFN67_n241
 1.771e-14  5.201e-15  1.251e-14  FE_OFN66_n241
 2.898e-14  1.196e-14  1.703e-14  FE_OFN65_FE_DBTN0_n238
 1.251e-14  2.311e-15   1.02e-14  FE_OFN61_FE_DBTN7_n257
 6.557e-15  1.457e-15    5.1e-15  FE_OFN60_FE_DBTN7_n257
 1.728e-14  1.052e-14  6.763e-15  FE_OFN59_FE_DBTN7_n257
 1.552e-14  3.359e-15  1.216e-14  FE_OFN58_FE_DBTN8_n255
 8.828e-15  2.181e-15  6.647e-15  FE_OFN57_FE_DBTN8_n255
 1.735e-14  7.757e-15  9.598e-15  FE_OFN56_FE_DBTN8_n255
 2.171e-14  8.054e-15  1.366e-14  FE_OFN54_FE_DBTN9_n253
  1.21e-14   3.08e-15  9.018e-15  FE_OFN53_FE_DBTN10_n246
  2.64e-14  1.579e-14  1.062e-14  FE_OFN52_FE_DBTN10_n246
 1.494e-14  3.372e-15  1.157e-14  FE_OFN43_FE_DBTN13_resetn
 1.285e-14  3.028e-15  9.819e-15  FE_OFN41_FE_DBTN13_resetn
 2.138e-14  1.203e-14  9.347e-15  FE_OFN40_FE_DBTN13_resetn
 8.749e-15  2.138e-15  6.611e-15  FE_OFN37_FE_DBTN13_resetn
 1.441e-14  4.474e-15  9.933e-15  FE_OFN36_FE_DBTN13_resetn
 1.165e-14   3.94e-15   7.71e-15  FE_OFN35_FE_DBTN13_resetn
 2.437e-14  9.748e-15  1.462e-14  FE_OFN34_resetn
 1.122e-14  1.704e-15  9.518e-15  FE_OFN32_resetn
 6.887e-15  1.994e-15  4.893e-15  FE_OFN31_resetn
 1.211e-14  4.872e-15  7.239e-15  FE_OFN30_resetn
 1.743e-14  6.652e-15  1.078e-14  FE_OFN29_resetn
 1.985e-14  7.695e-15  1.216e-14  FE_OFN28_resetn
 8.649e-15  1.075e-15  7.574e-15  FE_OFN27_resetn
 2.462e-14  1.265e-14  1.197e-14  FE_OFN26_resetn
 2.968e-14  1.746e-14  1.223e-14  FE_OFN25_resetn
 9.001e-15  3.168e-15  5.833e-15  FE_OFN24_resetn
 1.638e-14  3.886e-15  1.249e-14  FE_OFN22_resetn
 2.091e-14  9.788e-15  1.113e-14  FE_OFN21_resetn
 8.367e-15  1.922e-15  6.445e-15  FE_OFN18_resetn
 1.056e-14  3.713e-15  6.844e-15  FE_OFN17_resetn
 4.534e-14  2.266e-14  2.268e-14  FE_OFN16_resetn
 1.837e-14  2.788e-15  1.558e-14  FE_OFN15_resetn
 1.911e-14  1.054e-14  8.571e-15  FE_OFN13_FE_DBTN1_msb34_1
 1.122e-14  6.452e-15   4.77e-15  FE_OFN12_FE_DBTN1_msb34_1
 5.395e-15  8.588e-16  4.536e-15  FE_OFN11_FE_DBTN2_msb12_0
 1.095e-14  1.768e-15   9.18e-15  FE_OFN10_FE_DBTN2_msb12_0
  1.44e-14  6.825e-15  7.574e-15  FE_OFN9_FE_DBTN2_msb12_0
 1.577e-14  7.194e-15  8.571e-15  FE_OFN8_FE_DBTN3_msb12_1
 2.203e-14   1.36e-14  8.428e-15  FE_OFN7_FE_DBTN3_msb12_1
 1.553e-14  4.862e-15  1.066e-14  FE_OFN6_FE_DBTN4_lsb12_0
 1.579e-14  8.148e-15  7.645e-15  FE_OFN5_FE_DBTN4_lsb12_0
 1.545e-14  6.097e-15  9.354e-15  FE_OFN4_FE_DBTN6_lsb12_1
 1.559e-14  7.946e-15  7.645e-15  FE_OFN3_FE_DBTN6_lsb12_1
 1.911e-14  1.054e-14  8.571e-15  FE_OFN2_FE_DBTN11_msb34_0
 1.809e-14  9.523e-15  8.571e-15  FE_OFN1_FE_DBTN12_lsb34_0
 1.311e-14  5.468e-15  7.645e-15  FE_OFN0_FE_DBTN12_lsb34_0
 9.447e-15  1.873e-15  7.574e-15  FE_DBTN13_resetn
 6.292e-15    2.4e-15  3.892e-15  FE_DBTN12_lsb34_0
 1.683e-14  8.398e-15  8.428e-15  FE_DBTN11_msb34_0
 1.365e-14  3.446e-15   1.02e-14  FE_DBTN10_n246
 1.506e-14   7.41e-15   7.65e-15  FE_DBTN9_n253
  1.41e-14  1.376e-15  1.272e-14  FE_DBTN8_n255
 2.014e-14  8.222e-15  1.192e-14  FE_DBTN7_n257
 1.136e-14  7.464e-15  3.892e-15  FE_DBTN6_lsb12_1
  2.12e-14  1.058e-14  1.062e-14  FE_DBTN5_n243
 1.228e-14  8.389e-15  3.892e-15  FE_DBTN4_lsb12_0
 9.539e-15  4.769e-15   4.77e-15  FE_DBTN3_msb12_1
 2.088e-14  1.107e-14  9.808e-15  FE_DBTN2_msb12_0
 1.545e-14  4.926e-15  1.052e-14  FE_DBTN1_msb34_1
 2.996e-15  1.365e-15  1.631e-15  a[7]
 3.143e-15  1.512e-15  1.631e-15  a[6]
 2.909e-15  1.278e-15  1.631e-15  a[5]
 3.144e-15  1.513e-15  1.631e-15  a[4]
  3.14e-15  1.509e-15  1.631e-15  a[3]
 2.859e-15  1.228e-15  1.631e-15  a[2]
 3.045e-15  1.414e-15  1.631e-15  a[1]
 3.047e-15  1.416e-15  1.631e-15  a[0]
 3.124e-15  1.493e-15  1.631e-15  b[7]
 2.968e-15  1.337e-15  1.631e-15  b[6]
 3.533e-15  1.902e-15  1.631e-15  b[5]
 2.991e-15   1.36e-15  1.631e-15  b[4]
  3.03e-15  1.406e-15  1.624e-15  b[3]
 2.874e-15  1.243e-15  1.631e-15  b[2]
 2.869e-15  1.238e-15  1.631e-15  b[1]
 3.373e-15  1.742e-15  1.631e-15  b[0]
 8.104e-15  8.104e-15          0  result[15]
 8.285e-15  8.285e-15          0  result[14]
 6.993e-15  6.993e-15          0  result[13]
 7.158e-15  7.158e-15          0  result[12]
 7.287e-15  7.287e-15          0  result[11]
 6.972e-15  6.972e-15          0  result[10]
 6.938e-15  6.938e-15          0  result[9]
 6.722e-15  6.722e-15          0  result[8]
 7.982e-15  7.982e-15          0  result[7]
 7.263e-15  7.263e-15          0  result[6]
 7.741e-15  7.741e-15          0  result[5]
 7.957e-15  7.957e-15          0  result[4]
 9.002e-15  9.002e-15          0  result[3]
 8.861e-15  8.861e-15          0  result[2]
 8.978e-15  8.978e-15          0  result[1]
 8.849e-15  8.849e-15          0  result[0]
 5.858e-13  1.545e-13  4.313e-13  clk
 4.106e-15  1.091e-15  3.015e-15  resetn
 4.958e-15  1.171e-15  3.787e-15  lsb34_0_
 3.015e-15  1.384e-15  1.631e-15  sum_0_
 2.535e-15  9.816e-16  1.553e-15  sum1_0_
 4.619e-15  3.066e-15  1.553e-15  sum2_0_
 2.821e-15  1.268e-15  1.553e-15  sum3_0_
 2.346e-15  1.275e-15  1.071e-15  N2
  2.08e-15  1.009e-15  1.071e-15  N3
 1.866e-15  7.952e-16  1.071e-15  N4
 2.404e-15  1.333e-15  1.071e-15  N6
 2.974e-15  1.903e-15  1.071e-15  N7
 3.026e-15  1.955e-15  1.071e-15  N8
 1.851e-15  7.803e-16  1.071e-15  N9
 1.071e-14  8.564e-15  2.143e-15  N10
 3.099e-15  1.861e-15  1.238e-15  N11
 2.782e-15   6.39e-16  2.143e-15  N12
 3.032e-15   1.59e-15  1.442e-15  N13
 2.244e-15  8.017e-16  1.442e-15  N14
 3.074e-15  1.836e-15  1.238e-15  N15
  1.47e-15  2.316e-16  1.238e-15  N16
 1.965e-15  7.269e-16  1.238e-15  N17
  2.14e-15  9.021e-16  1.238e-15  N19
 2.039e-15  5.975e-16  1.442e-15  N20
 4.002e-15  1.859e-15  2.143e-15  N21
 3.706e-15  2.264e-15  1.442e-15  N22
 2.156e-15  9.178e-16  1.238e-15  N23
  2.79e-15  1.552e-15  1.238e-15  N24
 3.862e-15  2.624e-15  1.238e-15  N25
 4.414e-15  3.343e-15  1.071e-15  N26
 2.499e-15  1.428e-15  1.071e-15  N28
 2.025e-15  7.872e-16  1.238e-15  N29
 3.251e-15  1.108e-15  2.143e-15  N30
 5.482e-15  3.356e-15  2.126e-15  N31
 2.881e-15  1.643e-15  1.238e-15  N32
 1.962e-15  7.237e-16  1.238e-15  N33
 2.429e-15  1.191e-15  1.238e-15  N34
 2.537e-15  1.299e-15  1.238e-15  N35
 1.818e-15  5.797e-16  1.238e-15  N37
 2.754e-15  1.516e-15  1.238e-15  N38
 3.809e-15  2.571e-15  1.238e-15  N39
 3.017e-15  1.779e-15  1.238e-15  N40
 1.976e-15  7.379e-16  1.238e-15  N41
 2.175e-15   9.37e-16  1.238e-15  N42
 1.895e-15  6.566e-16  1.238e-15  N43
 1.343e-14  1.236e-14  1.071e-15  N44
 1.008e-14  7.939e-15  2.143e-15  N46
 3.032e-15   1.59e-15  1.442e-15  N47
 2.655e-15  5.123e-16  2.143e-15  N48
 2.488e-15  1.046e-15  1.442e-15  N49
 2.327e-15  8.855e-16  1.442e-15  N50
 2.973e-15  1.735e-15  1.238e-15  N51
 3.523e-15  2.285e-15  1.238e-15  N52
 3.206e-15  1.968e-15  1.238e-15  N53
 3.336e-15  1.894e-15  1.442e-15  N55
 2.492e-15   1.05e-15  1.442e-15  N56
 3.747e-15  1.604e-15  2.143e-15  N57
 2.898e-15  1.456e-15  1.442e-15  N58
 2.493e-15  1.255e-15  1.238e-15  N59
 1.846e-15  6.078e-16  1.238e-15  N60
 2.576e-15  1.338e-15  1.238e-15  N61
 4.452e-15  3.381e-15  1.071e-15  N62
 1.631e-15  5.595e-16  1.071e-15  N64
  3.07e-15  9.273e-16  2.143e-15  N66
 2.755e-15  1.313e-15  1.442e-15  N67
 2.637e-15  1.195e-15  1.442e-15  N68
 2.666e-15  1.428e-15  1.238e-15  N69
 2.234e-15  9.957e-16  1.238e-15  N70
 3.368e-15   2.13e-15  1.238e-15  N71
 2.097e-15   6.55e-16  1.442e-15  N73
  2.89e-15  7.472e-16  2.143e-15  N74
 5.849e-15  3.706e-15  2.143e-15  N75
 2.774e-15  1.332e-15  1.442e-15  N76
 1.517e-15   2.79e-16  1.238e-15  N77
 3.355e-15  2.117e-15  1.238e-15  N78
 2.363e-15  1.125e-15  1.238e-15  N79
  5.03e-15  3.959e-15  1.071e-15  N80
 2.845e-15  1.774e-15  1.071e-15  N82
 3.169e-15  2.098e-15  1.071e-15  N83
 3.438e-15  1.996e-15  1.442e-15  N84
  3.82e-15  1.677e-15  2.143e-15  N85
 2.967e-15  8.242e-16  2.143e-15  N86
 2.332e-15    8.9e-16  1.442e-15  N89
 3.749e-15  1.606e-15  2.143e-15  N90
 2.482e-15  1.244e-15  1.238e-15  N91
 3.922e-15  1.779e-15  2.143e-15  N94
 4.144e-15  2.001e-15  2.143e-15  N95
 3.188e-15  1.045e-15  2.143e-15  N96
 1.005e-14   8.61e-15  1.442e-15  N97
 3.822e-15   2.38e-15  1.442e-15  N98
 1.657e-14  1.513e-14  1.442e-15  N99
 6.527e-15  5.085e-15  1.442e-15  N100
 3.006e-15  8.629e-16  2.143e-15  N101
 3.011e-15   1.94e-15  1.071e-15  N102
 2.781e-15   1.71e-15  1.071e-15  N105
 3.942e-15  1.799e-15  2.143e-15  N106
 2.773e-15  6.305e-16  2.143e-15  N107
 3.424e-15  1.281e-15  2.143e-15  N108
 3.889e-15  1.746e-15  2.143e-15  N109
  2.15e-15  7.083e-16  1.442e-15  N110
 2.842e-15  6.989e-16  2.143e-15  N112
 2.605e-15  1.163e-15  1.442e-15  N113
 3.108e-15  9.652e-16  2.143e-15  N116
 3.076e-15  9.332e-16  2.143e-15  N117
 2.812e-15  6.685e-16  2.143e-15  N118
 9.126e-15  7.684e-15  1.442e-15  N119
  3.28e-15  1.137e-15  2.143e-15  N120
 1.543e-15  3.054e-16  1.238e-15  N122
 4.784e-15  3.713e-15  1.071e-15  N123
  5.99e-15  4.919e-15  1.071e-15  N124
 1.402e-15  3.306e-16  1.071e-15  N125
 1.878e-15  8.069e-16  1.071e-15  N126
 2.029e-15  9.582e-16  1.071e-15  N127
 1.118e-15  4.724e-17  1.071e-15  N128
 2.146e-15  1.075e-15  1.071e-15  N129
 2.196e-15  1.125e-15  1.071e-15  N130
 2.993e-15  1.922e-15  1.071e-15  N131
 2.185e-15  1.114e-15  1.071e-15  N132
 3.173e-15  2.102e-15  1.071e-15  N135
 3.759e-15  2.688e-15  1.071e-15  N136
 1.422e-15  1.843e-16  1.238e-15  N137
 1.422e-15  1.843e-16  1.238e-15  N138
 2.088e-15  8.504e-16  1.238e-15  N139
 3.047e-15  1.809e-15  1.238e-15  N141
 2.256e-15  1.018e-15  1.238e-15  N142
 1.564e-15   3.26e-16  1.238e-15  N143
 2.871e-15  7.284e-16  2.143e-15  N144
 3.762e-15  2.691e-15  1.071e-15  N145
 5.498e-15   4.26e-15  1.238e-15  N148
 4.644e-15  3.406e-15  1.238e-15  N149
 4.123e-15  2.681e-15  1.442e-15  N150
 3.015e-15  1.777e-15  1.238e-15  N151
 3.535e-15  2.297e-15  1.238e-15  N152
 3.382e-15   1.94e-15  1.442e-15  N153
 2.692e-15   5.49e-16  2.143e-15  N154
 4.337e-15  2.895e-15  1.442e-15  N155
 2.943e-15  1.872e-15  1.071e-15  N156
 3.963e-15   1.82e-15  2.143e-15  N157
 6.487e-15  1.553e-15  4.934e-15  intadd_0_SUM_3_
 9.498e-15  4.564e-15  4.934e-15  intadd_1_SUM_3_
 8.275e-15  8.209e-16  7.454e-15  intadd_1_SUM_2_
 1.033e-14  2.881e-15  7.454e-15  intadd_3_SUM_4_
 8.158e-15  7.038e-16  7.454e-15  intadd_4_SUM_3_
 7.565e-15  1.921e-15  5.644e-15  n780
 1.254e-14  5.346e-15  7.191e-15  n890
 5.013e-15  1.226e-15  3.787e-15  n970
 1.571e-14  5.964e-15  9.747e-15  n980
 1.023e-14   1.22e-15  9.006e-15  n990
 9.725e-15  8.942e-16  8.831e-15  n1000
 9.723e-15  4.358e-16  9.287e-15  n1010
 4.812e-15  6.013e-16  4.211e-15  n1020
 4.922e-15  9.446e-17  4.828e-15  n103
  3.32e-15  1.031e-15  2.289e-15  n104
 1.004e-14  1.146e-15  8.895e-15  n1050
 9.008e-15  1.517e-15  7.491e-15  n1060
 5.935e-15  2.582e-15  3.353e-15  n1070
 9.806e-15  7.996e-16  9.006e-15  n1080
  9.78e-15  9.488e-16  8.831e-15  n1090
 1.074e-14  1.458e-15  9.287e-15  n1100
 1.002e-14  1.013e-15  9.011e-15  n111
  7.99e-15   7.86e-16  7.204e-15  n1120
  4.14e-15  7.867e-16  3.353e-15  n1130
 1.056e-14  9.045e-16  9.654e-15  n114
  4.65e-15  1.029e-15  3.621e-15  n115
 3.528e-15  1.027e-16  3.425e-15  n1160
 3.479e-15  1.124e-15  2.355e-15  n1170
 1.815e-15  5.874e-16  1.228e-15  n1180
 5.457e-15   5.47e-16   4.91e-15  n1190
 9.808e-15  9.774e-16  8.831e-15  n1200
 1.006e-14   7.74e-16  9.287e-15  n121
 3.554e-15  1.199e-15  2.355e-15  n1220
 4.273e-15  3.045e-15  1.228e-15  n1230
 6.057e-15  1.147e-15   4.91e-15  n1240
 5.673e-15  1.153e-15   4.52e-15  n1250
 5.251e-15  7.781e-16  4.473e-15  n1260
 3.054e-15  6.977e-16  2.356e-15  n1270
 7.344e-15  6.554e-16  6.689e-15  n1280
  2.55e-15  8.126e-16  1.737e-15  n1290
 3.334e-15  7.836e-16   2.55e-15  n1300
 8.233e-15  1.471e-15  6.762e-15  n1310
 7.441e-15  1.342e-15  6.099e-15  n1320
 3.437e-15  1.081e-15  2.356e-15  n133
 1.017e-14  3.219e-15  6.954e-15  n134
 9.033e-15  2.104e-15  6.929e-15  n1350
 3.524e-15  1.167e-15  2.357e-15  n1360
 3.142e-15  6.918e-16   2.45e-15  n1370
 3.321e-15  7.715e-16   2.55e-15  n1380
 1.064e-14  1.811e-15  8.831e-15  n1390
 1.109e-14  1.803e-15  9.287e-15  n140
 4.099e-15  1.743e-15  2.356e-15  n1410
 6.443e-15  1.745e-15  4.698e-15  n1420
 5.323e-15  1.112e-15  4.211e-15  n1430
 5.424e-15  5.141e-16   4.91e-15  n1440
 6.403e-15  1.554e-15  4.849e-15  n1450
 4.902e-15  7.645e-16  4.138e-15  n146
 3.731e-15  3.778e-16  3.353e-15  n147
 5.703e-15   4.61e-16  5.242e-15  n1480
 7.235e-15  8.983e-16  6.337e-15  n1490
 3.252e-15  8.966e-16  2.355e-15  n1500
 6.751e-15  4.454e-15  2.297e-15  n1520
 3.312e-15  9.557e-16  2.356e-15  n1530
 5.801e-15  1.768e-15  4.033e-15  n1540
 3.097e-15  8.079e-16  2.289e-15  n1550
 8.038e-15  1.938e-15    6.1e-15  n1560
 4.689e-15  1.417e-15  3.272e-15  n1570
 5.427e-15   5.43e-16  4.884e-15  n158
 1.137e-14  2.909e-15  8.465e-15  n159
 2.965e-15  6.677e-16  2.297e-15  n160
 5.856e-15  1.336e-15   4.52e-15  n161
 6.256e-15  1.079e-15  5.177e-15  n162
 3.018e-15   6.62e-16  2.356e-15  n163
 6.007e-15  1.286e-15  4.721e-15  n164
 5.063e-15  8.518e-16  4.211e-15  n165
 5.714e-15  8.857e-16  4.828e-15  n166
 5.147e-15  6.273e-16   4.52e-15  n167
 5.248e-15  7.753e-16  4.473e-15  n168
 1.927e-14  9.201e-15  1.007e-14  n169
 3.226e-15  6.758e-16   2.55e-15  n170
 3.122e-15  6.715e-16   2.45e-15  n171
 3.639e-15  1.283e-15  2.356e-15  n172
 2.404e-15  5.134e-17  2.353e-15  n173
 8.839e-15  2.128e-15  6.711e-15  n174
 6.701e-15  2.032e-15  4.669e-15  n175
 2.847e-15  5.578e-16  2.289e-15  n176
 4.846e-15  2.482e-15  2.364e-15  n177
 3.076e-15  5.099e-16  2.566e-15  n178
 4.055e-15   5.38e-16  3.517e-15  n179
 1.206e-14  3.761e-15  8.296e-15  n180
  3.08e-15  7.245e-16  2.356e-15  n181
 1.454e-14  3.532e-15  1.101e-14  n182
 8.466e-15  1.943e-15  6.523e-15  n183
 3.166e-15  8.766e-16  2.289e-15  n184
 6.104e-15  1.255e-15  4.849e-15  n185
 4.921e-15  7.829e-16  4.138e-15  n186
  4.48e-15  2.183e-15  2.297e-15  n187
 1.022e-14  3.519e-15  6.702e-15  n188
 1.017e-14  1.723e-15  8.452e-15  n189
 1.445e-14  5.254e-15  9.192e-15  n190
 1.201e-14  4.964e-15   7.05e-15  n191
 3.279e-15  9.903e-16  2.289e-15  n192
 3.149e-15  7.853e-16  2.364e-15  n193
 4.015e-15  1.449e-15  2.566e-15  n194
 4.717e-15   2.42e-15  2.297e-15  n195
  1.77e-14  9.547e-15  8.157e-15  n196
 1.364e-14  2.672e-15  1.096e-14  n197
 9.031e-15  2.508e-15  6.523e-15  n198
 2.999e-15  7.099e-16  2.289e-15  n199
 9.797e-15  7.861e-16  9.011e-15  n200
 9.635e-15  2.431e-15  7.204e-15  n201
 7.382e-15  1.327e-15  6.055e-15  n202
 8.712e-15  2.189e-15  6.523e-15  n203
 1.214e-14   1.75e-15  1.039e-14  n204
 1.282e-14   1.57e-15  1.125e-14  n205
 1.207e-14  2.032e-15  1.004e-14  n206
 9.789e-15  7.785e-16  9.011e-15  n207
 8.329e-15  1.125e-15  7.204e-15  n208
 4.411e-15  1.058e-15  3.353e-15  n209
 1.023e-14  1.533e-15  8.697e-15  n210
 7.838e-15  1.315e-15  6.523e-15  n211
  2.86e-15  5.711e-16  2.289e-15  n212
 2.879e-15  8.188e-16   2.06e-15  n213
 1.596e-14  4.594e-15  1.136e-14  n214
 3.131e-15  6.795e-16  2.452e-15  n215
 4.164e-15  1.614e-15   2.55e-15  n216
 9.038e-15  6.488e-15   2.55e-15  n217
 7.928e-15  5.378e-15   2.55e-15  n218
 8.577e-15  1.394e-15  7.183e-15  n219
 2.726e-15  2.742e-16  2.452e-15  n220
 7.444e-15  4.894e-15   2.55e-15  n221
 9.499e-15  2.316e-15  7.183e-15  n222
 3.645e-15  1.193e-15  2.452e-15  n223
 9.308e-15  6.758e-15   2.55e-15  n224
 1.405e-14  2.043e-15  1.201e-14  n225
 3.975e-15  1.523e-15  2.452e-15  n226
 3.975e-15  1.425e-15   2.55e-15  n227
 1.294e-14  9.266e-16  1.201e-14  n228
 3.384e-15  9.324e-16  2.452e-15  n229
 1.269e-14  1.014e-14   2.55e-15  n231
 1.313e-14  1.058e-14   2.55e-15  n232
 1.437e-14  1.182e-14   2.55e-15  n233
 1.329e-14  1.174e-14  1.547e-15  n234
  9.72e-15   1.46e-15   8.26e-15  n235
 3.384e-15  1.095e-15  2.289e-15  n236
 2.405e-15  7.886e-16  1.616e-15  n237
 1.515e-14  4.981e-15  1.017e-14  n238
 5.871e-15  2.085e-15  3.787e-15  n241
 1.051e-14   1.79e-15  8.724e-15  n243
 1.751e-14  1.132e-14  6.188e-15  n245
 1.494e-14  1.334e-15  1.361e-14  n246
 1.059e-14  4.168e-16  1.017e-14  n253
 8.475e-15  1.655e-15   6.82e-15  n255
 7.645e-15  8.252e-16   6.82e-15  n257
 1.054e-14  1.847e-15  8.697e-15  n258
 7.616e-15  1.279e-15  6.337e-15  n259
 3.001e-15  6.447e-16  2.356e-15  n260
 1.119e-14  2.022e-15  9.171e-15  n261
 8.068e-15  1.545e-15  6.523e-15  n262
 3.041e-15  7.524e-16  2.289e-15  n263
 4.504e-15   2.14e-15  2.364e-15  n264
  3.17e-15  6.042e-16  2.566e-15  n265
  8.82e-15  2.422e-15  6.398e-15  n266
 8.734e-15  2.565e-15  6.169e-15  n267
  5.57e-15  1.813e-15  3.757e-15  n268
  8.76e-15  2.049e-15  6.711e-15  n269
 6.309e-15   1.64e-15  4.669e-15  n270
 3.105e-15  8.164e-16  2.289e-15  n271
 3.709e-15  1.354e-15  2.355e-15  n272
 2.972e-15  5.204e-16  2.452e-15  n273
 1.294e-14  3.808e-15  9.133e-15  n274
 7.085e-15  2.443e-15  4.642e-15  n275
 3.262e-15  9.068e-16  2.355e-15  n276
 1.017e-14  2.092e-15  8.075e-15  n277
 2.312e-15  7.588e-16  1.553e-15  n278
 6.002e-15  1.741e-15  4.261e-15  n282
  5.84e-15  9.908e-16  4.849e-15  n283
 5.663e-15  1.525e-15  4.138e-15  n284
 1.085e-14  2.397e-15   8.45e-15  n285
   1.2e-14  2.718e-15  9.277e-15  n286
 2.998e-15  7.085e-16  2.289e-15  n287
  1.15e-14  3.965e-15  7.532e-15  n288
  4.19e-15  1.738e-15  2.452e-15  n289
 7.279e-15   9.42e-16  6.337e-15  n290
 5.145e-15  6.252e-16   4.52e-15  n291
 1.112e-14  2.027e-15  9.089e-15  n292
 8.827e-15  2.304e-15  6.523e-15  n293
 3.472e-15  1.183e-15  2.289e-15  n294
 4.137e-15  1.773e-15  2.364e-15  n295
 3.652e-15  1.086e-15  2.566e-15  n296
 6.555e-15  1.923e-15  4.632e-15  n297
 6.273e-15  1.157e-15  5.116e-15  n298
 5.273e-15  3.886e-16  4.884e-15  n299
 5.223e-15  9.347e-16  4.288e-15  n300
 1.137e-14  2.404e-15  8.964e-15  n301
 9.057e-15  2.949e-15  6.108e-15  n302
 3.663e-15  1.211e-15  2.452e-15  n303
 8.979e-15  3.058e-15  5.921e-15  n304
     1e-14  2.786e-15  7.219e-15  n305
 2.959e-15  6.705e-16  2.289e-15  n306
 3.649e-15  1.285e-15  2.364e-15  n307
 6.176e-15   1.16e-15  5.016e-15  n308
  9.37e-15  2.497e-15  6.873e-15  n309
  7.92e-15  1.158e-15  6.762e-15  n310
 1.202e-14  1.977e-15  1.004e-14  n311
 7.698e-15   1.74e-15  5.958e-15  n312
 5.977e-15   1.96e-15  4.017e-15  n313
 2.992e-15  7.029e-16  2.289e-15  n314
 3.563e-15  1.208e-15  2.355e-15  n315
 2.992e-15  5.404e-16  2.452e-15  n316
 9.817e-15  2.893e-15  6.924e-15  n317
 9.219e-15  2.924e-15  6.295e-15  n318
 3.102e-15  8.133e-16  2.289e-15  n319
 3.182e-15  8.176e-16  2.364e-15  n320
 7.863e-15  2.847e-15  5.016e-15  n321
 2.878e-14  1.928e-14    9.5e-15  n322
  9.81e-15  2.881e-15  6.929e-15  n323
 8.115e-15  1.353e-15  6.762e-15  n324
 7.258e-15  1.159e-15  6.099e-15  n325
 9.155e-15  2.201e-15  6.954e-15  n326
 9.668e-15  6.566e-16  9.011e-15  n327
 8.154e-15  9.496e-16  7.204e-15  n328
   9.4e-15  6.047e-15  3.353e-15  n329
 1.281e-14  1.888e-15  1.093e-14  n330
 4.702e-15  1.817e-16   4.52e-15  n331
 8.733e-15  1.971e-15  6.762e-15  n332
 1.393e-14  2.969e-15  1.096e-14  n334
 7.938e-15  1.415e-15  6.523e-15  n335
 2.383e-15  9.446e-17  2.289e-15  n336
 5.732e-15  8.829e-16  4.849e-15  n337
 4.684e-15   5.46e-16  4.138e-15  n338
 4.903e-15  1.354e-16  4.768e-15  n339
 6.213e-15   1.67e-15  4.543e-15  n340
 3.097e-15  7.405e-16  2.356e-15  n341
 8.633e-15  1.991e-15  6.642e-15  n342
 6.937e-15  2.268e-15  4.669e-15  n343
   2.8e-15   5.11e-16  2.289e-15  n344
 4.783e-15  2.419e-15  2.364e-15  n345
 2.857e-15  2.914e-16  2.566e-15  n346
 7.742e-15  5.445e-15  2.297e-15  n348
 8.972e-15  2.473e-15  6.499e-15  n349
 5.878e-15  1.236e-15  4.642e-15  n350
 2.828e-15   4.73e-16  2.355e-15  n351
 1.186e-14  1.826e-15  1.004e-14  n352
 7.162e-15  5.934e-15  1.228e-15  n353
  6.92e-15  3.153e-15  3.767e-15  n354
 5.798e-15  1.255e-15  4.543e-15  n355
 3.451e-15  1.095e-15  2.356e-15  n356
 8.563e-15  2.108e-15  6.455e-15  n357
 6.399e-15   1.73e-15  4.669e-15  n358
 3.177e-15  8.882e-16  2.289e-15  n359
 2.255e-15  6.388e-16  1.616e-15  n360
 2.858e-15  7.979e-16   2.06e-15  n361
 2.439e-15  1.211e-15  1.228e-15  n362
 8.392e-15  1.706e-15  6.686e-15  n363
 5.976e-15  1.334e-15  4.642e-15  n364
 3.528e-15  1.173e-15  2.355e-15  n365
 1.757e-14  3.455e-15  1.412e-14  n366
 2.336e-15  1.108e-15  1.228e-15  n368
  7.85e-15  1.513e-15  6.337e-15  n369
 5.703e-15  1.421e-15  4.282e-15  n370
 6.496e-15  1.827e-15  4.669e-15  n371
 1.083e-14  2.329e-15  8.505e-15  n372
 3.908e-15  1.552e-15  2.356e-15  n373
 5.685e-15   1.02e-15  4.665e-15  n374
 7.857e-15  1.661e-15  6.196e-15  n375
 5.493e-15  1.282e-15  4.211e-15  n376
 5.063e-15  2.354e-16  4.828e-15  n377
 2.091e-14  7.306e-15  1.361e-14  n378
 3.425e-15  8.753e-16   2.55e-15  n381
 9.539e-15  1.908e-15  7.631e-15  n382
 1.093e-14   4.03e-15  6.899e-15  n383
 4.637e-15  8.496e-16  3.787e-15  n384
  1.11e-14  2.792e-15  8.304e-15  n385
 5.369e-15  1.474e-15  3.895e-15  n386
 2.978e-15  6.233e-16  2.355e-15  n387
 6.169e-15  2.329e-15   3.84e-15  n388
  3.65e-15  2.422e-15  1.228e-15  n389
 1.277e-14  3.556e-15  9.215e-15  n390
 9.547e-15  2.785e-15  6.762e-15  n391
  2.93e-15  5.753e-16  2.355e-15  n392
 1.031e-14  2.679e-15  7.629e-15  n393
 2.471e-15  1.243e-15  1.228e-15  n394
 8.981e-15  2.479e-15  6.502e-15  n395
 3.488e-15  1.132e-15  2.356e-15  n396
  1.41e-14   3.09e-15  1.101e-14  n397
 8.557e-15  2.034e-15  6.523e-15  n398
 2.484e-15  1.955e-16  2.289e-15  n399
 4.895e-15  2.531e-15  2.364e-15  n400
   2.9e-15  3.345e-16  2.566e-15  n401
 8.627e-15  7.399e-15  1.228e-15  n402
 1.353e-14  4.399e-15  9.133e-15  n403
 5.807e-15  1.165e-15  4.642e-15  n404
 3.461e-15  1.106e-15  2.355e-15  n405
 1.899e-14   4.87e-15  1.412e-14  n406
  8.83e-15  7.602e-15  1.228e-15  n408
 6.559e-15  1.917e-15  4.642e-15  n409
  5.12e-15  8.153e-16  4.305e-15  n410
 2.615e-15  2.589e-16  2.356e-15  n411
  8.95e-15  1.996e-15  6.954e-15  n412
 7.022e-15  2.257e-15  4.765e-15  n413
 5.072e-15  8.613e-16  4.211e-15  n414
 6.254e-15  1.426e-15  4.828e-15  n415
  5.09e-15  1.801e-16   4.91e-15  n416
 1.698e-14  7.479e-15    9.5e-15  n417
  5.65e-15  1.141e-15  4.509e-15  n418
 8.868e-15  2.438e-15   6.43e-15  n419
 5.424e-15  9.039e-16   4.52e-15  n420
 8.601e-15  1.839e-15  6.762e-15  n421
 2.489e-14  1.107e-14  1.382e-14  n422
 1.126e-14  2.468e-15  8.787e-15  n423
 6.124e-15  1.455e-15  4.669e-15  n424
 2.941e-15  6.521e-16  2.289e-15  n425
 5.442e-15  5.927e-16  4.849e-15  n426
 4.991e-15  8.535e-16  4.138e-15  n427
 6.489e-15  3.136e-15  3.353e-15  n429
 7.556e-15  1.219e-15  6.337e-15  n430
 3.249e-15  8.932e-16  2.356e-15  n431
 8.973e-15  2.331e-15  6.642e-15  n432
 6.379e-15   1.71e-15  4.669e-15  n433
 2.918e-15  6.294e-16  2.289e-15  n434
 2.681e-15  1.065e-15  1.616e-15  n435
 4.329e-15  2.269e-15   2.06e-15  n436
 1.741e-15  5.127e-16  1.228e-15  n437
 8.941e-15  2.186e-15  6.755e-15  n438
  5.92e-15  1.278e-15  4.642e-15  n439
 3.903e-15  1.548e-15  2.355e-15  n440
 1.152e-14  3.094e-15  8.426e-15  n441
 2.327e-15  1.099e-15  1.228e-15  n443
 8.843e-15  2.081e-15  6.762e-15  n444
 8.534e-15  2.435e-15  6.099e-15  n445
 5.566e-15  1.046e-15   4.52e-15  n446
 1.204e-14   2.97e-15  9.074e-15  n447
 1.216e-14  2.464e-15  9.697e-15  n448
 5.363e-15  1.152e-15  4.211e-15  n449
 2.585e-14  1.412e-14  1.173e-14  n450
 5.063e-15  2.354e-16  4.828e-15  n451
 9.525e-15  3.592e-15  5.933e-15  n453
 1.003e-14  1.731e-15  8.296e-15  n456
 3.032e-15   6.76e-16  2.356e-15  n457
 1.396e-14  2.775e-15  1.118e-14  n458
  7.69e-15  1.167e-15  6.523e-15  n459
 3.043e-15  7.544e-16  2.289e-15  n460
  4.81e-15  2.446e-15  2.364e-15  n461
 2.857e-15  2.914e-16  2.566e-15  n462
 4.117e-15  2.889e-15  1.228e-15  n463
 1.368e-14  2.669e-15  1.101e-14  n464
  6.26e-15  1.618e-15  4.642e-15  n465
 2.866e-15  5.106e-16  2.355e-15  n466
 1.785e-14  3.731e-15  1.412e-14  n467
 5.155e-15  3.927e-15  1.228e-15  n468
 1.382e-14  4.684e-15  9.133e-15  n469
 5.955e-15  1.313e-15  4.642e-15  n470
 3.049e-15  6.936e-16  2.355e-15  n471
 1.336e-14  3.681e-15  9.679e-15  n472
 3.668e-15   2.44e-15  1.228e-15  n473
 1.612e-14  3.082e-15  1.304e-14  n474
 1.406e-14  2.799e-15  1.126e-14  n475
 7.777e-15  1.254e-15  6.523e-15  n476
 2.383e-15  9.446e-17  2.289e-15  n477
 7.768e-15  2.375e-15  5.393e-15  n478
 4.801e-15  1.529e-15  3.272e-15  n479
 1.464e-14  1.234e-14  2.297e-15  n480
 1.341e-14  3.543e-15  9.866e-15  n481
  1.36e-14  4.099e-15  9.497e-15  n482
 2.907e-15  6.176e-16  2.289e-15  n483
 3.324e-15  9.598e-16  2.364e-15  n484
 6.158e-15  1.142e-15  5.016e-15  n485
 1.348e-14  1.225e-14  1.228e-15  n487
 9.887e-15  1.272e-15  8.615e-15  n488
 7.242e-15  7.189e-16  6.523e-15  n489
 3.099e-15  8.101e-16  2.289e-15  n490
  4.08e-15  1.514e-15  2.566e-15  n491
 1.243e-14   1.12e-14  1.228e-15  n493
 1.109e-14  2.183e-15  8.905e-15  n494
 2.367e-15   8.14e-16  1.553e-15  n495
  1.15e-14  1.027e-14  1.228e-15  n497
 1.422e-15  1.843e-16  1.238e-15  n511
 3.151e-15  1.913e-15  1.238e-15  n512
 2.299e-15  1.228e-15  1.071e-15  n513
  3.23e-15  2.159e-15  1.071e-15  n514
 3.925e-15  1.782e-15  2.143e-15  n515
 2.129e-15  6.871e-16  1.442e-15  n516
  1.21e-15  1.389e-16  1.071e-15  n517
 1.312e-14  4.045e-15  9.072e-15  n521
 5.527e-15   1.74e-15  3.787e-15  lsb12[1]
 3.834e-15  4.724e-17  3.787e-15  lsb12[0]
 5.247e-15   1.46e-15  3.787e-15  msb12[1]
 3.929e-15  1.417e-16  3.787e-15  msb12[0]
 5.316e-15  1.529e-15  3.787e-15  msb34[1]
 6.729e-15  2.312e-15  4.417e-15  msb34[0]
 5.372e-15  1.672e-15    3.7e-15  pip_pp[14]
 5.877e-15  1.538e-15  4.339e-15  pip_pp[13]
 1.028e-14   3.61e-15  6.674e-15  pip_pp[12]
 6.357e-15  1.777e-15   4.58e-15  pip_pp[11]
 7.862e-15  1.188e-15  6.674e-15  pip_pp[10]
 8.205e-15  1.573e-15  6.632e-15  pip_pp[9]
 1.227e-14  3.021e-15   9.25e-15  pip_pp[8]
 8.026e-15  1.397e-15  6.629e-15  pip_pp[7]
 6.346e-15  2.044e-15  4.302e-15  pip_pp[6]
  9.13e-15  2.332e-15  6.798e-15  pip_pp[5]
   6.6e-15  1.761e-15  4.839e-15  pip_pp[4]
 9.627e-15  2.829e-15  6.798e-15  pip_pp[3]
 7.689e-15  9.617e-16  6.727e-15  pip_pp[2]
 1.149e-14  2.458e-15  9.029e-15  pip_pp[1]
 7.622e-15  9.032e-16  6.719e-15  pip_pp[0]
 1.588e-14  4.997e-15  1.088e-14  pip_pp1[14]
 6.861e-15  2.522e-15  4.339e-15  pip_pp1[13]
  9.12e-15  2.446e-15  6.674e-15  pip_pp1[12]
 7.241e-15  2.661e-15   4.58e-15  pip_pp1[11]
 7.402e-15  7.282e-16  6.674e-15  pip_pp1[10]
 5.696e-15  1.116e-15   4.58e-15  pip_pp1[9]
 1.233e-14  3.079e-15   9.25e-15  pip_pp1[8]
 7.965e-15  1.336e-15  6.629e-15  pip_pp1[7]
 6.323e-15  2.021e-15  4.302e-15  pip_pp1[6]
 8.404e-15  1.606e-15  6.798e-15  pip_pp1[5]
 6.691e-15  1.852e-15  4.839e-15  pip_pp1[4]
 8.454e-15  1.656e-15  6.798e-15  pip_pp1[3]
 6.242e-15  1.403e-15  4.839e-15  pip_pp1[2]
 1.202e-14  2.989e-15  9.029e-15  pip_pp1[1]
 8.409e-15   1.69e-15  6.719e-15  pip_pp1[0]
 1.219e-14  1.309e-15  1.088e-14  pip_pp2[14]
 5.387e-15  1.048e-15  4.339e-15  pip_pp2[13]
 9.154e-15   2.48e-15  6.674e-15  pip_pp2[12]
 6.146e-15  1.566e-15   4.58e-15  pip_pp2[11]
  7.76e-15  1.086e-15  6.674e-15  pip_pp2[10]
 7.061e-15  2.481e-15   4.58e-15  pip_pp2[9]
 1.097e-14    1.7e-15  9.273e-15  pip_pp2[8]
 9.168e-15  2.539e-15  6.629e-15  pip_pp2[7]
 6.939e-15  2.637e-15  4.302e-15  pip_pp2[6]
 1.044e-14  3.646e-15  6.798e-15  pip_pp2[5]
 6.807e-15  1.968e-15  4.839e-15  pip_pp2[4]
  8.52e-15  1.722e-15  6.798e-15  pip_pp2[3]
 6.487e-15  1.648e-15  4.839e-15  pip_pp2[2]
 1.166e-14  2.653e-15  9.006e-15  pip_pp2[1]
 8.933e-15  2.214e-15  6.719e-15  pip_pp2[0]
  1.04e-14   4.01e-15  6.391e-15  pip_pp3[14]
 5.848e-15  1.509e-15  4.339e-15  pip_pp3[13]
 7.368e-15  6.941e-16  6.674e-15  pip_pp3[12]
 7.183e-15  2.603e-15   4.58e-15  pip_pp3[11]
 1.267e-14  2.183e-15  1.048e-14  pip_pp3[10]
 9.743e-15  1.017e-15  8.726e-15  pip_pp3[9]
 1.232e-14  3.046e-15  9.273e-15  pip_pp3[8]
 8.622e-15  1.993e-15  6.629e-15  pip_pp3[7]
 6.712e-15   2.41e-15  4.302e-15  pip_pp3[6]
 1.288e-14  6.079e-15  6.798e-15  pip_pp3[5]
 6.722e-15  1.883e-15  4.839e-15  pip_pp3[4]
 1.273e-14  1.292e-15  1.144e-14  pip_pp3[3]
 1.033e-14  1.647e-15  8.686e-15  pip_pp3[2]
 1.243e-14  3.428e-15  9.006e-15  pip_pp3[1]
  8.04e-15  1.321e-15  6.719e-15  pip_pp3[0]
 7.691e-15  1.017e-15  6.674e-15  pip_sum[9]
 5.538e-15  9.582e-16   4.58e-15  pip_sum[8]
 8.005e-15  1.331e-15  6.674e-15  pip_sum[7]
 5.276e-15  6.958e-16   4.58e-15  pip_sum[6]
 1.302e-14  2.534e-15  1.048e-14  pip_sum[5]
 1.157e-14  2.849e-15  8.726e-15  pip_sum[4]
 1.108e-14  1.803e-15  9.273e-15  pip_sum[3]
 8.958e-15  2.329e-15  6.629e-15  pip_sum[2]
 5.152e-15  1.465e-15  3.687e-15  pip_sum1[9]
 7.866e-15  9.683e-16  6.898e-15  pip_sum1[8]
 9.162e-15  2.364e-15  6.798e-15  pip_sum1[7]
 7.258e-15  2.419e-15  4.839e-15  pip_sum1[6]
 1.535e-14   8.55e-15  6.798e-15  pip_sum1[5]
 8.499e-15   3.66e-15  4.839e-15  pip_sum1[4]
 1.781e-14  6.365e-15  1.144e-14  pip_sum1[3]
 1.166e-14  2.979e-15  8.686e-15  pip_sum1[2]
 1.119e-14  2.183e-15  9.006e-15  pip_sum1[1]
 7.997e-15  1.278e-15  6.719e-15  pip_sum1[0]
 9.443e-15  2.645e-15  6.798e-15  pip_sum2[9]
 8.438e-15   1.64e-15  6.798e-15  pip_sum2[8]
  9.19e-15  2.392e-15  6.798e-15  pip_sum2[7]
 1.093e-14  2.249e-15  8.686e-15  pip_sum2[6]
 1.274e-14    1.3e-15  1.144e-14  pip_sum2[5]
 1.525e-14  1.921e-15  1.333e-14  pip_sum2[4]
 1.347e-14   1.12e-15  1.235e-14  pip_sum2[3]
 7.486e-15    1.8e-15  5.686e-15  pip_sum2[2]
 3.881e-15  9.446e-17  3.787e-15  pip_sum3[9]
  9.65e-15  1.499e-15  8.151e-15  pip_sum3[8]
 7.968e-15  1.294e-15  6.674e-15  pip_sum3[7]
 1.016e-14  3.487e-15  6.674e-15  pip_sum3[6]
 9.428e-15  2.754e-15  6.674e-15  pip_sum3[5]
 1.342e-14  4.689e-15  8.726e-15  pip_sum3[4]
 1.206e-14  1.576e-15  1.048e-14  pip_sum3[3]
 1.443e-14  1.893e-15  1.254e-14  pip_sum3[2]
 1.614e-14   2.62e-15  1.352e-14  pip_sum3[1]
 7.402e-15  1.735e-15  5.667e-15  pip_sum3[0]
 5.441e-15   2.27e-15  3.171e-15  delay_a[7]
 1.884e-14  1.426e-14  4.578e-15  delay_a[6]
 2.419e-15  5.342e-16  1.885e-15  delay_a[5]
 2.849e-15  9.636e-16  1.885e-15  delay_a[4]
   3.4e-15  4.724e-17  3.353e-15  delay_a[3]
 2.776e-15  8.914e-16  1.885e-15  delay_a[2]
 5.237e-15   1.06e-15  4.177e-15  delay_a[1]
 6.503e-15   3.15e-15  3.353e-15  delay_a[0]
 6.546e-15  1.707e-15  4.839e-15  pip_sum_sum[12]
 6.953e-15  2.114e-15  4.839e-15  pip_sum_sum[11]
 6.935e-15  2.096e-15  4.839e-15  pip_sum_sum[10]
 9.142e-15  2.344e-15  6.798e-15  pip_sum_sum[9]
 6.497e-15  1.658e-15  4.839e-15  pip_sum_sum[8]
 8.438e-15  3.599e-15  4.839e-15  pip_sum_sum[7]
 6.848e-15  2.009e-15  4.839e-15  pip_sum_sum[6]
 8.655e-15  1.857e-15  6.798e-15  pip_sum_sum[5]
 6.266e-15  2.468e-15  3.798e-15  pip_sum_sum[4]
  4.92e-15  1.133e-15  3.787e-15  pip_sum_sum1[11]
  4.07e-15  2.834e-16  3.787e-15  pip_sum_sum1[10]
 5.573e-15  1.786e-15  3.787e-15  pip_sum_sum1[9]
 7.169e-15  2.589e-15   4.58e-15  pip_sum_sum1[8]
 6.167e-15  1.587e-15   4.58e-15  pip_sum_sum1[7]
 5.481e-15  9.005e-16   4.58e-15  pip_sum_sum1[6]
 7.777e-15  1.103e-15  6.674e-15  pip_sum_sum1[5]
 5.421e-15  8.414e-16   4.58e-15  pip_sum_sum1[4]
 6.825e-15  2.245e-15   4.58e-15  pip_sum_sum1[3]
 6.723e-15  2.143e-15   4.58e-15  pip_sum_sum1[2]
 8.564e-15   1.89e-15  6.674e-15  pip_sum_sum1[1]
 6.697e-15  3.082e-15  3.615e-15  pip_sum_sum1[0]
 2.608e-15  1.055e-15  1.553e-15  sum_sum[1]
 2.155e-15   6.02e-16  1.553e-15  sum_sum[0]
 3.535e-15  1.982e-15  1.553e-15  sum_sum1[1]
 2.776e-15  1.223e-15  1.553e-15  sum_sum1[0]


-----------------------------------------------------------------------------------------
*	Power Distribution Summary: 
*                Highest Average Power:           pip_sum3_reg_6_ (MDFFHQX4TS):        8.951e-08 
*                Highest Leakage Power:           pip_sum3_reg_6_ (MDFFHQX4TS):        8.951e-08 
*          Total Cap:      5.8275e-12 F
*          Total instances in design:   770
*          Total instances in design with no power:     0
*          Total instances in design with no activity:     0
*          Total Fillers and Decap:     0
-----------------------------------------------------------------------------------------

Total leakage power = 1.18701e-05 mW
Cell usage statistics:  
Library scx3_cmos8rf_lpvt_tt_1p2v_25c , 770 cells ( 100.000000%) , 1.18701e-05 mW ( 100.000000%  ) 
